<?xml version="1.0" encoding="ISO-8859-1" standalone="yes" ?>
<test-results name="ZTestAll.exe" total="636" not-run="0" date="21.01.2018" time="16:30:27">
<test-suite name="core" total="80" not-run="0">
  <results>
<test-suite name="core.TZTestSysUtilsCase" total="17" not-run="0">
  <results>
    <test-case name="ZTestAll.exe.core.TZTestSysUtilsCase.TestBufferToStr" executed="True" success="True" time="0,000" result="Pass"/>
    <test-case name="ZTestAll.exe.core.TZTestSysUtilsCase.TestFirstDelimiter" executed="True" success="True" time="0,000" result="Pass"/>
    <test-case name="ZTestAll.exe.core.TZTestSysUtilsCase.TestIsIpAddr" executed="True" success="True" time="0,000" result="Pass"/>
    <test-case name="ZTestAll.exe.core.TZTestSysUtilsCase.TestSqlStrToFloatDef" executed="True" success="True" time="0,000" result="Pass"/>
    <test-case name="ZTestAll.exe.core.TZTestSysUtilsCase.TestStrToBoolEx" executed="True" success="True" time="0,000" result="Pass"/>
    <test-case name="ZTestAll.exe.core.TZTestSysUtilsCase.TestObjectComparison" executed="True" success="True" time="0,000" result="Pass"/>
    <test-case name="ZTestAll.exe.core.TZTestSysUtilsCase.TestReplaceChar" executed="True" success="True" time="0,000" result="Pass"/>
    <test-case name="ZTestAll.exe.core.TZTestSysUtilsCase.TestMatch" executed="True" success="True" time="0,000" result="Pass"/>
    <test-case name="ZTestAll.exe.core.TZTestSysUtilsCase.TestRawSQLDateToDateTime" executed="True" success="True" time="0,000" result="Pass"/>
    <test-case name="ZTestAll.exe.core.TZTestSysUtilsCase.TestRawSQLTimeToDateTime" executed="True" success="True" time="0,000" result="Pass"/>
    <test-case name="ZTestAll.exe.core.TZTestSysUtilsCase.TestRawSQLTimeStampToDateTime" executed="True" success="True" time="0,000" result="Pass"/>
    <test-case name="ZTestAll.exe.core.TZTestSysUtilsCase.TestDateTimeToRawSQLDate" executed="True" success="True" time="0,000" result="Pass"/>
    <test-case name="ZTestAll.exe.core.TZTestSysUtilsCase.TestDateTimeToUnicodeSQLDate" executed="True" success="True" time="0,000" result="Pass"/>
    <test-case name="ZTestAll.exe.core.TZTestSysUtilsCase.TestDateTimeToRawSQLTime" executed="True" success="True" time="0,000" result="Pass"/>
    <test-case name="ZTestAll.exe.core.TZTestSysUtilsCase.TestDateTimeToUnicodeSQLTime" executed="True" success="True" time="0,000" result="Pass"/>
    <test-case name="ZTestAll.exe.core.TZTestSysUtilsCase.TestDateTimeToRawSQLTimeStamp" executed="True" success="True" time="0,000" result="Pass"/>
    <test-case name="ZTestAll.exe.core.TZTestSysUtilsCase.TestDateTimeToUnicodeSQLTimeStamp" executed="True" success="True" time="0,000" result="Pass"/>
  </results>
</test-suite>
<test-suite name="core.TZTestListCase" total="2" not-run="0">
  <results>
    <test-case name="ZTestAll.exe.core.TZTestListCase.TestPerformanceStandardList" executed="True" success="True" time="0,004" result="Pass"/>
    <test-case name="ZTestAll.exe.core.TZTestListCase.TestPerformanceItemList" executed="True" success="True" time="0,000" result="Pass"/>
  </results>
</test-suite>
<test-suite name="core.TZTestPortableSQLTestCase" total="3" not-run="0">
  <results>
    <test-case name="ZTestAll.exe.core.TZTestPortableSQLTestCase.TestOne" executed="True" success="True" time="0,000" result="Pass"/>
    <test-case name="ZTestAll.exe.core.TZTestPortableSQLTestCase.TestOne" executed="True" success="True" time="0,000" result="Pass"/>
    <test-case name="ZTestAll.exe.core.TZTestPortableSQLTestCase.TestOne" executed="True" success="True" time="0,000" result="Pass"/>
    <test-case name="ZTestAll.exe.core.TZTestPortableSQLTestCase.TestOne" executed="True" success="True" time="0,000" result="Pass"/>
    <test-case name="ZTestAll.exe.core.TZTestPortableSQLTestCase.TestOne" executed="True" success="True" time="0,000" result="Pass"/>
    <test-case name="ZTestAll.exe.core.TZTestPortableSQLTestCase.TestTwo" executed="True" success="True" time="0,000" result="Pass"/>
    <test-case name="ZTestAll.exe.core.TZTestPortableSQLTestCase.TestTwo" executed="True" success="True" time="0,000" result="Pass"/>
    <test-case name="ZTestAll.exe.core.TZTestPortableSQLTestCase.TestTwo" executed="True" success="True" time="0,000" result="Pass"/>
    <test-case name="ZTestAll.exe.core.TZTestPortableSQLTestCase.TestTwo" executed="True" success="True" time="0,000" result="Pass"/>
    <test-case name="ZTestAll.exe.core.TZTestPortableSQLTestCase.TestTwo" executed="True" success="True" time="0,000" result="Pass"/>
    <test-case name="ZTestAll.exe.core.TZTestPortableSQLTestCase.TestTree" executed="True" success="True" time="0,000" result="Pass"/>
    <test-case name="ZTestAll.exe.core.TZTestPortableSQLTestCase.TestTree" executed="True" success="True" time="0,000" result="Pass"/>
    <test-case name="ZTestAll.exe.core.TZTestPortableSQLTestCase.TestTree" executed="True" success="True" time="0,000" result="Pass"/>
    <test-case name="ZTestAll.exe.core.TZTestPortableSQLTestCase.TestTree" executed="True" success="True" time="0,000" result="Pass"/>
    <test-case name="ZTestAll.exe.core.TZTestPortableSQLTestCase.TestTree" executed="True" success="True" time="0,000" result="Pass"/>
  </results>
</test-suite>
<test-suite name="core.TZTestSpecificSQLTestCase" total="3" not-run="0">
  <results>
    <test-case name="ZTestAll.exe.core.TZTestSpecificSQLTestCase.TestOne" executed="True" success="True" time="0,000" result="Pass"/>
    <test-case name="ZTestAll.exe.core.TZTestSpecificSQLTestCase.TestTwo" executed="True" success="True" time="0,000" result="Pass"/>
    <test-case name="ZTestAll.exe.core.TZTestSpecificSQLTestCase.TestTree" executed="True" success="True" time="0,000" result="Pass"/>
  </results>
</test-suite>
<test-suite name="core.TZTestVariantCase" total="6" not-run="0">
  <results>
    <test-case name="ZTestAll.exe.core.TZTestVariantCase.TestNull" executed="True" success="True" time="0,000" result="Pass"/>
    <test-case name="ZTestAll.exe.core.TZTestVariantCase.TestBoolean" executed="True" success="True" time="0,000" result="Pass"/>
    <test-case name="ZTestAll.exe.core.TZTestVariantCase.TestInteger" executed="True" success="True" time="0,000" result="Pass"/>
    <test-case name="ZTestAll.exe.core.TZTestVariantCase.TestDouble" executed="True" success="True" time="0,000" result="Pass"/>
    <test-case name="ZTestAll.exe.core.TZTestVariantCase.TestString" executed="True" success="True" time="0,000" result="Pass"/>
    <test-case name="ZTestAll.exe.core.TZTestVariantCase.TestArray" executed="True" success="True" time="0,000" result="Pass"/>
  </results>
</test-suite>
<test-suite name="core.TZDefVarManagerConvertCase" total="1" not-run="0">
  <results>
    <test-case name="ZTestAll.exe.core.TZDefVarManagerConvertCase.TestConvert" executed="True" success="True" time="0,000" result="Pass"/>
  </results>
</test-suite>
<test-suite name="core.TZClientVarManagerConvertCaseUTF8" total="1" not-run="0">
  <results>
    <test-case name="ZTestAll.exe.core.TZClientVarManagerConvertCaseUTF8.TestConvert" executed="True" success="True" time="0,000" result="Pass"/>
  </results>
</test-suite>
<test-suite name="core.TZClientVarManagerConvertCase_ControlsCP_UTF8_ClientCP_WIN1252" total="1" not-run="0">
  <results>
    <test-case name="ZTestAll.exe.core.TZClientVarManagerConvertCase_ControlsCP_UTF8_ClientCP_WIN1252.TestConvert" executed="True" success="True" time="0,000" result="Pass"/>
  </results>
</test-suite>
<test-suite name="core.TZClientVarManagerConvertCase_ControlsCP_UTF8_ClientCP_WIN1252_AutoEncode" total="1" not-run="0">
  <results>
    <test-case name="ZTestAll.exe.core.TZClientVarManagerConvertCase_ControlsCP_UTF8_ClientCP_WIN1252_AutoEncode.TestConvert" executed="True" success="True" time="0,000" result="Pass"/>
  </results>
</test-suite>
<test-suite name="core.TZClientVarManagerConvertCaseWin1252" total="1" not-run="0">
  <results>
    <test-case name="ZTestAll.exe.core.TZClientVarManagerConvertCaseWin1252.TestConvert" executed="True" success="True" time="0,000" result="Pass"/>
  </results>
</test-suite>
<test-suite name="core.TZClientVarManagerConvertCase_ControlsCP_WIN1252_ClientCP_UTF8" total="1" not-run="0">
  <results>
    <test-case name="ZTestAll.exe.core.TZClientVarManagerConvertCase_ControlsCP_WIN1252_ClientCP_UTF8.TestConvert" executed="True" success="True" time="0,000" result="Pass"/>
  </results>
</test-suite>
<test-suite name="core.TZClientVarManagerConvertCase_ControlsCP_WIN1252_ClientCP_UTF8_AutoEncode" total="1" not-run="0">
  <results>
    <test-case name="ZTestAll.exe.core.TZClientVarManagerConvertCase_ControlsCP_WIN1252_ClientCP_UTF8_AutoEncode.TestConvert" executed="True" success="True" time="0,000" result="Pass"/>
  </results>
</test-suite>
<test-suite name="core.TZTestTokenizer" total="6" not-run="0">
  <results>
    <test-case name="ZTestAll.exe.core.TZTestTokenizer.TestWhitespace" executed="True" success="True" time="0,000" result="Pass"/>
    <test-case name="ZTestAll.exe.core.TZTestTokenizer.TestComment" executed="True" success="True" time="0,000" result="Pass"/>
    <test-case name="ZTestAll.exe.core.TZTestTokenizer.TestNumber" executed="True" success="True" time="0,000" result="Pass"/>
    <test-case name="ZTestAll.exe.core.TZTestTokenizer.TestSymbol" executed="True" success="True" time="0,000" result="Pass"/>
    <test-case name="ZTestAll.exe.core.TZTestTokenizer.TestString" executed="True" success="True" time="0,000" result="Pass"/>
    <test-case name="ZTestAll.exe.core.TZTestTokenizer.TestPerformance" executed="True" success="True" time="0,054" result="Pass"/>
  </results>
</test-suite>
<test-suite name="core.TZTestExpressionTokenizer" total="7" not-run="0">
  <results>
    <test-case name="ZTestAll.exe.core.TZTestExpressionTokenizer.TestWhitespaceState" executed="True" success="True" time="0,000" result="Pass"/>
    <test-case name="ZTestAll.exe.core.TZTestExpressionTokenizer.TestQuoteState" executed="True" success="True" time="0,000" result="Pass"/>
    <test-case name="ZTestAll.exe.core.TZTestExpressionTokenizer.TestCommentState" executed="True" success="True" time="0,000" result="Pass"/>
    <test-case name="ZTestAll.exe.core.TZTestExpressionTokenizer.TestSymbolState" executed="True" success="True" time="0,000" result="Pass"/>
    <test-case name="ZTestAll.exe.core.TZTestExpressionTokenizer.TestWordState" executed="True" success="True" time="0,000" result="Pass"/>
    <test-case name="ZTestAll.exe.core.TZTestExpressionTokenizer.TestNumberState" executed="True" success="True" time="0,000" result="Pass"/>
    <test-case name="ZTestAll.exe.core.TZTestExpressionTokenizer.TestPerformance" executed="True" success="True" time="0,080" result="Pass"/>
  </results>
</test-suite>
<test-suite name="core.TZTestExpressionCase" total="9" not-run="0">
  <results>
    <test-case name="ZTestAll.exe.core.TZTestExpressionCase.TestRegularExpressions" executed="True" success="True" time="0,000" result="Pass"/>
    <test-case name="ZTestAll.exe.core.TZTestExpressionCase.TestArrays" executed="True" success="True" time="0,000" result="Pass"/>
    <test-case name="ZTestAll.exe.core.TZTestExpressionCase.TestFunctionsConvert" executed="True" success="True" time="0,000" result="Pass"/>
    <test-case name="ZTestAll.exe.core.TZTestExpressionCase.TestFunctionsDateTime" executed="True" success="True" time="0,001" result="Pass"/>
    <test-case name="ZTestAll.exe.core.TZTestExpressionCase.TestFunctionsMath" executed="True" success="True" time="0,000" result="Pass"/>
    <test-case name="ZTestAll.exe.core.TZTestExpressionCase.TestFunctionsOther" executed="True" success="True" time="0,000" result="Pass"/>
    <test-case name="ZTestAll.exe.core.TZTestExpressionCase.TestFunctionsStrings" executed="True" success="True" time="0,001" result="Pass"/>
    <test-case name="ZTestAll.exe.core.TZTestExpressionCase.TestVariables" executed="True" success="True" time="0,000" result="Pass"/>
    <test-case name="ZTestAll.exe.core.TZTestExpressionCase.TestPerformance" executed="True" success="True" time="14,062" result="Pass"/>
  </results>
</test-suite>
<test-suite name="core.TZURLTest" total="20" not-run="0">
  <results>
    <test-case name="ZTestAll.exe.core.TZURLTest.TestAssignToUrl" executed="True" success="True" time="0,000" result="Pass"/>
    <test-case name="ZTestAll.exe.core.TZURLTest.TestAssignToProperties" executed="True" success="True" time="0,000" result="Pass"/>
    <test-case name="ZTestAll.exe.core.TZURLTest.TestAssignToUrl_DatabaseIsFile" executed="True" success="True" time="0,000" result="Pass"/>
    <test-case name="ZTestAll.exe.core.TZURLTest.TestAssignToProperties_NoHostUserPwd" executed="True" success="True" time="0,000" result="Pass"/>
    <test-case name="ZTestAll.exe.core.TZURLTest.TestAssignToProperties_NoUser" executed="True" success="True" time="0,000" result="Pass"/>
    <test-case name="ZTestAll.exe.core.TZURLTest.TestAssignToProperties_Properties" executed="True" success="True" time="0,000" result="Pass"/>
    <test-case name="ZTestAll.exe.core.TZURLTest.TestAssignToProperties_Properties2" executed="True" success="True" time="0,000" result="Pass"/>
    <test-case name="ZTestAll.exe.core.TZURLTest.TestAssignToProperties_ProtocolOnly" executed="True" success="True" time="0,000" result="Pass"/>
    <test-case name="ZTestAll.exe.core.TZURLTest.TestAssignToProperties_LibLocationOnly" executed="True" success="True" time="0,000" result="Pass"/>
    <test-case name="ZTestAll.exe.core.TZURLTest.TestAssignToUrl_UID_PWD" executed="True" success="True" time="0,000" result="Pass"/>
    <test-case name="ZTestAll.exe.core.TZURLTest.TestAssignToUrl_UID_PWD2" executed="True" success="True" time="0,000" result="Pass"/>
    <test-case name="ZTestAll.exe.core.TZURLTest.TestEmpty" executed="True" success="True" time="0,000" result="Pass"/>
    <test-case name="ZTestAll.exe.core.TZURLTest.TestAssignToUrl_NoHost" executed="True" success="True" time="0,000" result="Pass"/>
    <test-case name="ZTestAll.exe.core.TZURLTest.TestAssignToProperties_Properties_NoHost" executed="True" success="True" time="0,000" result="Pass"/>
    <test-case name="ZTestAll.exe.core.TZURLTest.TestSemicolons" executed="True" success="True" time="0,000" result="Pass"/>
    <test-case name="ZTestAll.exe.core.TZURLTest.TestUnixPathDelimiter" executed="True" success="True" time="0,000" result="Pass"/>
    <test-case name="ZTestAll.exe.core.TZURLTest.TestAssignToUrl_NoParams" executed="True" success="True" time="0,000" result="Pass"/>
    <test-case name="ZTestAll.exe.core.TZURLTest.TestAssignToUrl_NoDatabase" executed="True" success="True" time="0,000" result="Pass"/>
    <test-case name="ZTestAll.exe.core.TZURLTest.TestSFTicket8_HostPort_NoDB_Properties" executed="True" success="True" time="0,000" result="Pass"/>
    <test-case name="ZTestAll.exe.core.TZURLTest.TestSFTicket158_LibLocWithSemicolon" executed="True" success="True" time="0,000" result="Pass"/>
  </results>
</test-suite>
  </results>
</test-suite>
<test-suite name="parsesql" total="58" not-run="0">
  <results>
<test-suite name="parsesql.TZTestSybaseTokenizer" total="7" not-run="0">
  <results>
    <test-case name="ZTestAll.exe.parsesql.TZTestSybaseTokenizer.TestWhitespaceState" executed="True" success="True" time="0,000" result="Pass"/>
    <test-case name="ZTestAll.exe.parsesql.TZTestSybaseTokenizer.TestQuoteState" executed="True" success="True" time="0,000" result="Pass"/>
    <test-case name="ZTestAll.exe.parsesql.TZTestSybaseTokenizer.TestCommentState" executed="True" success="True" time="0,000" result="Pass"/>
    <test-case name="ZTestAll.exe.parsesql.TZTestSybaseTokenizer.TestSymbolState" executed="True" success="True" time="0,000" result="Pass"/>
    <test-case name="ZTestAll.exe.parsesql.TZTestSybaseTokenizer.TestWordState" executed="True" success="True" time="0,000" result="Pass"/>
    <test-case name="ZTestAll.exe.parsesql.TZTestSybaseTokenizer.TestNumberState" executed="True" success="True" time="0,000" result="Pass"/>
    <test-case name="ZTestAll.exe.parsesql.TZTestSybaseTokenizer.TestPerformance" executed="True" success="True" time="0,061" result="Pass"/>
  </results>
</test-suite>
<test-suite name="parsesql.TZTestMySQLTokenizer" total="7" not-run="0">
  <results>
    <test-case name="ZTestAll.exe.parsesql.TZTestMySQLTokenizer.TestWhitespaceState" executed="True" success="True" time="0,000" result="Pass"/>
    <test-case name="ZTestAll.exe.parsesql.TZTestMySQLTokenizer.TestQuoteState" executed="True" success="True" time="0,000" result="Pass"/>
    <test-case name="ZTestAll.exe.parsesql.TZTestMySQLTokenizer.TestCommentState" executed="True" success="True" time="0,000" result="Pass"/>
    <test-case name="ZTestAll.exe.parsesql.TZTestMySQLTokenizer.TestSymbolState" executed="True" success="True" time="0,000" result="Pass"/>
    <test-case name="ZTestAll.exe.parsesql.TZTestMySQLTokenizer.TestWordState" executed="True" success="True" time="0,000" result="Pass"/>
    <test-case name="ZTestAll.exe.parsesql.TZTestMySQLTokenizer.TestNumberState" executed="True" success="True" time="0,000" result="Pass"/>
    <test-case name="ZTestAll.exe.parsesql.TZTestMySQLTokenizer.TestPerformance" executed="True" success="True" time="0,061" result="Pass"/>
  </results>
</test-suite>
<test-suite name="parsesql.TZTestPostgreSQLTokenizer" total="7" not-run="0">
  <results>
    <test-case name="ZTestAll.exe.parsesql.TZTestPostgreSQLTokenizer.TestWhitespaceState" executed="True" success="True" time="0,000" result="Pass"/>
    <test-case name="ZTestAll.exe.parsesql.TZTestPostgreSQLTokenizer.TestQuoteState" executed="True" success="False" time="0,000" result="Failure">
      <failure>
        <message><![CDATA[Exception: [ETestFailure] expected: <5> but was: <1>
At: n/a]]></message>
        <stack-trace><![CDATA[]]></stack-trace>
      </failure>
    </test-case>
    <test-case name="ZTestAll.exe.parsesql.TZTestPostgreSQLTokenizer.TestCommentState" executed="True" success="True" time="0,000" result="Pass"/>
    <test-case name="ZTestAll.exe.parsesql.TZTestPostgreSQLTokenizer.TestSymbolState" executed="True" success="True" time="0,000" result="Pass"/>
    <test-case name="ZTestAll.exe.parsesql.TZTestPostgreSQLTokenizer.TestWordState" executed="True" success="True" time="0,000" result="Pass"/>
    <test-case name="ZTestAll.exe.parsesql.TZTestPostgreSQLTokenizer.TestNumberState" executed="True" success="True" time="0,000" result="Pass"/>
    <test-case name="ZTestAll.exe.parsesql.TZTestPostgreSQLTokenizer.TestPerformance" executed="True" success="True" time="0,071" result="Pass"/>
  </results>
</test-suite>
<test-suite name="parsesql.TZTestInterbaseTokenizer" total="7" not-run="0">
  <results>
    <test-case name="ZTestAll.exe.parsesql.TZTestInterbaseTokenizer.TestWhitespaceState" executed="True" success="True" time="0,000" result="Pass"/>
    <test-case name="ZTestAll.exe.parsesql.TZTestInterbaseTokenizer.TestQuoteState" executed="True" success="True" time="0,000" result="Pass"/>
    <test-case name="ZTestAll.exe.parsesql.TZTestInterbaseTokenizer.TestCommentState" executed="True" success="True" time="0,000" result="Pass"/>
    <test-case name="ZTestAll.exe.parsesql.TZTestInterbaseTokenizer.TestSymbolState" executed="True" success="True" time="0,000" result="Pass"/>
    <test-case name="ZTestAll.exe.parsesql.TZTestInterbaseTokenizer.TestWordState" executed="True" success="True" time="0,000" result="Pass"/>
    <test-case name="ZTestAll.exe.parsesql.TZTestInterbaseTokenizer.TestNumberState" executed="True" success="True" time="0,000" result="Pass"/>
    <test-case name="ZTestAll.exe.parsesql.TZTestInterbaseTokenizer.TestPerformance" executed="True" success="True" time="0,062" result="Pass"/>
  </results>
</test-suite>
<test-suite name="parsesql.TZTestOracleTokenizer" total="7" not-run="0">
  <results>
    <test-case name="ZTestAll.exe.parsesql.TZTestOracleTokenizer.TestWhitespaceState" executed="True" success="True" time="0,000" result="Pass"/>
    <test-case name="ZTestAll.exe.parsesql.TZTestOracleTokenizer.TestQuoteState" executed="True" success="True" time="0,000" result="Pass"/>
    <test-case name="ZTestAll.exe.parsesql.TZTestOracleTokenizer.TestCommentState" executed="True" success="True" time="0,000" result="Pass"/>
    <test-case name="ZTestAll.exe.parsesql.TZTestOracleTokenizer.TestSymbolState" executed="True" success="True" time="0,000" result="Pass"/>
    <test-case name="ZTestAll.exe.parsesql.TZTestOracleTokenizer.TestWordState" executed="True" success="True" time="0,000" result="Pass"/>
    <test-case name="ZTestAll.exe.parsesql.TZTestOracleTokenizer.TestNumberState" executed="True" success="True" time="0,000" result="Pass"/>
    <test-case name="ZTestAll.exe.parsesql.TZTestOracleTokenizer.TestPerformance" executed="True" success="True" time="0,062" result="Pass"/>
  </results>
</test-suite>
<test-suite name="parsesql.TZTestSQLiteTokenizer" total="7" not-run="0">
  <results>
    <test-case name="ZTestAll.exe.parsesql.TZTestSQLiteTokenizer.TestWhitespaceState" executed="True" success="True" time="0,000" result="Pass"/>
    <test-case name="ZTestAll.exe.parsesql.TZTestSQLiteTokenizer.TestQuoteState" executed="True" success="True" time="0,000" result="Pass"/>
    <test-case name="ZTestAll.exe.parsesql.TZTestSQLiteTokenizer.TestCommentState" executed="True" success="True" time="0,000" result="Pass"/>
    <test-case name="ZTestAll.exe.parsesql.TZTestSQLiteTokenizer.TestSymbolState" executed="True" success="True" time="0,000" result="Pass"/>
    <test-case name="ZTestAll.exe.parsesql.TZTestSQLiteTokenizer.TestWordState" executed="True" success="True" time="0,000" result="Pass"/>
    <test-case name="ZTestAll.exe.parsesql.TZTestSQLiteTokenizer.TestNumberState" executed="True" success="True" time="0,000" result="Pass"/>
    <test-case name="ZTestAll.exe.parsesql.TZTestSQLiteTokenizer.TestPerformance" executed="True" success="True" time="0,062" result="Pass"/>
  </results>
</test-suite>
<test-suite name="parsesql.TZTestGenericStatementAnalyser" total="5" not-run="0">
  <results>
    <test-case name="ZTestAll.exe.parsesql.TZTestGenericStatementAnalyser.TestPerformance" executed="True" success="True" time="0,001" result="Pass"/>
    <test-case name="ZTestAll.exe.parsesql.TZTestGenericStatementAnalyser.TestPerformance1" executed="True" success="True" time="0,212" result="Pass"/>
    <test-case name="ZTestAll.exe.parsesql.TZTestGenericStatementAnalyser.TestSplitting" executed="True" success="True" time="0,000" result="Pass"/>
    <test-case name="ZTestAll.exe.parsesql.TZTestGenericStatementAnalyser.TestComposing" executed="True" success="True" time="0,000" result="Pass"/>
    <test-case name="ZTestAll.exe.parsesql.TZTestGenericStatementAnalyser.TestSelectParser" executed="True" success="True" time="0,002" result="Pass"/>
  </results>
</test-suite>
<test-suite name="parsesql.TZTestSybaseStatementAnalyser" total="3" not-run="0">
  <results>
    <test-case name="ZTestAll.exe.parsesql.TZTestSybaseStatementAnalyser.TestSplitting" executed="True" success="True" time="0,000" result="Pass"/>
    <test-case name="ZTestAll.exe.parsesql.TZTestSybaseStatementAnalyser.TestComposing" executed="True" success="True" time="0,000" result="Pass"/>
    <test-case name="ZTestAll.exe.parsesql.TZTestSybaseStatementAnalyser.TestSelectParser" executed="True" success="True" time="0,002" result="Pass"/>
  </results>
</test-suite>
<test-suite name="parsesql.TZTestInterbaseStatementAnalyser" total="3" not-run="0">
  <results>
    <test-case name="ZTestAll.exe.parsesql.TZTestInterbaseStatementAnalyser.TestSplitting" executed="True" success="True" time="0,000" result="Pass"/>
    <test-case name="ZTestAll.exe.parsesql.TZTestInterbaseStatementAnalyser.TestComposing" executed="True" success="True" time="0,000" result="Pass"/>
    <test-case name="ZTestAll.exe.parsesql.TZTestInterbaseStatementAnalyser.TestSelectParser" executed="True" success="True" time="0,002" result="Pass"/>
  </results>
</test-suite>
<test-suite name="parsesql.TZTestSQLScriptParserCase" total="5" not-run="0">
  <results>
    <test-case name="ZTestAll.exe.parsesql.TZTestSQLScriptParserCase.TestDefaultProcessor" executed="True" success="True" time="0,000" result="Pass"/>
    <test-case name="ZTestAll.exe.parsesql.TZTestSQLScriptParserCase.TestGoProcessor" executed="True" success="True" time="0,000" result="Pass"/>
    <test-case name="ZTestAll.exe.parsesql.TZTestSQLScriptParserCase.TestEmptyLineProcessor" executed="True" success="True" time="0,000" result="Pass"/>
    <test-case name="ZTestAll.exe.parsesql.TZTestSQLScriptParserCase.TestSetTermProcessor" executed="True" success="True" time="0,000" result="Pass"/>
    <test-case name="ZTestAll.exe.parsesql.TZTestSQLScriptParserCase.TestCleanup" executed="True" success="True" time="0,000" result="Pass"/>
  </results>
</test-suite>
  </results>
</test-suite>
<test-suite name="dbc" total="194" not-run="0">
  <results>
<test-suite name="dbc.TZTestAbstractBlobCase" total="3" not-run="0">
  <results>
    <test-case name="ZTestAll.exe.dbc.TZTestAbstractBlobCase.TestBlob" executed="True" success="True" time="0,000" result="Pass"/>
    <test-case name="ZTestAll.exe.dbc.TZTestAbstractBlobCase.TestBlobNil" executed="True" success="True" time="0,000" result="Pass"/>
    <test-case name="ZTestAll.exe.dbc.TZTestAbstractBlobCase.TestBlobClone" executed="True" success="True" time="0,000" result="Pass"/>
  </results>
</test-suite>
<test-suite name="dbc.TZTestDbcUtilsCase" total="4" not-run="0">
  <results>
    <test-case name="ZTestAll.exe.dbc.TZTestDbcUtilsCase.TestResolveUrl" executed="True" success="True" time="0,000" result="Pass"/>
    <test-case name="ZTestAll.exe.dbc.TZTestDbcUtilsCase.TestCheckConvertion" executed="True" success="True" time="0,000" result="Pass"/>
    <test-case name="ZTestAll.exe.dbc.TZTestDbcUtilsCase.TestDefineColumnTypeName" executed="True" success="True" time="0,000" result="Pass"/>
    <test-case name="ZTestAll.exe.dbc.TZTestDbcUtilsCase.TestAnsiSqlDateToDateTime" executed="True" success="True" time="0,000" result="Pass"/>
  </results>
</test-suite>
<test-suite name="dbc.TZTestRowAccessorCase" total="22" not-run="0">
  <results>
    <test-case name="ZTestAll.exe.dbc.TZTestRowAccessorCase.TestFillRowAccessor" executed="True" success="True" time="0,000" result="Pass"/>
    <test-case name="ZTestAll.exe.dbc.TZTestRowAccessorCase.TestRowAccesorNull" executed="True" success="True" time="0,000" result="Pass"/>
    <test-case name="ZTestAll.exe.dbc.TZTestRowAccessorCase.TestRowAccessorBoolean" executed="True" success="True" time="0,000" result="Pass"/>
    <test-case name="ZTestAll.exe.dbc.TZTestRowAccessorCase.TestRowAccessorByte" executed="True" success="True" time="0,000" result="Pass"/>
    <test-case name="ZTestAll.exe.dbc.TZTestRowAccessorCase.TestRowAccessorShort" executed="True" success="True" time="0,000" result="Pass"/>
    <test-case name="ZTestAll.exe.dbc.TZTestRowAccessorCase.TestRowAccessorSmall" executed="True" success="True" time="0,000" result="Pass"/>
    <test-case name="ZTestAll.exe.dbc.TZTestRowAccessorCase.TestRowAccessorInteger" executed="True" success="True" time="0,000" result="Pass"/>
    <test-case name="ZTestAll.exe.dbc.TZTestRowAccessorCase.TestRowAccessorLong" executed="True" success="True" time="0,000" result="Pass"/>
    <test-case name="ZTestAll.exe.dbc.TZTestRowAccessorCase.TestRowAccessorFloat" executed="True" success="True" time="0,000" result="Pass"/>
    <test-case name="ZTestAll.exe.dbc.TZTestRowAccessorCase.TestRowAccessorDouble" executed="True" success="True" time="0,000" result="Pass"/>
    <test-case name="ZTestAll.exe.dbc.TZTestRowAccessorCase.TestRowAccessorBigDecimal" executed="True" success="True" time="0,000" result="Pass"/>
    <test-case name="ZTestAll.exe.dbc.TZTestRowAccessorCase.TestRowAccessorDate" executed="True" success="True" time="0,000" result="Pass"/>
    <test-case name="ZTestAll.exe.dbc.TZTestRowAccessorCase.TestRowAccessorTime" executed="True" success="True" time="0,000" result="Pass"/>
    <test-case name="ZTestAll.exe.dbc.TZTestRowAccessorCase.TestRowAccessorTimestamp" executed="True" success="True" time="0,000" result="Pass"/>
    <test-case name="ZTestAll.exe.dbc.TZTestRowAccessorCase.TestRowAccessorString" executed="True" success="True" time="0,000" result="Pass"/>
    <test-case name="ZTestAll.exe.dbc.TZTestRowAccessorCase.TestRowAccessor" executed="True" success="True" time="0,000" result="Pass"/>
    <test-case name="ZTestAll.exe.dbc.TZTestRowAccessorCase.TestRowAccessorBytes" executed="True" success="True" time="0,000" result="Pass"/>
    <test-case name="ZTestAll.exe.dbc.TZTestRowAccessorCase.TestRowAccesorBlob" executed="True" success="True" time="0,000" result="Pass"/>
    <test-case name="ZTestAll.exe.dbc.TZTestRowAccessorCase.TestRowAccessorAsciiStream" executed="True" success="True" time="0,000" result="Pass"/>
    <test-case name="ZTestAll.exe.dbc.TZTestRowAccessorCase.TestRowAccessorUnicodeStream" executed="True" success="True" time="0,000" result="Pass"/>
    <test-case name="ZTestAll.exe.dbc.TZTestRowAccessorCase.TestRowAccessorBinaryStream" executed="True" success="True" time="0,000" result="Pass"/>
    <test-case name="ZTestAll.exe.dbc.TZTestRowAccessorCase.TestRowAccessorReadonly" executed="True" success="True" time="0,000" result="Pass"/>
  </results>
</test-suite>
<test-suite name="dbc.TZTestCachedResultSetCase" total="7" not-run="0">
  <results>
    <test-case name="ZTestAll.exe.dbc.TZTestCachedResultSetCase.TestTraversalAndPositioning" executed="True" success="True" time="0,000" result="Pass"/>
    <test-case name="ZTestAll.exe.dbc.TZTestCachedResultSetCase.TestInsert" executed="True" success="True" time="0,000" result="Pass"/>
    <test-case name="ZTestAll.exe.dbc.TZTestCachedResultSetCase.TestUpdate" executed="True" success="True" time="0,000" result="Pass"/>
    <test-case name="ZTestAll.exe.dbc.TZTestCachedResultSetCase.TestDelete" executed="True" success="True" time="0,001" result="Pass"/>
    <test-case name="ZTestAll.exe.dbc.TZTestCachedResultSetCase.TestOtherFunctions" executed="True" success="True" time="0,000" result="Pass"/>
    <test-case name="ZTestAll.exe.dbc.TZTestCachedResultSetCase.TestFillMaxValues" executed="True" success="True" time="0,000" result="Pass"/>
    <test-case name="ZTestAll.exe.dbc.TZTestCachedResultSetCase.TestCachedUpdates" executed="True" success="True" time="0,000" result="Pass"/>
  </results>
</test-suite>
<test-suite name="dbc.TZGenericTestDbcMetadata" total="19" not-run="0">
  <results>
    <test-case name="ZTestAll.exe.dbc.TZGenericTestDbcMetadata.TestMetadataIdentifierQuoting" executed="True" success="True" time="0,007" result="Pass"/>
    <test-case name="ZTestAll.exe.dbc.TZGenericTestDbcMetadata.TestMetadataIdentifierQuoting" executed="True" success="True" time="0,276" result="Pass"/>
    <test-case name="ZTestAll.exe.dbc.TZGenericTestDbcMetadata.TestMetadataIdentifierQuoting" executed="True" success="True" time="0,475" result="Pass"/>
    <test-case name="ZTestAll.exe.dbc.TZGenericTestDbcMetadata.TestMetadataIdentifierQuoting" executed="True" success="True" time="0,182" result="Pass"/>
    <test-case name="ZTestAll.exe.dbc.TZGenericTestDbcMetadata.TestMetadataIdentifierQuoting" executed="True" success="True" time="0,135" result="Pass"/>
    <test-case name="ZTestAll.exe.dbc.TZGenericTestDbcMetadata.TestMetadataGetCatalogs" executed="True" success="True" time="0,017" result="Pass"/>
    <test-case name="ZTestAll.exe.dbc.TZGenericTestDbcMetadata.TestMetadataGetCatalogs" executed="True" success="True" time="0,261" result="Pass"/>
    <test-case name="ZTestAll.exe.dbc.TZGenericTestDbcMetadata.TestMetadataGetCatalogs" executed="True" success="True" time="0,334" result="Pass"/>
    <test-case name="ZTestAll.exe.dbc.TZGenericTestDbcMetadata.TestMetadataGetCatalogs" executed="True" success="True" time="0,182" result="Pass"/>
    <test-case name="ZTestAll.exe.dbc.TZGenericTestDbcMetadata.TestMetadataGetCatalogs" executed="True" success="True" time="0,136" result="Pass"/>
    <test-case name="ZTestAll.exe.dbc.TZGenericTestDbcMetadata.TestMetadataGetSchemas" executed="True" success="True" time="0,010" result="Pass"/>
    <test-case name="ZTestAll.exe.dbc.TZGenericTestDbcMetadata.TestMetadataGetSchemas" executed="True" success="True" time="0,343" result="Pass"/>
    <test-case name="ZTestAll.exe.dbc.TZGenericTestDbcMetadata.TestMetadataGetSchemas" executed="True" success="True" time="0,093" result="Pass"/>
    <test-case name="ZTestAll.exe.dbc.TZGenericTestDbcMetadata.TestMetadataGetSchemas" executed="True" success="True" time="0,073" result="Pass"/>
    <test-case name="ZTestAll.exe.dbc.TZGenericTestDbcMetadata.TestMetadataGetSchemas" executed="True" success="True" time="0,124" result="Pass"/>
    <test-case name="ZTestAll.exe.dbc.TZGenericTestDbcMetadata.TestMetadataGetTableTypes" executed="True" success="True" time="0,019" result="Pass"/>
    <test-case name="ZTestAll.exe.dbc.TZGenericTestDbcMetadata.TestMetadataGetTableTypes" executed="True" success="True" time="0,195" result="Pass"/>
    <test-case name="ZTestAll.exe.dbc.TZGenericTestDbcMetadata.TestMetadataGetTableTypes" executed="True" success="True" time="0,045" result="Pass"/>
    <test-case name="ZTestAll.exe.dbc.TZGenericTestDbcMetadata.TestMetadataGetTableTypes" executed="True" success="True" time="0,034" result="Pass"/>
    <test-case name="ZTestAll.exe.dbc.TZGenericTestDbcMetadata.TestMetadataGetTableTypes" executed="True" success="True" time="0,119" result="Pass"/>
    <test-case name="ZTestAll.exe.dbc.TZGenericTestDbcMetadata.TestMetadataGetTables" executed="True" success="True" time="0,239" result="Pass"/>
    <test-case name="ZTestAll.exe.dbc.TZGenericTestDbcMetadata.TestMetadataGetTables" executed="True" success="True" time="0,208" result="Pass"/>
    <test-case name="ZTestAll.exe.dbc.TZGenericTestDbcMetadata.TestMetadataGetTables" executed="True" success="True" time="0,050" result="Pass"/>
    <test-case name="ZTestAll.exe.dbc.TZGenericTestDbcMetadata.TestMetadataGetTables" executed="True" success="True" time="0,047" result="Pass"/>
    <test-case name="ZTestAll.exe.dbc.TZGenericTestDbcMetadata.TestMetadataGetTables" executed="True" success="True" time="0,158" result="Pass"/>
    <test-case name="ZTestAll.exe.dbc.TZGenericTestDbcMetadata.TestMetadataGetColumns" executed="True" success="True" time="0,157" result="Pass"/>
    <test-case name="ZTestAll.exe.dbc.TZGenericTestDbcMetadata.TestMetadataGetColumns" executed="True" success="True" time="0,415" result="Pass"/>
    <test-case name="ZTestAll.exe.dbc.TZGenericTestDbcMetadata.TestMetadataGetColumns" executed="True" success="True" time="0,128" result="Pass"/>
    <test-case name="ZTestAll.exe.dbc.TZGenericTestDbcMetadata.TestMetadataGetColumns" executed="True" success="True" time="0,046" result="Pass"/>
    <test-case name="ZTestAll.exe.dbc.TZGenericTestDbcMetadata.TestMetadataGetColumns" executed="True" success="True" time="0,159" result="Pass"/>
    <test-case name="ZTestAll.exe.dbc.TZGenericTestDbcMetadata.TestMetadataGetTablePrivileges" executed="True" success="True" time="0,098" result="Pass"/>
    <test-case name="ZTestAll.exe.dbc.TZGenericTestDbcMetadata.TestMetadataGetTablePrivileges" executed="True" success="True" time="0,091" result="Pass"/>
    <test-case name="ZTestAll.exe.dbc.TZGenericTestDbcMetadata.TestMetadataGetTablePrivileges" executed="True" success="True" time="0,050" result="Pass"/>
    <test-case name="ZTestAll.exe.dbc.TZGenericTestDbcMetadata.TestMetadataGetTablePrivileges" executed="True" success="True" time="0,071" result="Pass"/>
    <test-case name="ZTestAll.exe.dbc.TZGenericTestDbcMetadata.TestMetadataGetTablePrivileges" executed="True" success="True" time="0,176" result="Pass"/>
    <test-case name="ZTestAll.exe.dbc.TZGenericTestDbcMetadata.TestMetadataGetColumnPrivileges" executed="True" success="True" time="0,090" result="Pass"/>
    <test-case name="ZTestAll.exe.dbc.TZGenericTestDbcMetadata.TestMetadataGetColumnPrivileges" executed="True" success="True" time="0,076" result="Pass"/>
    <test-case name="ZTestAll.exe.dbc.TZGenericTestDbcMetadata.TestMetadataGetColumnPrivileges" executed="True" success="True" time="0,054" result="Pass"/>
    <test-case name="ZTestAll.exe.dbc.TZGenericTestDbcMetadata.TestMetadataGetColumnPrivileges" executed="True" success="True" time="0,123" result="Pass"/>
    <test-case name="ZTestAll.exe.dbc.TZGenericTestDbcMetadata.TestMetadataGetColumnPrivileges" executed="True" success="True" time="0,073" result="Pass"/>
    <test-case name="ZTestAll.exe.dbc.TZGenericTestDbcMetadata.TestMetadataGetBestRowIdentifier" executed="True" success="True" time="0,068" result="Pass"/>
    <test-case name="ZTestAll.exe.dbc.TZGenericTestDbcMetadata.TestMetadataGetBestRowIdentifier" executed="True" success="True" time="0,094" result="Pass"/>
    <test-case name="ZTestAll.exe.dbc.TZGenericTestDbcMetadata.TestMetadataGetBestRowIdentifier" executed="True" success="True" time="0,051" result="Pass"/>
    <test-case name="ZTestAll.exe.dbc.TZGenericTestDbcMetadata.TestMetadataGetBestRowIdentifier" executed="True" success="True" time="0,037" result="Pass"/>
    <test-case name="ZTestAll.exe.dbc.TZGenericTestDbcMetadata.TestMetadataGetBestRowIdentifier" executed="True" success="True" time="0,163" result="Pass"/>
    <test-case name="ZTestAll.exe.dbc.TZGenericTestDbcMetadata.TestMetadataGetVersionColumns" executed="True" success="True" time="0,024" result="Pass"/>
    <test-case name="ZTestAll.exe.dbc.TZGenericTestDbcMetadata.TestMetadataGetVersionColumns" executed="True" success="True" time="0,262" result="Pass"/>
    <test-case name="ZTestAll.exe.dbc.TZGenericTestDbcMetadata.TestMetadataGetVersionColumns" executed="True" success="True" time="0,052" result="Pass"/>
    <test-case name="ZTestAll.exe.dbc.TZGenericTestDbcMetadata.TestMetadataGetVersionColumns" executed="True" success="True" time="0,030" result="Pass"/>
    <test-case name="ZTestAll.exe.dbc.TZGenericTestDbcMetadata.TestMetadataGetVersionColumns" executed="True" success="True" time="0,171" result="Pass"/>
    <test-case name="ZTestAll.exe.dbc.TZGenericTestDbcMetadata.TestMetadataGetPrimaryKeys" executed="True" success="True" time="0,010" result="Pass"/>
    <test-case name="ZTestAll.exe.dbc.TZGenericTestDbcMetadata.TestMetadataGetPrimaryKeys" executed="True" success="True" time="0,203" result="Pass"/>
    <test-case name="ZTestAll.exe.dbc.TZGenericTestDbcMetadata.TestMetadataGetPrimaryKeys" executed="True" success="True" time="0,047" result="Pass"/>
    <test-case name="ZTestAll.exe.dbc.TZGenericTestDbcMetadata.TestMetadataGetPrimaryKeys" executed="True" success="True" time="0,032" result="Pass"/>
    <test-case name="ZTestAll.exe.dbc.TZGenericTestDbcMetadata.TestMetadataGetPrimaryKeys" executed="True" success="True" time="0,160" result="Pass"/>
    <test-case name="ZTestAll.exe.dbc.TZGenericTestDbcMetadata.TestMetadataGetImportedKeys" executed="True" success="True" time="0,010" result="Pass"/>
    <test-case name="ZTestAll.exe.dbc.TZGenericTestDbcMetadata.TestMetadataGetImportedKeys" executed="True" success="True" time="0,409" result="Pass"/>
    <test-case name="ZTestAll.exe.dbc.TZGenericTestDbcMetadata.TestMetadataGetImportedKeys" executed="True" success="True" time="0,059" result="Pass"/>
    <test-case name="ZTestAll.exe.dbc.TZGenericTestDbcMetadata.TestMetadataGetImportedKeys" executed="True" success="True" time="0,097" result="Pass"/>
    <test-case name="ZTestAll.exe.dbc.TZGenericTestDbcMetadata.TestMetadataGetImportedKeys" executed="True" success="True" time="0,121" result="Pass"/>
    <test-case name="ZTestAll.exe.dbc.TZGenericTestDbcMetadata.TestMetadataGetExportedKeys" executed="True" success="True" time="0,009" result="Pass"/>
    <test-case name="ZTestAll.exe.dbc.TZGenericTestDbcMetadata.TestMetadataGetExportedKeys" executed="True" success="True" time="0,127" result="Pass"/>
    <test-case name="ZTestAll.exe.dbc.TZGenericTestDbcMetadata.TestMetadataGetExportedKeys" executed="True" success="True" time="0,049" result="Pass"/>
    <test-case name="ZTestAll.exe.dbc.TZGenericTestDbcMetadata.TestMetadataGetExportedKeys" executed="True" success="True" time="0,035" result="Pass"/>
    <test-case name="ZTestAll.exe.dbc.TZGenericTestDbcMetadata.TestMetadataGetExportedKeys" executed="True" success="True" time="0,194" result="Pass"/>
    <test-case name="ZTestAll.exe.dbc.TZGenericTestDbcMetadata.TestMetadataGetCrossReference" executed="True" success="True" time="0,009" result="Pass"/>
    <test-case name="ZTestAll.exe.dbc.TZGenericTestDbcMetadata.TestMetadataGetCrossReference" executed="True" success="True" time="0,129" result="Pass"/>
    <test-case name="ZTestAll.exe.dbc.TZGenericTestDbcMetadata.TestMetadataGetCrossReference" executed="True" success="True" time="0,062" result="Pass"/>
    <test-case name="ZTestAll.exe.dbc.TZGenericTestDbcMetadata.TestMetadataGetCrossReference" executed="True" success="True" time="0,036" result="Pass"/>
    <test-case name="ZTestAll.exe.dbc.TZGenericTestDbcMetadata.TestMetadataGetCrossReference" executed="True" success="True" time="0,183" result="Pass"/>
    <test-case name="ZTestAll.exe.dbc.TZGenericTestDbcMetadata.TestMetadataGetIndexInfo" executed="True" success="True" time="0,047" result="Pass"/>
    <test-case name="ZTestAll.exe.dbc.TZGenericTestDbcMetadata.TestMetadataGetIndexInfo" executed="True" success="True" time="0,214" result="Pass"/>
    <test-case name="ZTestAll.exe.dbc.TZGenericTestDbcMetadata.TestMetadataGetIndexInfo" executed="True" success="True" time="0,052" result="Pass"/>
    <test-case name="ZTestAll.exe.dbc.TZGenericTestDbcMetadata.TestMetadataGetIndexInfo" executed="True" success="True" time="0,038" result="Pass"/>
    <test-case name="ZTestAll.exe.dbc.TZGenericTestDbcMetadata.TestMetadataGetIndexInfo" executed="True" success="True" time="0,145" result="Pass"/>
    <test-case name="ZTestAll.exe.dbc.TZGenericTestDbcMetadata.TestMetadataGetProcedures" executed="True" success="True" time="0,022" result="Pass"/>
    <test-case name="ZTestAll.exe.dbc.TZGenericTestDbcMetadata.TestMetadataGetProcedures" executed="True" success="True" time="0,242" result="Pass"/>
    <test-case name="ZTestAll.exe.dbc.TZGenericTestDbcMetadata.TestMetadataGetProcedures" executed="True" success="True" time="0,050" result="Pass"/>
    <test-case name="ZTestAll.exe.dbc.TZGenericTestDbcMetadata.TestMetadataGetProcedures" executed="True" success="True" time="0,149" result="Pass"/>
    <test-case name="ZTestAll.exe.dbc.TZGenericTestDbcMetadata.TestMetadataGetProcedures" executed="True" success="True" time="0,128" result="Pass"/>
    <test-case name="ZTestAll.exe.dbc.TZGenericTestDbcMetadata.TestMetadataGetProcedureColumns" executed="True" success="True" time="0,137" result="Pass"/>
    <test-case name="ZTestAll.exe.dbc.TZGenericTestDbcMetadata.TestMetadataGetProcedureColumns" executed="True" success="True" time="0,115" result="Pass"/>
    <test-case name="ZTestAll.exe.dbc.TZGenericTestDbcMetadata.TestMetadataGetProcedureColumns" executed="True" success="True" time="0,066" result="Pass"/>
    <test-case name="ZTestAll.exe.dbc.TZGenericTestDbcMetadata.TestMetadataGetProcedureColumns" executed="True" success="True" time="0,063" result="Pass"/>
    <test-case name="ZTestAll.exe.dbc.TZGenericTestDbcMetadata.TestMetadataGetProcedureColumns" executed="True" success="True" time="0,227" result="Pass"/>
    <test-case name="ZTestAll.exe.dbc.TZGenericTestDbcMetadata.TestMetadataGetTypeInfo" executed="True" success="True" time="0,011" result="Pass"/>
    <test-case name="ZTestAll.exe.dbc.TZGenericTestDbcMetadata.TestMetadataGetTypeInfo" executed="True" success="True" time="0,136" result="Pass"/>
    <test-case name="ZTestAll.exe.dbc.TZGenericTestDbcMetadata.TestMetadataGetTypeInfo" executed="True" success="True" time="0,057" result="Pass"/>
    <test-case name="ZTestAll.exe.dbc.TZGenericTestDbcMetadata.TestMetadataGetTypeInfo" executed="True" success="True" time="0,032" result="Pass"/>
    <test-case name="ZTestAll.exe.dbc.TZGenericTestDbcMetadata.TestMetadataGetTypeInfo" executed="True" success="True" time="0,122" result="Pass"/>
    <test-case name="ZTestAll.exe.dbc.TZGenericTestDbcMetadata.TestMetadataGetUDTs" executed="True" success="True" time="0,008" result="Pass"/>
    <test-case name="ZTestAll.exe.dbc.TZGenericTestDbcMetadata.TestMetadataGetUDTs" executed="True" success="True" time="0,173" result="Pass"/>
    <test-case name="ZTestAll.exe.dbc.TZGenericTestDbcMetadata.TestMetadataGetUDTs" executed="True" success="True" time="0,048" result="Pass"/>
    <test-case name="ZTestAll.exe.dbc.TZGenericTestDbcMetadata.TestMetadataGetUDTs" executed="True" success="True" time="0,039" result="Pass"/>
    <test-case name="ZTestAll.exe.dbc.TZGenericTestDbcMetadata.TestMetadataGetUDTs" executed="True" success="True" time="0,094" result="Pass"/>
  </results>
</test-suite>
<test-suite name="dbc.TZTestResultSetMetadataCase" total="2" not-run="0">
  <results>
    <test-case name="ZTestAll.exe.dbc.TZTestResultSetMetadataCase.TestResultSetMetadata" executed="True" success="True" time="0,066" result="Pass"/>
    <test-case name="ZTestAll.exe.dbc.TZTestResultSetMetadataCase.TestResultSetMetadata" executed="True" success="True" time="0,000" result="Pass"/>
    <test-case name="ZTestAll.exe.dbc.TZTestResultSetMetadataCase.TestResultSetMetadata" executed="True" success="True" time="0,002" result="Pass"/>
    <test-case name="ZTestAll.exe.dbc.TZTestResultSetMetadataCase.TestResultSetMetadata" executed="True" success="True" time="0,001" result="Pass"/>
    <test-case name="ZTestAll.exe.dbc.TZTestResultSetMetadataCase.TestResultSetMetadata" executed="True" success="True" time="0,157" result="Pass"/>
    <test-case name="ZTestAll.exe.dbc.TZTestResultSetMetadataCase.TestResultSetMetadata1" executed="True" success="True" time="0,002" result="Pass"/>
    <test-case name="ZTestAll.exe.dbc.TZTestResultSetMetadataCase.TestResultSetMetadata1" executed="True" success="True" time="0,216" result="Pass"/>
    <test-case name="ZTestAll.exe.dbc.TZTestResultSetMetadataCase.TestResultSetMetadata1" executed="True" success="True" time="0,271" result="Pass"/>
    <test-case name="ZTestAll.exe.dbc.TZTestResultSetMetadataCase.TestResultSetMetadata1" executed="True" success="True" time="0,053" result="Pass"/>
    <test-case name="ZTestAll.exe.dbc.TZTestResultSetMetadataCase.TestResultSetMetadata1" executed="True" success="True" time="0,002" result="Pass"/>
  </results>
</test-suite>
<test-suite name="dbc.TZTestCachedResolverCase" total="3" not-run="0">
  <results>
    <test-case name="ZTestAll.exe.dbc.TZTestCachedResolverCase.TestGenericResolver" executed="True" success="True" time="0,002" result="Pass"/>
    <test-case name="ZTestAll.exe.dbc.TZTestCachedResolverCase.TestGenericResolver" executed="True" success="True" time="0,000" result="Pass"/>
    <test-case name="ZTestAll.exe.dbc.TZTestCachedResolverCase.TestGenericResolver" executed="True" success="True" time="0,002" result="Pass"/>
    <test-case name="ZTestAll.exe.dbc.TZTestCachedResolverCase.TestGenericResolver" executed="True" success="True" time="0,001" result="Pass"/>
    <test-case name="ZTestAll.exe.dbc.TZTestCachedResolverCase.TestGenericResolver" executed="True" success="True" time="0,002" result="Pass"/>
    <test-case name="ZTestAll.exe.dbc.TZTestCachedResolverCase.TestInterbaseResolver" executed="True" success="True" time="0,001" result="Pass"/>
    <test-case name="ZTestAll.exe.dbc.TZTestCachedResolverCase.TestInterbaseResolver" executed="True" success="True" time="0,000" result="Pass"/>
    <test-case name="ZTestAll.exe.dbc.TZTestCachedResolverCase.TestInterbaseResolver" executed="True" success="True" time="0,002" result="Pass"/>
    <test-case name="ZTestAll.exe.dbc.TZTestCachedResolverCase.TestInterbaseResolver" executed="True" success="True" time="0,001" result="Pass"/>
    <test-case name="ZTestAll.exe.dbc.TZTestCachedResolverCase.TestInterbaseResolver" executed="True" success="True" time="0,002" result="Pass"/>
    <test-case name="ZTestAll.exe.dbc.TZTestCachedResolverCase.TestMySqlResolverPosts" executed="True" success="True" time="0,001" result="Pass"/>
    <test-case name="ZTestAll.exe.dbc.TZTestCachedResolverCase.TestMySqlResolverPosts" executed="True" success="True" time="0,000" result="Pass"/>
    <test-case name="ZTestAll.exe.dbc.TZTestCachedResolverCase.TestMySqlResolverPosts" executed="True" success="True" time="0,002" result="Pass"/>
    <test-case name="ZTestAll.exe.dbc.TZTestCachedResolverCase.TestMySqlResolverPosts" executed="True" success="True" time="0,001" result="Pass"/>
    <test-case name="ZTestAll.exe.dbc.TZTestCachedResolverCase.TestMySqlResolverPosts" executed="True" success="True" time="0,002" result="Pass"/>
  </results>
</test-suite>
<test-suite name="dbc.TZTestDbcADOCase" total="2" not-run="0">
  <results>
  </results>
</test-suite>
<test-suite name="dbc.TZTestDbcSQLiteCase" total="10" not-run="0">
  <results>
  </results>
</test-suite>
<test-suite name="dbc.TZTestPostgreSqlMetadataCase" total="18" not-run="0">
  <results>
    <test-case name="ZTestAll.exe.dbc.TZTestPostgreSqlMetadataCase.TestGetProcedures" executed="True" success="True" time="0,070" result="Pass"/>
    <test-case name="ZTestAll.exe.dbc.TZTestPostgreSqlMetadataCase.TestGetProcedureColumns" executed="True" success="True" time="0,055" result="Pass"/>
    <test-case name="ZTestAll.exe.dbc.TZTestPostgreSqlMetadataCase.TestGetTables" executed="True" success="True" time="0,061" result="Pass"/>
    <test-case name="ZTestAll.exe.dbc.TZTestPostgreSqlMetadataCase.TestGetSchemas" executed="True" success="True" time="0,058" result="Pass"/>
    <test-case name="ZTestAll.exe.dbc.TZTestPostgreSqlMetadataCase.TestGetCatalogs" executed="True" success="False" time="0,088" result="Failure">
      <failure>
        <message><![CDATA[Exception: [ETestFailure] postgresql95/postgresql-9: 
At: n/a]]></message>
        <stack-trace><![CDATA[]]></stack-trace>
      </failure>
    </test-case>
    <test-case name="ZTestAll.exe.dbc.TZTestPostgreSqlMetadataCase.TestGetTableTypes" executed="True" success="True" time="0,005" result="Pass"/>
    <test-case name="ZTestAll.exe.dbc.TZTestPostgreSqlMetadataCase.TestGetColumns" executed="True" success="True" time="0,073" result="Pass"/>
    <test-case name="ZTestAll.exe.dbc.TZTestPostgreSqlMetadataCase.TestGetColumnPrivileges" executed="True" success="True" time="0,059" result="Pass"/>
    <test-case name="ZTestAll.exe.dbc.TZTestPostgreSqlMetadataCase.TestGetTablePrivileges" executed="True" success="True" time="0,082" result="Pass"/>
    <test-case name="ZTestAll.exe.dbc.TZTestPostgreSqlMetadataCase.TestGetBestRowIdentifier" executed="True" success="True" time="0,069" result="Pass"/>
    <test-case name="ZTestAll.exe.dbc.TZTestPostgreSqlMetadataCase.TestGetVersionColumns" executed="True" success="True" time="0,005" result="Pass"/>
    <test-case name="ZTestAll.exe.dbc.TZTestPostgreSqlMetadataCase.TestGetPrimaryKeys" executed="True" success="True" time="0,048" result="Pass"/>
    <test-case name="ZTestAll.exe.dbc.TZTestPostgreSqlMetadataCase.TestGetImportedKeys" executed="True" success="True" time="0,104" result="Pass"/>
    <test-case name="ZTestAll.exe.dbc.TZTestPostgreSqlMetadataCase.TestGetExportedKeys" executed="True" success="True" time="0,195" result="Pass"/>
    <test-case name="ZTestAll.exe.dbc.TZTestPostgreSqlMetadataCase.TestGetCrossReference" executed="True" success="True" time="0,071" result="Pass"/>
    <test-case name="ZTestAll.exe.dbc.TZTestPostgreSqlMetadataCase.TestGetTypeInfo" executed="True" success="True" time="0,052" result="Pass"/>
    <test-case name="ZTestAll.exe.dbc.TZTestPostgreSqlMetadataCase.TestGetIndexInfo" executed="True" success="True" time="0,055" result="Pass"/>
    <test-case name="ZTestAll.exe.dbc.TZTestPostgreSqlMetadataCase.TestIdentifierQuoting" executed="True" success="True" time="0,003" result="Pass"/>
  </results>
</test-suite>
<test-suite name="dbc.TZTestDbcPostgreSQLCase" total="7" not-run="0">
  <results>
    <test-case name="ZTestAll.exe.dbc.TZTestDbcPostgreSQLCase.TestConnection" executed="True" success="True" time="0,099" result="Pass"/>
    <test-case name="ZTestAll.exe.dbc.TZTestDbcPostgreSQLCase.TestStatement" executed="True" success="True" time="0,111" result="Pass"/>
    <test-case name="ZTestAll.exe.dbc.TZTestDbcPostgreSQLCase.TestRegularResultSet" executed="True" success="True" time="0,063" result="Pass"/>
    <test-case name="ZTestAll.exe.dbc.TZTestDbcPostgreSQLCase.TestBlobs" executed="True" success="False" time="0,053" result="Error">
      <failure>
        <message><![CDATA[Exception: [EZSQLException] SQL Error: FEHLER:  ungltiger Large-Object-Deskriptor: 0
At: $0062FA8B]]></message>
        <stack-trace><![CDATA[]]></stack-trace>
      </failure>
    </test-case>
    <test-case name="ZTestAll.exe.dbc.TZTestDbcPostgreSQLCase.TestCaseSensitive" executed="True" success="True" time="0,083" result="Pass"/>
    <test-case name="ZTestAll.exe.dbc.TZTestDbcPostgreSQLCase.TestDefaultValues" executed="True" success="True" time="0,068" result="Pass"/>
    <test-case name="ZTestAll.exe.dbc.TZTestDbcPostgreSQLCase.TestEnumValues" executed="True" success="False" time="0,065" result="Error">
      <failure>
        <message><![CDATA[Exception: [EZSQLException] SQL Error: FEHLER:  Relation extension existiert nicht
LINE 1: SELECT * FROM extension where ext_id = 1
                      ^
At: $0062FA8B]]></message>
        <stack-trace><![CDATA[]]></stack-trace>
      </failure>
    </test-case>
  </results>
</test-suite>
<test-suite name="dbc.TZTestDbcOracleCase" total="11" not-run="0">
  <results>
  </results>
</test-suite>
<test-suite name="dbc.TZTestMySqlMetadataCase" total="10" not-run="0">
  <results>
  </results>
</test-suite>
<test-suite name="dbc.TZTestDbcMySQLCase" total="9" not-run="0">
  <results>
  </results>
</test-suite>
<test-suite name="dbc.TZTestDbcMSSqlCase" total="6" not-run="0">
  <results>
    <test-case name="ZTestAll.exe.dbc.TZTestDbcMSSqlCase.TestStoredResultSet" executed="True" success="True" time="0,007" result="Pass"/>
    <test-case name="ZTestAll.exe.dbc.TZTestDbcMSSqlCase.TestUseResultSet" executed="True" success="True" time="0,006" result="Pass"/>
    <test-case name="ZTestAll.exe.dbc.TZTestDbcMSSqlCase.TestPreparedStatement" executed="True" success="True" time="0,011" result="Pass"/>
    <test-case name="ZTestAll.exe.dbc.TZTestDbcMSSqlCase.TestStatement" executed="True" success="True" time="0,010" result="Pass"/>
    <test-case name="ZTestAll.exe.dbc.TZTestDbcMSSqlCase.TestDefaultValues" executed="True" success="True" time="0,103" result="Pass"/>
    <test-case name="ZTestAll.exe.dbc.TZTestDbcMSSqlCase.TestStoredprocedures" executed="True" success="True" time="0,008" result="Pass"/>
  </results>
</test-suite>
<test-suite name="dbc.TZInterbaseTestDbcMetadata" total="15" not-run="0">
  <results>
    <test-case name="ZTestAll.exe.dbc.TZInterbaseTestDbcMetadata.TestMetadataGetCatalogs" executed="True" success="True" time="0,158" result="Pass"/>
    <test-case name="ZTestAll.exe.dbc.TZInterbaseTestDbcMetadata.TestMetadataGetCatalogs" executed="True" success="True" time="0,055" result="Pass"/>
    <test-case name="ZTestAll.exe.dbc.TZInterbaseTestDbcMetadata.TestMetadataGetCatalogs" executed="True" success="True" time="0,030" result="Pass"/>
    <test-case name="ZTestAll.exe.dbc.TZInterbaseTestDbcMetadata.TestMetadataGetSchemas" executed="True" success="True" time="0,138" result="Pass"/>
    <test-case name="ZTestAll.exe.dbc.TZInterbaseTestDbcMetadata.TestMetadataGetSchemas" executed="True" success="True" time="0,217" result="Pass"/>
    <test-case name="ZTestAll.exe.dbc.TZInterbaseTestDbcMetadata.TestMetadataGetSchemas" executed="True" success="True" time="0,192" result="Pass"/>
    <test-case name="ZTestAll.exe.dbc.TZInterbaseTestDbcMetadata.TestMetadataGetTableTypes" executed="True" success="True" time="0,360" result="Pass"/>
    <test-case name="ZTestAll.exe.dbc.TZInterbaseTestDbcMetadata.TestMetadataGetTableTypes" executed="True" success="True" time="0,111" result="Pass"/>
    <test-case name="ZTestAll.exe.dbc.TZInterbaseTestDbcMetadata.TestMetadataGetTableTypes" executed="True" success="True" time="0,034" result="Pass"/>
    <test-case name="ZTestAll.exe.dbc.TZInterbaseTestDbcMetadata.TestMetadataGetTables" executed="True" success="True" time="0,131" result="Pass"/>
    <test-case name="ZTestAll.exe.dbc.TZInterbaseTestDbcMetadata.TestMetadataGetTables" executed="True" success="True" time="0,047" result="Pass"/>
    <test-case name="ZTestAll.exe.dbc.TZInterbaseTestDbcMetadata.TestMetadataGetTables" executed="True" success="True" time="0,045" result="Pass"/>
    <test-case name="ZTestAll.exe.dbc.TZInterbaseTestDbcMetadata.TestMetadataGetColumns" executed="True" success="True" time="0,168" result="Pass"/>
    <test-case name="ZTestAll.exe.dbc.TZInterbaseTestDbcMetadata.TestMetadataGetColumns" executed="True" success="True" time="0,045" result="Pass"/>
    <test-case name="ZTestAll.exe.dbc.TZInterbaseTestDbcMetadata.TestMetadataGetColumns" executed="True" success="True" time="0,034" result="Pass"/>
    <test-case name="ZTestAll.exe.dbc.TZInterbaseTestDbcMetadata.TestMetadataGetTablePrivileges" executed="True" success="True" time="0,162" result="Pass"/>
    <test-case name="ZTestAll.exe.dbc.TZInterbaseTestDbcMetadata.TestMetadataGetTablePrivileges" executed="True" success="True" time="0,043" result="Pass"/>
    <test-case name="ZTestAll.exe.dbc.TZInterbaseTestDbcMetadata.TestMetadataGetTablePrivileges" executed="True" success="True" time="0,037" result="Pass"/>
    <test-case name="ZTestAll.exe.dbc.TZInterbaseTestDbcMetadata.TestMetadataGetColumnPrivileges" executed="True" success="True" time="0,202" result="Pass"/>
    <test-case name="ZTestAll.exe.dbc.TZInterbaseTestDbcMetadata.TestMetadataGetColumnPrivileges" executed="True" success="True" time="0,056" result="Pass"/>
    <test-case name="ZTestAll.exe.dbc.TZInterbaseTestDbcMetadata.TestMetadataGetColumnPrivileges" executed="True" success="True" time="0,041" result="Pass"/>
    <test-case name="ZTestAll.exe.dbc.TZInterbaseTestDbcMetadata.TestMetadataGetBestRowIdentifier" executed="True" success="True" time="0,132" result="Pass"/>
    <test-case name="ZTestAll.exe.dbc.TZInterbaseTestDbcMetadata.TestMetadataGetBestRowIdentifier" executed="True" success="True" time="0,046" result="Pass"/>
    <test-case name="ZTestAll.exe.dbc.TZInterbaseTestDbcMetadata.TestMetadataGetBestRowIdentifier" executed="True" success="True" time="0,071" result="Pass"/>
    <test-case name="ZTestAll.exe.dbc.TZInterbaseTestDbcMetadata.TestMetadataGetVersionColumns" executed="True" success="True" time="0,141" result="Pass"/>
    <test-case name="ZTestAll.exe.dbc.TZInterbaseTestDbcMetadata.TestMetadataGetVersionColumns" executed="True" success="True" time="0,046" result="Pass"/>
    <test-case name="ZTestAll.exe.dbc.TZInterbaseTestDbcMetadata.TestMetadataGetVersionColumns" executed="True" success="True" time="0,031" result="Pass"/>
    <test-case name="ZTestAll.exe.dbc.TZInterbaseTestDbcMetadata.TestMetadataGetPrimaryKeys" executed="True" success="True" time="0,150" result="Pass"/>
    <test-case name="ZTestAll.exe.dbc.TZInterbaseTestDbcMetadata.TestMetadataGetPrimaryKeys" executed="True" success="True" time="0,059" result="Pass"/>
    <test-case name="ZTestAll.exe.dbc.TZInterbaseTestDbcMetadata.TestMetadataGetPrimaryKeys" executed="True" success="True" time="0,032" result="Pass"/>
    <test-case name="ZTestAll.exe.dbc.TZInterbaseTestDbcMetadata.TestMetadataGetImportedKeys" executed="True" success="True" time="0,168" result="Pass"/>
    <test-case name="ZTestAll.exe.dbc.TZInterbaseTestDbcMetadata.TestMetadataGetImportedKeys" executed="True" success="True" time="0,077" result="Pass"/>
    <test-case name="ZTestAll.exe.dbc.TZInterbaseTestDbcMetadata.TestMetadataGetImportedKeys" executed="True" success="True" time="0,072" result="Pass"/>
    <test-case name="ZTestAll.exe.dbc.TZInterbaseTestDbcMetadata.TestMetadataGetExportedKeys" executed="True" success="True" time="0,226" result="Pass"/>
    <test-case name="ZTestAll.exe.dbc.TZInterbaseTestDbcMetadata.TestMetadataGetExportedKeys" executed="True" success="True" time="0,073" result="Pass"/>
    <test-case name="ZTestAll.exe.dbc.TZInterbaseTestDbcMetadata.TestMetadataGetExportedKeys" executed="True" success="True" time="0,203" result="Pass"/>
    <test-case name="ZTestAll.exe.dbc.TZInterbaseTestDbcMetadata.TestMetadataGetCrossReference" executed="True" success="True" time="0,265" result="Pass"/>
    <test-case name="ZTestAll.exe.dbc.TZInterbaseTestDbcMetadata.TestMetadataGetCrossReference" executed="True" success="True" time="0,057" result="Pass"/>
    <test-case name="ZTestAll.exe.dbc.TZInterbaseTestDbcMetadata.TestMetadataGetCrossReference" executed="True" success="True" time="0,038" result="Pass"/>
    <test-case name="ZTestAll.exe.dbc.TZInterbaseTestDbcMetadata.TestMetadataGetIndexInfo" executed="True" success="True" time="0,547" result="Pass"/>
    <test-case name="ZTestAll.exe.dbc.TZInterbaseTestDbcMetadata.TestMetadataGetIndexInfo" executed="True" success="True" time="0,051" result="Pass"/>
    <test-case name="ZTestAll.exe.dbc.TZInterbaseTestDbcMetadata.TestMetadataGetIndexInfo" executed="True" success="True" time="0,045" result="Pass"/>
    <test-case name="ZTestAll.exe.dbc.TZInterbaseTestDbcMetadata.TestMetadataGetTypeInfo" executed="True" success="True" time="0,281" result="Pass"/>
    <test-case name="ZTestAll.exe.dbc.TZInterbaseTestDbcMetadata.TestMetadataGetTypeInfo" executed="True" success="True" time="0,051" result="Pass"/>
    <test-case name="ZTestAll.exe.dbc.TZInterbaseTestDbcMetadata.TestMetadataGetTypeInfo" executed="True" success="True" time="0,041" result="Pass"/>
  </results>
</test-suite>
<test-suite name="dbc.TZTestDbcInterbaseCase" total="12" not-run="0">
  <results>
    <test-case name="ZTestAll.exe.dbc.TZTestDbcInterbaseCase.TestConnection" executed="True" success="True" time="0,213" result="Pass"/>
    <test-case name="ZTestAll.exe.dbc.TZTestDbcInterbaseCase.TestConnection" executed="True" success="True" time="0,136" result="Pass"/>
    <test-case name="ZTestAll.exe.dbc.TZTestDbcInterbaseCase.TestConnection" executed="True" success="True" time="0,088" result="Pass"/>
    <test-case name="ZTestAll.exe.dbc.TZTestDbcInterbaseCase.TestStatement" executed="True" success="True" time="0,279" result="Pass"/>
    <test-case name="ZTestAll.exe.dbc.TZTestDbcInterbaseCase.TestStatement" executed="True" success="True" time="0,141" result="Pass"/>
    <test-case name="ZTestAll.exe.dbc.TZTestDbcInterbaseCase.TestStatement" executed="True" success="True" time="0,069" result="Pass"/>
    <test-case name="ZTestAll.exe.dbc.TZTestDbcInterbaseCase.TestRegularResultSet" executed="True" success="True" time="0,220" result="Pass"/>
    <test-case name="ZTestAll.exe.dbc.TZTestDbcInterbaseCase.TestRegularResultSet" executed="True" success="True" time="0,046" result="Pass"/>
    <test-case name="ZTestAll.exe.dbc.TZTestDbcInterbaseCase.TestRegularResultSet" executed="True" success="True" time="0,039" result="Pass"/>
    <test-case name="ZTestAll.exe.dbc.TZTestDbcInterbaseCase.TestBlobs" executed="True" success="True" time="0,232" result="Pass"/>
    <test-case name="ZTestAll.exe.dbc.TZTestDbcInterbaseCase.TestBlobs" executed="True" success="True" time="0,052" result="Pass"/>
    <test-case name="ZTestAll.exe.dbc.TZTestDbcInterbaseCase.TestBlobs" executed="True" success="True" time="0,097" result="Pass"/>
    <test-case name="ZTestAll.exe.dbc.TZTestDbcInterbaseCase.TestUpdateBlobs" executed="True" success="True" time="0,293" result="Pass"/>
    <test-case name="ZTestAll.exe.dbc.TZTestDbcInterbaseCase.TestUpdateBlobs" executed="True" success="True" time="0,069" result="Pass"/>
    <test-case name="ZTestAll.exe.dbc.TZTestDbcInterbaseCase.TestUpdateBlobs" executed="True" success="True" time="0,058" result="Pass"/>
    <test-case name="ZTestAll.exe.dbc.TZTestDbcInterbaseCase.TestCaseSensitive" executed="True" success="True" time="0,159" result="Pass"/>
    <test-case name="ZTestAll.exe.dbc.TZTestDbcInterbaseCase.TestCaseSensitive" executed="True" success="True" time="0,046" result="Pass"/>
    <test-case name="ZTestAll.exe.dbc.TZTestDbcInterbaseCase.TestCaseSensitive" executed="True" success="True" time="0,036" result="Pass"/>
    <test-case name="ZTestAll.exe.dbc.TZTestDbcInterbaseCase.TestDefaultValues" executed="True" success="True" time="0,193" result="Pass"/>
    <test-case name="ZTestAll.exe.dbc.TZTestDbcInterbaseCase.TestDefaultValues" executed="True" success="True" time="0,060" result="Pass"/>
    <test-case name="ZTestAll.exe.dbc.TZTestDbcInterbaseCase.TestDefaultValues" executed="True" success="True" time="0,053" result="Pass"/>
    <test-case name="ZTestAll.exe.dbc.TZTestDbcInterbaseCase.TestDomainValues" executed="True" success="True" time="0,167" result="Pass"/>
    <test-case name="ZTestAll.exe.dbc.TZTestDbcInterbaseCase.TestDomainValues" executed="True" success="True" time="0,054" result="Pass"/>
    <test-case name="ZTestAll.exe.dbc.TZTestDbcInterbaseCase.TestDomainValues" executed="True" success="True" time="0,051" result="Pass"/>
    <test-case name="ZTestAll.exe.dbc.TZTestDbcInterbaseCase.TestStoredprocedures" executed="True" success="True" time="0,166" result="Pass"/>
    <test-case name="ZTestAll.exe.dbc.TZTestDbcInterbaseCase.TestStoredprocedures" executed="True" success="True" time="0,049" result="Pass"/>
    <test-case name="ZTestAll.exe.dbc.TZTestDbcInterbaseCase.TestStoredprocedures" executed="True" success="True" time="0,041" result="Pass"/>
    <test-case name="ZTestAll.exe.dbc.TZTestDbcInterbaseCase.TestMsec" executed="True" success="True" time="0,341" result="Pass"/>
    <test-case name="ZTestAll.exe.dbc.TZTestDbcInterbaseCase.TestMsec" executed="True" success="True" time="0,061" result="Pass"/>
    <test-case name="ZTestAll.exe.dbc.TZTestDbcInterbaseCase.TestMsec" executed="True" success="True" time="0,054" result="Pass"/>
    <test-case name="ZTestAll.exe.dbc.TZTestDbcInterbaseCase.TestEmptyStrings" executed="True" success="True" time="0,293" result="Pass"/>
    <test-case name="ZTestAll.exe.dbc.TZTestDbcInterbaseCase.TestEmptyStrings" executed="True" success="True" time="0,051" result="Pass"/>
    <test-case name="ZTestAll.exe.dbc.TZTestDbcInterbaseCase.TestEmptyStrings" executed="True" success="True" time="0,049" result="Pass"/>
    <test-case name="ZTestAll.exe.dbc.TZTestDbcInterbaseCase.TestArrayBindings" executed="True" success="True" time="0,600" result="Pass"/>
    <test-case name="ZTestAll.exe.dbc.TZTestDbcInterbaseCase.TestArrayBindings" executed="True" success="True" time="0,162" result="Pass"/>
    <test-case name="ZTestAll.exe.dbc.TZTestDbcInterbaseCase.TestArrayBindings" executed="True" success="True" time="0,179" result="Pass"/>
  </results>
</test-suite>
<test-suite name="dbc.TZTestDbcASACase" total="7" not-run="0">
  <results>
  </results>
</test-suite>
<test-suite name="dbc.TZASATestDbcMetadata" total="14" not-run="0">
  <results>
  </results>
</test-suite>
<test-suite name="dbc.TZGenericTestDbcResultSet" total="13" not-run="0">
  <results>
    <test-case name="ZTestAll.exe.dbc.TZGenericTestDbcResultSet.TestConnection" executed="True" success="True" time="0,010" result="Pass"/>
    <test-case name="ZTestAll.exe.dbc.TZGenericTestDbcResultSet.TestConnection" executed="True" success="True" time="0,494" result="Pass"/>
    <test-case name="ZTestAll.exe.dbc.TZGenericTestDbcResultSet.TestConnection" executed="True" success="True" time="0,133" result="Pass"/>
    <test-case name="ZTestAll.exe.dbc.TZGenericTestDbcResultSet.TestConnection" executed="True" success="True" time="0,072" result="Pass"/>
    <test-case name="ZTestAll.exe.dbc.TZGenericTestDbcResultSet.TestConnection" executed="True" success="False" time="0,000" result="Failure">
      <failure>
        <message><![CDATA[Exception: [ETestFailure] postgresql95/postgresql-9: expected: <0> but was: <2>
At: n/a]]></message>
        <stack-trace><![CDATA[]]></stack-trace>
      </failure>
    </test-case>
    <test-case name="ZTestAll.exe.dbc.TZGenericTestDbcResultSet.TestStatement" executed="True" success="True" time="0,016" result="Pass"/>
    <test-case name="ZTestAll.exe.dbc.TZGenericTestDbcResultSet.TestStatement" executed="True" success="True" time="1,193" result="Pass"/>
    <test-case name="ZTestAll.exe.dbc.TZGenericTestDbcResultSet.TestStatement" executed="True" success="True" time="0,061" result="Pass"/>
    <test-case name="ZTestAll.exe.dbc.TZGenericTestDbcResultSet.TestStatement" executed="True" success="False" time="0,042" result="Error">
      <failure>
        <message><![CDATA[Exception: [EZSQLException] SQL Error:  Dynamic SQL Error SQL error code = -519 The prepare statement identifies a prepare statement with an open cursor. Error Code: -519. The prepare statement identifies a prepare statement with an open cursor The SQL: DELETE FROM department where dep_id = 32767; 
At: $00674C9B]]></message>
        <stack-trace><![CDATA[]]></stack-trace>
      </failure>
    </test-case>
    <test-case name="ZTestAll.exe.dbc.TZGenericTestDbcResultSet.TestStatement" executed="True" success="True" time="0,103" result="Pass"/>
    <test-case name="ZTestAll.exe.dbc.TZGenericTestDbcResultSet.TestPreparedStatement" executed="True" success="True" time="0,048" result="Pass"/>
    <test-case name="ZTestAll.exe.dbc.TZGenericTestDbcResultSet.TestPreparedStatement" executed="True" success="True" time="0,276" result="Pass"/>
    <test-case name="ZTestAll.exe.dbc.TZGenericTestDbcResultSet.TestPreparedStatement" executed="True" success="True" time="0,066" result="Pass"/>
    <test-case name="ZTestAll.exe.dbc.TZGenericTestDbcResultSet.TestPreparedStatement" executed="True" success="True" time="0,044" result="Pass"/>
    <test-case name="ZTestAll.exe.dbc.TZGenericTestDbcResultSet.TestPreparedStatement" executed="True" success="True" time="0,092" result="Pass"/>
    <test-case name="ZTestAll.exe.dbc.TZGenericTestDbcResultSet.TestStoredResultSetUpdate" executed="True" success="True" time="0,127" result="Pass"/>
    <test-case name="ZTestAll.exe.dbc.TZGenericTestDbcResultSet.TestStoredResultSetUpdate" executed="True" success="True" time="0,158" result="Pass"/>
    <test-case name="ZTestAll.exe.dbc.TZGenericTestDbcResultSet.TestStoredResultSetUpdate" executed="True" success="True" time="0,071" result="Pass"/>
    <test-case name="ZTestAll.exe.dbc.TZGenericTestDbcResultSet.TestStoredResultSetUpdate" executed="True" success="True" time="0,099" result="Pass"/>
    <test-case name="ZTestAll.exe.dbc.TZGenericTestDbcResultSet.TestStoredResultSetUpdate" executed="True" success="True" time="0,217" result="Pass"/>
    <test-case name="ZTestAll.exe.dbc.TZGenericTestDbcResultSet.TestCaseSensitive" executed="True" success="True" time="0,002" result="Pass"/>
    <test-case name="ZTestAll.exe.dbc.TZGenericTestDbcResultSet.TestCaseSensitive" executed="True" success="True" time="0,000" result="Pass"/>
    <test-case name="ZTestAll.exe.dbc.TZGenericTestDbcResultSet.TestCaseSensitive" executed="True" success="True" time="0,003" result="Pass"/>
    <test-case name="ZTestAll.exe.dbc.TZGenericTestDbcResultSet.TestCaseSensitive" executed="True" success="True" time="0,000" result="Pass"/>
    <test-case name="ZTestAll.exe.dbc.TZGenericTestDbcResultSet.TestCaseSensitive" executed="True" success="True" time="0,136" result="Pass"/>
    <test-case name="ZTestAll.exe.dbc.TZGenericTestDbcResultSet.TestAliases" executed="True" success="True" time="0,042" result="Pass"/>
    <test-case name="ZTestAll.exe.dbc.TZGenericTestDbcResultSet.TestAliases" executed="True" success="True" time="0,164" result="Pass"/>
    <test-case name="ZTestAll.exe.dbc.TZGenericTestDbcResultSet.TestAliases" executed="True" success="True" time="0,074" result="Pass"/>
    <test-case name="ZTestAll.exe.dbc.TZGenericTestDbcResultSet.TestAliases" executed="True" success="True" time="0,164" result="Pass"/>
    <test-case name="ZTestAll.exe.dbc.TZGenericTestDbcResultSet.TestAliases" executed="True" success="True" time="0,130" result="Pass"/>
    <test-case name="ZTestAll.exe.dbc.TZGenericTestDbcResultSet.TestStoredResultSet" executed="True" success="True" time="0,018" result="Pass"/>
    <test-case name="ZTestAll.exe.dbc.TZGenericTestDbcResultSet.TestStoredResultSet" executed="True" success="True" time="0,138" result="Pass"/>
    <test-case name="ZTestAll.exe.dbc.TZGenericTestDbcResultSet.TestStoredResultSet" executed="True" success="True" time="0,052" result="Pass"/>
    <test-case name="ZTestAll.exe.dbc.TZGenericTestDbcResultSet.TestStoredResultSet" executed="True" success="True" time="0,300" result="Pass"/>
    <test-case name="ZTestAll.exe.dbc.TZGenericTestDbcResultSet.TestStoredResultSet" executed="True" success="True" time="0,108" result="Pass"/>
    <test-case name="ZTestAll.exe.dbc.TZGenericTestDbcResultSet.TestLastQuery" executed="True" success="True" time="0,010" result="Pass"/>
    <test-case name="ZTestAll.exe.dbc.TZGenericTestDbcResultSet.TestLastQuery" executed="True" success="True" time="0,206" result="Pass"/>
    <test-case name="ZTestAll.exe.dbc.TZGenericTestDbcResultSet.TestLastQuery" executed="True" success="True" time="0,046" result="Pass"/>
    <test-case name="ZTestAll.exe.dbc.TZGenericTestDbcResultSet.TestLastQuery" executed="True" success="True" time="0,040" result="Pass"/>
    <test-case name="ZTestAll.exe.dbc.TZGenericTestDbcResultSet.TestLastQuery" executed="True" success="True" time="0,139" result="Pass"/>
    <test-case name="ZTestAll.exe.dbc.TZGenericTestDbcResultSet.TestNotNullValues" executed="True" success="True" time="0,070" result="Pass"/>
    <test-case name="ZTestAll.exe.dbc.TZGenericTestDbcResultSet.TestNotNullValues" executed="True" success="True" time="0,271" result="Pass"/>
    <test-case name="ZTestAll.exe.dbc.TZGenericTestDbcResultSet.TestNotNullValues" executed="True" success="True" time="0,246" result="Pass"/>
    <test-case name="ZTestAll.exe.dbc.TZGenericTestDbcResultSet.TestNotNullValues" executed="True" success="True" time="0,054" result="Pass"/>
    <test-case name="ZTestAll.exe.dbc.TZGenericTestDbcResultSet.TestNotNullValues" executed="True" success="True" time="0,144" result="Pass"/>
    <test-case name="ZTestAll.exe.dbc.TZGenericTestDbcResultSet.TestConcurrency" executed="True" success="True" time="0,012" result="Pass"/>
    <test-case name="ZTestAll.exe.dbc.TZGenericTestDbcResultSet.TestConcurrency" executed="True" success="False" time="0,086" result="Failure">
      <failure>
        <message><![CDATA[Exception: [ETestFailure] firebird30/firebird-3.0: 
At: n/a]]></message>
        <stack-trace><![CDATA[]]></stack-trace>
      </failure>
    </test-case>
    <test-case name="ZTestAll.exe.dbc.TZGenericTestDbcResultSet.TestConcurrency" executed="True" success="False" time="0,030" result="Failure">
      <failure>
        <message><![CDATA[Exception: [ETestFailure] firebird25/firebird-2.5: 
At: n/a]]></message>
        <stack-trace><![CDATA[]]></stack-trace>
      </failure>
    </test-case>
    <test-case name="ZTestAll.exe.dbc.TZGenericTestDbcResultSet.TestConcurrency" executed="True" success="False" time="0,019" result="Failure">
      <failure>
        <message><![CDATA[Exception: [ETestFailure] firebird20/firebird-2.0: 
At: n/a]]></message>
        <stack-trace><![CDATA[]]></stack-trace>
      </failure>
    </test-case>
    <test-case name="ZTestAll.exe.dbc.TZGenericTestDbcResultSet.TestConcurrency" executed="True" success="False" time="0,147" result="Failure">
      <failure>
        <message><![CDATA[Exception: [ETestFailure] postgresql95/postgresql-9: 
At: n/a]]></message>
        <stack-trace><![CDATA[]]></stack-trace>
      </failure>
    </test-case>
    <test-case name="ZTestAll.exe.dbc.TZGenericTestDbcResultSet.TestStringGetter" executed="True" success="True" time="0,007" result="Pass"/>
    <test-case name="ZTestAll.exe.dbc.TZGenericTestDbcResultSet.TestStringGetter" executed="True" success="True" time="0,231" result="Pass"/>
    <test-case name="ZTestAll.exe.dbc.TZGenericTestDbcResultSet.TestStringGetter" executed="True" success="True" time="0,102" result="Pass"/>
    <test-case name="ZTestAll.exe.dbc.TZGenericTestDbcResultSet.TestStringGetter" executed="True" success="True" time="0,053" result="Pass"/>
    <test-case name="ZTestAll.exe.dbc.TZGenericTestDbcResultSet.TestStringGetter" executed="True" success="True" time="0,163" result="Pass"/>
    <test-case name="ZTestAll.exe.dbc.TZGenericTestDbcResultSet.TestStringToSignedIntegerConversions" executed="True" success="True" time="0,019" result="Pass"/>
    <test-case name="ZTestAll.exe.dbc.TZGenericTestDbcResultSet.TestStringToSignedIntegerConversions" executed="True" success="True" time="0,193" result="Pass"/>
    <test-case name="ZTestAll.exe.dbc.TZGenericTestDbcResultSet.TestStringToSignedIntegerConversions" executed="True" success="True" time="0,089" result="Pass"/>
    <test-case name="ZTestAll.exe.dbc.TZGenericTestDbcResultSet.TestStringToSignedIntegerConversions" executed="True" success="True" time="0,141" result="Pass"/>
    <test-case name="ZTestAll.exe.dbc.TZGenericTestDbcResultSet.TestStringToSignedIntegerConversions" executed="True" success="True" time="0,226" result="Pass"/>
    <test-case name="ZTestAll.exe.dbc.TZGenericTestDbcResultSet.TestStringToUnsignedIntegerConversions" executed="True" success="True" time="0,025" result="Pass"/>
    <test-case name="ZTestAll.exe.dbc.TZGenericTestDbcResultSet.TestStringToUnsignedIntegerConversions" executed="True" success="True" time="0,133" result="Pass"/>
    <test-case name="ZTestAll.exe.dbc.TZGenericTestDbcResultSet.TestStringToUnsignedIntegerConversions" executed="True" success="True" time="0,054" result="Pass"/>
    <test-case name="ZTestAll.exe.dbc.TZGenericTestDbcResultSet.TestStringToUnsignedIntegerConversions" executed="True" success="True" time="0,045" result="Pass"/>
    <test-case name="ZTestAll.exe.dbc.TZGenericTestDbcResultSet.TestStringToUnsignedIntegerConversions" executed="True" success="True" time="0,097" result="Pass"/>
  </results>
</test-suite>
  </results>
</test-suite>
<test-suite name="component" total="81" not-run="0">
  <results>
<test-suite name="component.TZTestSQLTypesCase" total="1" not-run="0">
  <results>
    <test-case name="ZTestAll.exe.component.TZTestSQLTypesCase.TestDateTypes" executed="True" success="True" time="0,058" result="Pass"/>
    <test-case name="ZTestAll.exe.component.TZTestSQLTypesCase.TestDateTypes" executed="True" success="True" time="0,118" result="Pass"/>
    <test-case name="ZTestAll.exe.component.TZTestSQLTypesCase.TestDateTypes" executed="True" success="True" time="0,061" result="Pass"/>
    <test-case name="ZTestAll.exe.component.TZTestSQLTypesCase.TestDateTypes" executed="True" success="True" time="0,039" result="Pass"/>
    <test-case name="ZTestAll.exe.component.TZTestSQLTypesCase.TestDateTypes" executed="True" success="True" time="0,130" result="Pass"/>
  </results>
</test-suite>
<test-suite name="component.TZTestSQLStringsCase" total="4" not-run="0">
  <results>
    <test-case name="ZTestAll.exe.component.TZTestSQLStringsCase.TestStatements" executed="True" success="True" time="0,000" result="Pass"/>
    <test-case name="ZTestAll.exe.component.TZTestSQLStringsCase.TestParams" executed="True" success="True" time="0,000" result="Pass"/>
    <test-case name="ZTestAll.exe.component.TZTestSQLStringsCase.TestParamChar" executed="True" success="True" time="0,001" result="Pass"/>
    <test-case name="ZTestAll.exe.component.TZTestSQLStringsCase.TestUncompleted" executed="True" success="True" time="0,000" result="Pass"/>
  </results>
</test-suite>
<test-suite name="component.TZTestSQLProcessorCase" total="7" not-run="0">
  <results>
    <test-case name="ZTestAll.exe.component.TZTestSQLProcessorCase.TestDefaultProcessor" executed="True" success="True" time="0,019" result="Pass"/>
    <test-case name="ZTestAll.exe.component.TZTestSQLProcessorCase.TestDefaultProcessor" executed="True" success="True" time="0,342" result="Pass"/>
    <test-case name="ZTestAll.exe.component.TZTestSQLProcessorCase.TestDefaultProcessor" executed="True" success="True" time="0,215" result="Pass"/>
    <test-case name="ZTestAll.exe.component.TZTestSQLProcessorCase.TestDefaultProcessor" executed="True" success="True" time="0,030" result="Pass"/>
    <test-case name="ZTestAll.exe.component.TZTestSQLProcessorCase.TestDefaultProcessor" executed="True" success="True" time="0,113" result="Pass"/>
    <test-case name="ZTestAll.exe.component.TZTestSQLProcessorCase.TestGoProcessor" executed="True" success="True" time="0,014" result="Pass"/>
    <test-case name="ZTestAll.exe.component.TZTestSQLProcessorCase.TestGoProcessor" executed="True" success="True" time="0,103" result="Pass"/>
    <test-case name="ZTestAll.exe.component.TZTestSQLProcessorCase.TestGoProcessor" executed="True" success="True" time="0,061" result="Pass"/>
    <test-case name="ZTestAll.exe.component.TZTestSQLProcessorCase.TestGoProcessor" executed="True" success="True" time="0,028" result="Pass"/>
    <test-case name="ZTestAll.exe.component.TZTestSQLProcessorCase.TestGoProcessor" executed="True" success="True" time="0,090" result="Pass"/>
    <test-case name="ZTestAll.exe.component.TZTestSQLProcessorCase.TestEmptyLineProcessor" executed="True" success="True" time="0,012" result="Pass"/>
    <test-case name="ZTestAll.exe.component.TZTestSQLProcessorCase.TestEmptyLineProcessor" executed="True" success="True" time="0,250" result="Pass"/>
    <test-case name="ZTestAll.exe.component.TZTestSQLProcessorCase.TestEmptyLineProcessor" executed="True" success="True" time="0,042" result="Pass"/>
    <test-case name="ZTestAll.exe.component.TZTestSQLProcessorCase.TestEmptyLineProcessor" executed="True" success="True" time="0,108" result="Pass"/>
    <test-case name="ZTestAll.exe.component.TZTestSQLProcessorCase.TestEmptyLineProcessor" executed="True" success="True" time="0,074" result="Pass"/>
    <test-case name="ZTestAll.exe.component.TZTestSQLProcessorCase.TestSetTermProcessor" executed="True" success="True" time="0,012" result="Pass"/>
    <test-case name="ZTestAll.exe.component.TZTestSQLProcessorCase.TestSetTermProcessor" executed="True" success="True" time="0,106" result="Pass"/>
    <test-case name="ZTestAll.exe.component.TZTestSQLProcessorCase.TestSetTermProcessor" executed="True" success="True" time="0,043" result="Pass"/>
    <test-case name="ZTestAll.exe.component.TZTestSQLProcessorCase.TestSetTermProcessor" executed="True" success="True" time="0,030" result="Pass"/>
    <test-case name="ZTestAll.exe.component.TZTestSQLProcessorCase.TestSetTermProcessor" executed="True" success="True" time="0,144" result="Pass"/>
    <test-case name="ZTestAll.exe.component.TZTestSQLProcessorCase.TestUncompleted" executed="True" success="True" time="0,010" result="Pass"/>
    <test-case name="ZTestAll.exe.component.TZTestSQLProcessorCase.TestUncompleted" executed="True" success="True" time="0,095" result="Pass"/>
    <test-case name="ZTestAll.exe.component.TZTestSQLProcessorCase.TestUncompleted" executed="True" success="True" time="0,051" result="Pass"/>
    <test-case name="ZTestAll.exe.component.TZTestSQLProcessorCase.TestUncompleted" executed="True" success="True" time="0,026" result="Pass"/>
    <test-case name="ZTestAll.exe.component.TZTestSQLProcessorCase.TestUncompleted" executed="True" success="True" time="0,233" result="Pass"/>
    <test-case name="ZTestAll.exe.component.TZTestSQLProcessorCase.TestParamChar" executed="True" success="True" time="0,012" result="Pass"/>
    <test-case name="ZTestAll.exe.component.TZTestSQLProcessorCase.TestParamChar" executed="True" success="True" time="0,356" result="Pass"/>
    <test-case name="ZTestAll.exe.component.TZTestSQLProcessorCase.TestParamChar" executed="True" success="True" time="0,052" result="Pass"/>
    <test-case name="ZTestAll.exe.component.TZTestSQLProcessorCase.TestParamChar" executed="True" success="True" time="0,028" result="Pass"/>
    <test-case name="ZTestAll.exe.component.TZTestSQLProcessorCase.TestParamChar" executed="True" success="True" time="0,127" result="Pass"/>
    <test-case name="ZTestAll.exe.component.TZTestSQLProcessorCase.TestScriptParser" executed="True" success="True" time="0,008" result="Pass"/>
    <test-case name="ZTestAll.exe.component.TZTestSQLProcessorCase.TestScriptParser" executed="True" success="True" time="0,082" result="Pass"/>
    <test-case name="ZTestAll.exe.component.TZTestSQLProcessorCase.TestScriptParser" executed="True" success="True" time="0,047" result="Pass"/>
    <test-case name="ZTestAll.exe.component.TZTestSQLProcessorCase.TestScriptParser" executed="True" success="True" time="0,026" result="Pass"/>
    <test-case name="ZTestAll.exe.component.TZTestSQLProcessorCase.TestScriptParser" executed="True" success="True" time="0,162" result="Pass"/>
  </results>
</test-suite>
<test-suite name="component.TZTestSQLProcessorMysqlCase" total="4" not-run="0">
  <results>
  </results>
</test-suite>
<test-suite name="component.TZTestSQLMetadataCase" total="1" not-run="0">
  <results>
    <test-case name="ZTestAll.exe.component.TZTestSQLMetadataCase.TestMainDatasets" executed="True" success="True" time="0,030" result="Pass"/>
    <test-case name="ZTestAll.exe.component.TZTestSQLMetadataCase.TestMainDatasets" executed="True" success="True" time="0,206" result="Pass"/>
    <test-case name="ZTestAll.exe.component.TZTestSQLMetadataCase.TestMainDatasets" executed="True" success="True" time="0,048" result="Pass"/>
    <test-case name="ZTestAll.exe.component.TZTestSQLMetadataCase.TestMainDatasets" executed="True" success="True" time="0,032" result="Pass"/>
    <test-case name="ZTestAll.exe.component.TZTestSQLMetadataCase.TestMainDatasets" executed="True" success="True" time="0,126" result="Pass"/>
  </results>
</test-suite>
<test-suite name="component.TZTestSortingCase" total="2" not-run="0">
  <results>
    <test-case name="ZTestAll.exe.component.TZTestSortingCase.TestResultSetSort" executed="True" success="True" time="0,014" result="Pass"/>
    <test-case name="ZTestAll.exe.component.TZTestSortingCase.TestResultSetSort" executed="True" success="True" time="0,097" result="Pass"/>
    <test-case name="ZTestAll.exe.component.TZTestSortingCase.TestResultSetSort" executed="True" success="True" time="0,049" result="Pass"/>
    <test-case name="ZTestAll.exe.component.TZTestSortingCase.TestResultSetSort" executed="True" success="True" time="0,033" result="Pass"/>
    <test-case name="ZTestAll.exe.component.TZTestSortingCase.TestResultSetSort" executed="True" success="True" time="0,130" result="Pass"/>
    <test-case name="ZTestAll.exe.component.TZTestSortingCase.TestCachedResultSetSort" executed="True" success="True" time="0,013" result="Pass"/>
    <test-case name="ZTestAll.exe.component.TZTestSortingCase.TestCachedResultSetSort" executed="True" success="True" time="0,179" result="Pass"/>
    <test-case name="ZTestAll.exe.component.TZTestSortingCase.TestCachedResultSetSort" executed="True" success="True" time="0,306" result="Pass"/>
    <test-case name="ZTestAll.exe.component.TZTestSortingCase.TestCachedResultSetSort" executed="True" success="True" time="0,044" result="Pass"/>
    <test-case name="ZTestAll.exe.component.TZTestSortingCase.TestCachedResultSetSort" executed="True" success="True" time="0,287" result="Pass"/>
  </results>
</test-suite>
<test-suite name="component.TZTestMasterDetailCase" total="3" not-run="0">
  <results>
    <test-case name="ZTestAll.exe.component.TZTestMasterDetailCase.TestDataSource" executed="True" success="True" time="0,022" result="Pass"/>
    <test-case name="ZTestAll.exe.component.TZTestMasterDetailCase.TestDataSource" executed="True" success="True" time="0,135" result="Pass"/>
    <test-case name="ZTestAll.exe.component.TZTestMasterDetailCase.TestDataSource" executed="True" success="True" time="0,072" result="Pass"/>
    <test-case name="ZTestAll.exe.component.TZTestMasterDetailCase.TestDataSource" executed="True" success="True" time="0,039" result="Pass"/>
    <test-case name="ZTestAll.exe.component.TZTestMasterDetailCase.TestDataSource" executed="True" success="True" time="0,166" result="Pass"/>
    <test-case name="ZTestAll.exe.component.TZTestMasterDetailCase.TestMasterFields" executed="True" success="True" time="0,018" result="Pass"/>
    <test-case name="ZTestAll.exe.component.TZTestMasterDetailCase.TestMasterFields" executed="True" success="True" time="0,175" result="Pass"/>
    <test-case name="ZTestAll.exe.component.TZTestMasterDetailCase.TestMasterFields" executed="True" success="True" time="0,179" result="Pass"/>
    <test-case name="ZTestAll.exe.component.TZTestMasterDetailCase.TestMasterFields" executed="True" success="True" time="0,046" result="Pass"/>
    <test-case name="ZTestAll.exe.component.TZTestMasterDetailCase.TestMasterFields" executed="True" success="True" time="0,135" result="Pass"/>
    <test-case name="ZTestAll.exe.component.TZTestMasterDetailCase.TestClientDataset" executed="True" success="True" time="0,032" result="Pass"/>
    <test-case name="ZTestAll.exe.component.TZTestMasterDetailCase.TestClientDataset" executed="True" success="True" time="0,216" result="Pass"/>
    <test-case name="ZTestAll.exe.component.TZTestMasterDetailCase.TestClientDataset" executed="True" success="True" time="0,428" result="Pass"/>
    <test-case name="ZTestAll.exe.component.TZTestMasterDetailCase.TestClientDataset" executed="True" success="True" time="0,079" result="Pass"/>
    <test-case name="ZTestAll.exe.component.TZTestMasterDetailCase.TestClientDataset" executed="True" success="True" time="0,144" result="Pass"/>
  </results>
</test-suite>
<test-suite name="component.TZTestMasterDetailCaseMBCs" total="1" not-run="0">
  <results>
    <test-case name="ZTestAll.exe.component.TZTestMasterDetailCaseMBCs.TestClientDatasetWithForeignKey_doUpdateMasterFirst" executed="True" success="True" time="0,039" result="Pass"/>
    <test-case name="ZTestAll.exe.component.TZTestMasterDetailCaseMBCs.TestClientDatasetWithForeignKey_doUpdateMasterFirst" executed="True" success="True" time="0,138" result="Pass"/>
    <test-case name="ZTestAll.exe.component.TZTestMasterDetailCaseMBCs.TestClientDatasetWithForeignKey_doUpdateMasterFirst" executed="True" success="True" time="0,064" result="Pass"/>
    <test-case name="ZTestAll.exe.component.TZTestMasterDetailCaseMBCs.TestClientDatasetWithForeignKey_doUpdateMasterFirst" executed="True" success="True" time="0,065" result="Pass"/>
    <test-case name="ZTestAll.exe.component.TZTestMasterDetailCaseMBCs.TestClientDatasetWithForeignKey_doUpdateMasterFirst" executed="True" success="True" time="0,145" result="Pass"/>
  </results>
</test-suite>
<test-suite name="component.TZTestExecSQLCase" total="2" not-run="0">
  <results>
    <test-case name="ZTestAll.exe.component.TZTestExecSQLCase.TestParams" executed="True" success="True" time="0,063" result="Pass"/>
    <test-case name="ZTestAll.exe.component.TZTestExecSQLCase.TestParams" executed="True" success="True" time="0,084" result="Pass"/>
    <test-case name="ZTestAll.exe.component.TZTestExecSQLCase.TestParams" executed="True" success="True" time="0,056" result="Pass"/>
    <test-case name="ZTestAll.exe.component.TZTestExecSQLCase.TestParams" executed="True" success="True" time="0,040" result="Pass"/>
    <test-case name="ZTestAll.exe.component.TZTestExecSQLCase.TestParams" executed="True" success="True" time="0,126" result="Pass"/>
    <test-case name="ZTestAll.exe.component.TZTestExecSQLCase.TestKeepParams" executed="True" success="True" time="0,000" result="Pass"/>
    <test-case name="ZTestAll.exe.component.TZTestExecSQLCase.TestKeepParams" executed="True" success="True" time="0,000" result="Pass"/>
    <test-case name="ZTestAll.exe.component.TZTestExecSQLCase.TestKeepParams" executed="True" success="True" time="0,000" result="Pass"/>
    <test-case name="ZTestAll.exe.component.TZTestExecSQLCase.TestKeepParams" executed="True" success="True" time="0,000" result="Pass"/>
    <test-case name="ZTestAll.exe.component.TZTestExecSQLCase.TestKeepParams" executed="True" success="True" time="0,000" result="Pass"/>
  </results>
</test-suite>
<test-suite name="component.TZGenericTestDataSet" total="25" not-run="0">
  <results>
    <test-case name="ZTestAll.exe.component.TZGenericTestDataSet.TestConnection" executed="True" success="True" time="0,100" result="Pass"/>
    <test-case name="ZTestAll.exe.component.TZGenericTestDataSet.TestConnection" executed="True" success="True" time="0,271" result="Pass"/>
    <test-case name="ZTestAll.exe.component.TZGenericTestDataSet.TestConnection" executed="True" success="True" time="0,134" result="Pass"/>
    <test-case name="ZTestAll.exe.component.TZGenericTestDataSet.TestConnection" executed="True" success="True" time="0,274" result="Pass"/>
    <test-case name="ZTestAll.exe.component.TZGenericTestDataSet.TestConnection" executed="True" success="True" time="0,467" result="Pass"/>
    <test-case name="ZTestAll.exe.component.TZGenericTestDataSet.TestReadOnlyQuery" executed="True" success="True" time="0,063" result="Pass"/>
    <test-case name="ZTestAll.exe.component.TZGenericTestDataSet.TestReadOnlyQuery" executed="True" success="True" time="0,130" result="Pass"/>
    <test-case name="ZTestAll.exe.component.TZGenericTestDataSet.TestReadOnlyQuery" executed="True" success="True" time="0,068" result="Pass"/>
    <test-case name="ZTestAll.exe.component.TZGenericTestDataSet.TestReadOnlyQuery" executed="True" success="True" time="0,048" result="Pass"/>
    <test-case name="ZTestAll.exe.component.TZGenericTestDataSet.TestReadOnlyQuery" executed="True" success="True" time="0,176" result="Pass"/>
    <test-case name="ZTestAll.exe.component.TZGenericTestDataSet.TestReadOnlyQueryUniDirectional" executed="True" success="True" time="0,025" result="Pass"/>
    <test-case name="ZTestAll.exe.component.TZGenericTestDataSet.TestReadOnlyQueryUniDirectional" executed="True" success="True" time="0,130" result="Pass"/>
    <test-case name="ZTestAll.exe.component.TZGenericTestDataSet.TestReadOnlyQueryUniDirectional" executed="True" success="True" time="0,061" result="Pass"/>
    <test-case name="ZTestAll.exe.component.TZGenericTestDataSet.TestReadOnlyQueryUniDirectional" executed="True" success="True" time="0,049" result="Pass"/>
    <test-case name="ZTestAll.exe.component.TZGenericTestDataSet.TestReadOnlyQueryUniDirectional" executed="True" success="True" time="0,152" result="Pass"/>
    <test-case name="ZTestAll.exe.component.TZGenericTestDataSet.TestQuery" executed="True" success="True" time="0,024" result="Pass"/>
    <test-case name="ZTestAll.exe.component.TZGenericTestDataSet.TestQuery" executed="True" success="True" time="0,120" result="Pass"/>
    <test-case name="ZTestAll.exe.component.TZGenericTestDataSet.TestQuery" executed="True" success="True" time="0,120" result="Pass"/>
    <test-case name="ZTestAll.exe.component.TZGenericTestDataSet.TestQuery" executed="True" success="True" time="0,048" result="Pass"/>
    <test-case name="ZTestAll.exe.component.TZGenericTestDataSet.TestQuery" executed="True" success="True" time="0,166" result="Pass"/>
    <test-case name="ZTestAll.exe.component.TZGenericTestDataSet.TestReadOnlyQueryExecSql" executed="True" success="True" time="0,143" result="Pass"/>
    <test-case name="ZTestAll.exe.component.TZGenericTestDataSet.TestReadOnlyQueryExecSql" executed="True" success="True" time="0,170" result="Pass"/>
    <test-case name="ZTestAll.exe.component.TZGenericTestDataSet.TestReadOnlyQueryExecSql" executed="True" success="True" time="0,061" result="Pass"/>
    <test-case name="ZTestAll.exe.component.TZGenericTestDataSet.TestReadOnlyQueryExecSql" executed="True" success="True" time="0,226" result="Pass"/>
    <test-case name="ZTestAll.exe.component.TZGenericTestDataSet.TestReadOnlyQueryExecSql" executed="True" success="True" time="0,091" result="Pass"/>
    <test-case name="ZTestAll.exe.component.TZGenericTestDataSet.TestQueryExecSql" executed="True" success="True" time="0,019" result="Pass"/>
    <test-case name="ZTestAll.exe.component.TZGenericTestDataSet.TestQueryExecSql" executed="True" success="True" time="0,153" result="Pass"/>
    <test-case name="ZTestAll.exe.component.TZGenericTestDataSet.TestQueryExecSql" executed="True" success="True" time="0,069" result="Pass"/>
    <test-case name="ZTestAll.exe.component.TZGenericTestDataSet.TestQueryExecSql" executed="True" success="True" time="0,302" result="Pass"/>
    <test-case name="ZTestAll.exe.component.TZGenericTestDataSet.TestQueryExecSql" executed="True" success="True" time="0,082" result="Pass"/>
    <test-case name="ZTestAll.exe.component.TZGenericTestDataSet.TestQueryUpdate" executed="True" success="True" time="0,037" result="Pass"/>
    <test-case name="ZTestAll.exe.component.TZGenericTestDataSet.TestQueryUpdate" executed="True" success="True" time="0,161" result="Pass"/>
    <test-case name="ZTestAll.exe.component.TZGenericTestDataSet.TestQueryUpdate" executed="True" success="True" time="0,095" result="Pass"/>
    <test-case name="ZTestAll.exe.component.TZGenericTestDataSet.TestQueryUpdate" executed="True" success="True" time="0,091" result="Pass"/>
    <test-case name="ZTestAll.exe.component.TZGenericTestDataSet.TestQueryUpdate" executed="True" success="True" time="0,147" result="Pass"/>
    <test-case name="ZTestAll.exe.component.TZGenericTestDataSet.TestPreparedStatement" executed="True" success="True" time="0,028" result="Pass"/>
    <test-case name="ZTestAll.exe.component.TZGenericTestDataSet.TestPreparedStatement" executed="True" success="True" time="0,353" result="Pass"/>
    <test-case name="ZTestAll.exe.component.TZGenericTestDataSet.TestPreparedStatement" executed="True" success="True" time="0,090" result="Pass"/>
    <test-case name="ZTestAll.exe.component.TZGenericTestDataSet.TestPreparedStatement" executed="True" success="True" time="0,078" result="Pass"/>
    <test-case name="ZTestAll.exe.component.TZGenericTestDataSet.TestPreparedStatement" executed="True" success="True" time="0,132" result="Pass"/>
    <test-case name="ZTestAll.exe.component.TZGenericTestDataSet.TestParamChar" executed="True" success="True" time="0,019" result="Pass"/>
    <test-case name="ZTestAll.exe.component.TZGenericTestDataSet.TestParamChar" executed="True" success="True" time="0,140" result="Pass"/>
    <test-case name="ZTestAll.exe.component.TZGenericTestDataSet.TestParamChar" executed="True" success="True" time="0,052" result="Pass"/>
    <test-case name="ZTestAll.exe.component.TZGenericTestDataSet.TestParamChar" executed="True" success="True" time="0,042" result="Pass"/>
    <test-case name="ZTestAll.exe.component.TZGenericTestDataSet.TestParamChar" executed="True" success="True" time="0,156" result="Pass"/>
    <test-case name="ZTestAll.exe.component.TZGenericTestDataSet.TestReadOnlyQueryFilter" executed="True" success="True" time="0,000" result="Pass"/>
    <test-case name="ZTestAll.exe.component.TZGenericTestDataSet.TestReadOnlyQueryFilter" executed="True" success="True" time="0,000" result="Pass"/>
    <test-case name="ZTestAll.exe.component.TZGenericTestDataSet.TestReadOnlyQueryFilter" executed="True" success="True" time="0,000" result="Pass"/>
    <test-case name="ZTestAll.exe.component.TZGenericTestDataSet.TestReadOnlyQueryFilter" executed="True" success="True" time="0,000" result="Pass"/>
    <test-case name="ZTestAll.exe.component.TZGenericTestDataSet.TestReadOnlyQueryFilter" executed="True" success="True" time="0,000" result="Pass"/>
    <test-case name="ZTestAll.exe.component.TZGenericTestDataSet.TestQueryFilter" executed="True" success="True" time="0,000" result="Pass"/>
    <test-case name="ZTestAll.exe.component.TZGenericTestDataSet.TestQueryFilter" executed="True" success="True" time="0,000" result="Pass"/>
    <test-case name="ZTestAll.exe.component.TZGenericTestDataSet.TestQueryFilter" executed="True" success="True" time="0,000" result="Pass"/>
    <test-case name="ZTestAll.exe.component.TZGenericTestDataSet.TestQueryFilter" executed="True" success="True" time="0,000" result="Pass"/>
    <test-case name="ZTestAll.exe.component.TZGenericTestDataSet.TestQueryFilter" executed="True" success="True" time="0,000" result="Pass"/>
    <test-case name="ZTestAll.exe.component.TZGenericTestDataSet.TestQueryLocate" executed="True" success="True" time="0,014" result="Pass"/>
    <test-case name="ZTestAll.exe.component.TZGenericTestDataSet.TestQueryLocate" executed="True" success="True" time="0,222" result="Pass"/>
    <test-case name="ZTestAll.exe.component.TZGenericTestDataSet.TestQueryLocate" executed="True" success="True" time="0,054" result="Pass"/>
    <test-case name="ZTestAll.exe.component.TZGenericTestDataSet.TestQueryLocate" executed="True" success="True" time="0,033" result="Pass"/>
    <test-case name="ZTestAll.exe.component.TZGenericTestDataSet.TestQueryLocate" executed="True" success="True" time="0,126" result="Pass"/>
    <test-case name="ZTestAll.exe.component.TZGenericTestDataSet.TestFilterExpression" executed="True" success="True" time="0,013" result="Pass"/>
    <test-case name="ZTestAll.exe.component.TZGenericTestDataSet.TestFilterExpression" executed="True" success="True" time="0,105" result="Pass"/>
    <test-case name="ZTestAll.exe.component.TZGenericTestDataSet.TestFilterExpression" executed="True" success="True" time="0,051" result="Pass"/>
    <test-case name="ZTestAll.exe.component.TZGenericTestDataSet.TestFilterExpression" executed="True" success="True" time="0,043" result="Pass"/>
    <test-case name="ZTestAll.exe.component.TZGenericTestDataSet.TestFilterExpression" executed="True" success="True" time="0,117" result="Pass"/>
    <test-case name="ZTestAll.exe.component.TZGenericTestDataSet.TestDecodingSortedFields" executed="True" success="True" time="0,014" result="Pass"/>
    <test-case name="ZTestAll.exe.component.TZGenericTestDataSet.TestDecodingSortedFields" executed="True" success="True" time="0,130" result="Pass"/>
    <test-case name="ZTestAll.exe.component.TZGenericTestDataSet.TestDecodingSortedFields" executed="True" success="True" time="0,180" result="Pass"/>
    <test-case name="ZTestAll.exe.component.TZGenericTestDataSet.TestDecodingSortedFields" executed="True" success="True" time="0,111" result="Pass"/>
    <test-case name="ZTestAll.exe.component.TZGenericTestDataSet.TestDecodingSortedFields" executed="True" success="True" time="0,365" result="Pass"/>
    <test-case name="ZTestAll.exe.component.TZGenericTestDataSet.TestSmartOpen" executed="True" success="True" time="0,033" result="Pass"/>
    <test-case name="ZTestAll.exe.component.TZGenericTestDataSet.TestSmartOpen" executed="True" success="True" time="0,099" result="Pass"/>
    <test-case name="ZTestAll.exe.component.TZGenericTestDataSet.TestSmartOpen" executed="True" success="True" time="0,055" result="Pass"/>
    <test-case name="ZTestAll.exe.component.TZGenericTestDataSet.TestSmartOpen" executed="True" success="True" time="0,072" result="Pass"/>
    <test-case name="ZTestAll.exe.component.TZGenericTestDataSet.TestSmartOpen" executed="True" success="True" time="0,152" result="Pass"/>
    <test-case name="ZTestAll.exe.component.TZGenericTestDataSet.TestPrepare" executed="True" success="True" time="0,033" result="Pass"/>
    <test-case name="ZTestAll.exe.component.TZGenericTestDataSet.TestPrepare" executed="True" success="True" time="0,166" result="Pass"/>
    <test-case name="ZTestAll.exe.component.TZGenericTestDataSet.TestPrepare" executed="True" success="True" time="0,052" result="Pass"/>
    <test-case name="ZTestAll.exe.component.TZGenericTestDataSet.TestPrepare" executed="True" success="True" time="0,055" result="Pass"/>
    <test-case name="ZTestAll.exe.component.TZGenericTestDataSet.TestPrepare" executed="True" success="True" time="0,133" result="Pass"/>
    <test-case name="ZTestAll.exe.component.TZGenericTestDataSet.TestTimeFilterExpression" executed="True" success="True" time="0,027" result="Pass"/>
    <test-case name="ZTestAll.exe.component.TZGenericTestDataSet.TestTimeFilterExpression" executed="True" success="True" time="0,127" result="Pass"/>
    <test-case name="ZTestAll.exe.component.TZGenericTestDataSet.TestTimeFilterExpression" executed="True" success="True" time="0,172" result="Pass"/>
    <test-case name="ZTestAll.exe.component.TZGenericTestDataSet.TestTimeFilterExpression" executed="True" success="True" time="0,036" result="Pass"/>
    <test-case name="ZTestAll.exe.component.TZGenericTestDataSet.TestTimeFilterExpression" executed="True" success="True" time="0,123" result="Pass"/>
    <test-case name="ZTestAll.exe.component.TZGenericTestDataSet.TestDateTimeFilterExpression" executed="True" success="True" time="0,017" result="Pass"/>
    <test-case name="ZTestAll.exe.component.TZGenericTestDataSet.TestDateTimeFilterExpression" executed="True" success="True" time="0,241" result="Pass"/>
    <test-case name="ZTestAll.exe.component.TZGenericTestDataSet.TestDateTimeFilterExpression" executed="True" success="True" time="0,218" result="Pass"/>
    <test-case name="ZTestAll.exe.component.TZGenericTestDataSet.TestDateTimeFilterExpression" executed="True" success="True" time="0,037" result="Pass"/>
    <test-case name="ZTestAll.exe.component.TZGenericTestDataSet.TestDateTimeFilterExpression" executed="True" success="True" time="0,183" result="Pass"/>
    <test-case name="ZTestAll.exe.component.TZGenericTestDataSet.TestTimeLocateExpression" executed="True" success="True" time="0,012" result="Pass"/>
    <test-case name="ZTestAll.exe.component.TZGenericTestDataSet.TestTimeLocateExpression" executed="True" success="True" time="0,118" result="Pass"/>
    <test-case name="ZTestAll.exe.component.TZGenericTestDataSet.TestTimeLocateExpression" executed="True" success="True" time="0,051" result="Pass"/>
    <test-case name="ZTestAll.exe.component.TZGenericTestDataSet.TestTimeLocateExpression" executed="True" success="True" time="0,034" result="Pass"/>
    <test-case name="ZTestAll.exe.component.TZGenericTestDataSet.TestTimeLocateExpression" executed="True" success="True" time="0,163" result="Pass"/>
    <test-case name="ZTestAll.exe.component.TZGenericTestDataSet.TestDateTimeLocateExpression" executed="True" success="True" time="0,018" result="Pass"/>
    <test-case name="ZTestAll.exe.component.TZGenericTestDataSet.TestDateTimeLocateExpression" executed="True" success="True" time="0,245" result="Pass"/>
    <test-case name="ZTestAll.exe.component.TZGenericTestDataSet.TestDateTimeLocateExpression" executed="True" success="True" time="0,070" result="Pass"/>
    <test-case name="ZTestAll.exe.component.TZGenericTestDataSet.TestDateTimeLocateExpression" executed="True" success="True" time="0,034" result="Pass"/>
    <test-case name="ZTestAll.exe.component.TZGenericTestDataSet.TestDateTimeLocateExpression" executed="True" success="True" time="0,126" result="Pass"/>
    <test-case name="ZTestAll.exe.component.TZGenericTestDataSet.TestDoubleFloatParams" executed="True" success="True" time="0,052" result="Pass"/>
    <test-case name="ZTestAll.exe.component.TZGenericTestDataSet.TestDoubleFloatParams" executed="True" success="True" time="0,093" result="Pass"/>
    <test-case name="ZTestAll.exe.component.TZGenericTestDataSet.TestDoubleFloatParams" executed="True" success="True" time="0,051" result="Pass"/>
    <test-case name="ZTestAll.exe.component.TZGenericTestDataSet.TestDoubleFloatParams" executed="True" success="True" time="0,036" result="Pass"/>
    <test-case name="ZTestAll.exe.component.TZGenericTestDataSet.TestDoubleFloatParams" executed="True" success="True" time="0,157" result="Pass"/>
    <test-case name="ZTestAll.exe.component.TZGenericTestDataSet.TestClobEmptyString" executed="True" success="True" time="0,056" result="Pass"/>
    <test-case name="ZTestAll.exe.component.TZGenericTestDataSet.TestClobEmptyString" executed="True" success="True" time="0,337" result="Pass"/>
    <test-case name="ZTestAll.exe.component.TZGenericTestDataSet.TestClobEmptyString" executed="True" success="True" time="0,194" result="Pass"/>
    <test-case name="ZTestAll.exe.component.TZGenericTestDataSet.TestClobEmptyString" executed="True" success="True" time="0,045" result="Pass"/>
    <test-case name="ZTestAll.exe.component.TZGenericTestDataSet.TestClobEmptyString" executed="True" success="True" time="0,090" result="Pass"/>
    <test-case name="ZTestAll.exe.component.TZGenericTestDataSet.TestLobModes" executed="True" success="True" time="0,048" result="Pass"/>
    <test-case name="ZTestAll.exe.component.TZGenericTestDataSet.TestLobModes" executed="True" success="True" time="0,297" result="Pass"/>
    <test-case name="ZTestAll.exe.component.TZGenericTestDataSet.TestLobModes" executed="True" success="True" time="0,271" result="Pass"/>
    <test-case name="ZTestAll.exe.component.TZGenericTestDataSet.TestLobModes" executed="True" success="True" time="0,066" result="Pass"/>
    <test-case name="ZTestAll.exe.component.TZGenericTestDataSet.TestLobModes" executed="True" success="False" time="0,116" result="Error">
      <failure>
        <message><![CDATA[Exception: [EAccessViolation] Zugriffsverletzung bei Adresse 00000000. Lesen von Adresse 00000000
At: n/a]]></message>
        <stack-trace><![CDATA[]]></stack-trace>
      </failure>
    </test-case>
    <test-case name="ZTestAll.exe.component.TZGenericTestDataSet.TestSpaced_Names" executed="True" success="False" time="0,044" result="Error">
      <failure>
        <message><![CDATA[Exception: [EDatabaseError] Feld 'cs_id' kann nicht verndert werden
At: $005349B9]]></message>
        <stack-trace><![CDATA[]]></stack-trace>
      </failure>
    </test-case>
    <test-case name="ZTestAll.exe.component.TZGenericTestDataSet.TestSpaced_Names" executed="True" success="True" time="0,142" result="Pass"/>
    <test-case name="ZTestAll.exe.component.TZGenericTestDataSet.TestSpaced_Names" executed="True" success="True" time="0,072" result="Pass"/>
    <test-case name="ZTestAll.exe.component.TZGenericTestDataSet.TestSpaced_Names" executed="True" success="True" time="0,082" result="Pass"/>
    <test-case name="ZTestAll.exe.component.TZGenericTestDataSet.TestSpaced_Names" executed="True" success="True" time="0,172" result="Pass"/>
    <test-case name="ZTestAll.exe.component.TZGenericTestDataSet.Test_doCachedLobs" executed="True" success="True" time="0,089" result="Pass"/>
    <test-case name="ZTestAll.exe.component.TZGenericTestDataSet.Test_doCachedLobs" executed="True" success="True" time="0,460" result="Pass"/>
    <test-case name="ZTestAll.exe.component.TZGenericTestDataSet.Test_doCachedLobs" executed="True" success="True" time="0,111" result="Pass"/>
    <test-case name="ZTestAll.exe.component.TZGenericTestDataSet.Test_doCachedLobs" executed="True" success="True" time="0,096" result="Pass"/>
    <test-case name="ZTestAll.exe.component.TZGenericTestDataSet.Test_doCachedLobs" executed="True" success="False" time="0,170" result="Error">
      <failure>
        <message><![CDATA[Exception: [EZSQLException] SQL Error: FEHLER:  ungltiger Large-Object-Deskriptor: 0
At: $0062FA8B]]></message>
        <stack-trace><![CDATA[]]></stack-trace>
      </failure>
    </test-case>
  </results>
</test-suite>
<test-suite name="component.TZGenericTestDataSetMBCs" total="1" not-run="0">
  <results>
    <test-case name="ZTestAll.exe.component.TZGenericTestDataSetMBCs.TestVeryLargeBlobs" executed="True" success="False" time="0,097" result="Error">
      <failure>
        <message><![CDATA[Exception: [Exception] DBError : [20018] : General SQL Server error: Check messages from the SQL Server
DBError : [20018] : General SQL Server error: Check messages from the SQL Server
Unclosed quotation mark after the character string '1234563456345634563456345634563456345634563456345634563456345634563456345634563456345634563456345634563456345634563456345634563456345634563456345634563456345634563456345634563456345634563456345634563456345634563456345634563456345634563456345634563456345634563456345634563456345634563456345634563456345634563456345634563456345634563456345634563456345634563456345634563456345634563456345634563456345634563456345634563456345634563456345634563456345634563456345634563456345634563456345634563456345634563456345634563456345634563456345634563456345634563456345634563456345634563456345634563456345634563456345634563456345634563456345634563456345634563456345634563456345634563456345634563456345634563456345634563456345634563456345634563456345634563456345634563456345634563456345634563456345634563456345634563456345634563456345634563456345634563456345634563456345634563456345634563456345634563456345634563456345634563456345634563456345634563456345634563456345634563456345634563456345634563456345634563456345634563456345634563456345634563456345634563456345634563456345634563456345634563456345634563456345634563456345634563456345634563456345634563456345634563456345634563456345634563456345634563456345634563456345634563456345634563456345634563456345634563456345634563456345634563456345634563456345634563456345634563456345634563456345634563456...
Incorrect syntax near '123456345634563456345634563456345634563456345634563456345634563456345634563456345634563'.
At: $005E324D]]></message>
        <stack-trace><![CDATA[]]></stack-trace>
      </failure>
    </test-case>
    <test-case name="ZTestAll.exe.component.TZGenericTestDataSetMBCs.TestVeryLargeBlobs" executed="True" success="True" time="0,277" result="Pass"/>
    <test-case name="ZTestAll.exe.component.TZGenericTestDataSetMBCs.TestVeryLargeBlobs" executed="True" success="True" time="0,367" result="Pass"/>
    <test-case name="ZTestAll.exe.component.TZGenericTestDataSetMBCs.TestVeryLargeBlobs" executed="True" success="True" time="0,098" result="Pass"/>
    <test-case name="ZTestAll.exe.component.TZGenericTestDataSetMBCs.TestVeryLargeBlobs" executed="True" success="False" time="0,208" result="Error">
      <failure>
        <message><![CDATA[Exception: [EZSQLException] SQL Error: FEHLER:  ungltiger Large-Object-Deskriptor: 0
At: $0062FA8B]]></message>
        <stack-trace><![CDATA[]]></stack-trace>
      </failure>
    </test-case>
  </results>
</test-suite>
<test-suite name="component.TZTestConnectionCase" total="5" not-run="0">
  <results>
    <test-case name="ZTestAll.exe.component.TZTestConnectionCase.TestLibrary" executed="True" success="True" time="0,032" result="Pass"/>
    <test-case name="ZTestAll.exe.component.TZTestConnectionCase.TestLibrary" executed="True" success="True" time="0,361" result="Pass"/>
    <test-case name="ZTestAll.exe.component.TZTestConnectionCase.TestLibrary" executed="True" success="True" time="1,100" result="Pass"/>
    <test-case name="ZTestAll.exe.component.TZTestConnectionCase.TestLibrary" executed="True" success="True" time="1,067" result="Pass"/>
    <test-case name="ZTestAll.exe.component.TZTestConnectionCase.TestLibrary" executed="True" success="True" time="0,294" result="Pass"/>
    <test-case name="ZTestAll.exe.component.TZTestConnectionCase.TestExecuteDirect" executed="True" success="True" time="0,012" result="Pass"/>
    <test-case name="ZTestAll.exe.component.TZTestConnectionCase.TestExecuteDirect" executed="True" success="True" time="0,105" result="Pass"/>
    <test-case name="ZTestAll.exe.component.TZTestConnectionCase.TestExecuteDirect" executed="True" success="True" time="0,045" result="Pass"/>
    <test-case name="ZTestAll.exe.component.TZTestConnectionCase.TestExecuteDirect" executed="True" success="True" time="0,042" result="Pass"/>
    <test-case name="ZTestAll.exe.component.TZTestConnectionCase.TestExecuteDirect" executed="True" success="True" time="0,171" result="Pass"/>
    <test-case name="ZTestAll.exe.component.TZTestConnectionCase.TestExecuteDirect2" executed="True" success="True" time="0,111" result="Pass"/>
    <test-case name="ZTestAll.exe.component.TZTestConnectionCase.TestExecuteDirect2" executed="True" success="True" time="0,129" result="Pass"/>
    <test-case name="ZTestAll.exe.component.TZTestConnectionCase.TestExecuteDirect2" executed="True" success="True" time="0,052" result="Pass"/>
    <test-case name="ZTestAll.exe.component.TZTestConnectionCase.TestExecuteDirect2" executed="True" success="True" time="0,033" result="Pass"/>
    <test-case name="ZTestAll.exe.component.TZTestConnectionCase.TestExecuteDirect2" executed="True" success="True" time="0,141" result="Pass"/>
    <test-case name="ZTestAll.exe.component.TZTestConnectionCase.TestLoginPromptConnection" executed="True" success="True" time="0,016" result="Pass"/>
    <test-case name="ZTestAll.exe.component.TZTestConnectionCase.TestLoginPromptConnection" executed="True" success="True" time="0,235" result="Pass"/>
    <test-case name="ZTestAll.exe.component.TZTestConnectionCase.TestLoginPromptConnection" executed="True" success="True" time="0,562" result="Pass"/>
    <test-case name="ZTestAll.exe.component.TZTestConnectionCase.TestLoginPromptConnection" executed="True" success="True" time="0,078" result="Pass"/>
    <test-case name="ZTestAll.exe.component.TZTestConnectionCase.TestLoginPromptConnection" executed="True" success="True" time="0,212" result="Pass"/>
    <test-case name="ZTestAll.exe.component.TZTestConnectionCase.TestIdentifierQuotes" executed="True" success="True" time="0,015" result="Pass"/>
    <test-case name="ZTestAll.exe.component.TZTestConnectionCase.TestIdentifierQuotes" executed="True" success="True" time="0,375" result="Pass"/>
    <test-case name="ZTestAll.exe.component.TZTestConnectionCase.TestIdentifierQuotes" executed="True" success="True" time="0,536" result="Pass"/>
    <test-case name="ZTestAll.exe.component.TZTestConnectionCase.TestIdentifierQuotes" executed="True" success="True" time="0,091" result="Pass"/>
    <test-case name="ZTestAll.exe.component.TZTestConnectionCase.TestIdentifierQuotes" executed="True" success="True" time="0,249" result="Pass"/>
  </results>
</test-suite>
<test-suite name="component.TZTestInterbaseStoredProcedure" total="2" not-run="0">
  <results>
    <test-case name="ZTestAll.exe.component.TZTestInterbaseStoredProcedure.TestStoredProc" executed="True" success="True" time="0,076" result="Pass"/>
    <test-case name="ZTestAll.exe.component.TZTestInterbaseStoredProcedure.TestStoredProc" executed="True" success="True" time="0,052" result="Pass"/>
    <test-case name="ZTestAll.exe.component.TZTestInterbaseStoredProcedure.TestStoredProc" executed="True" success="True" time="0,038" result="Pass"/>
    <test-case name="ZTestAll.exe.component.TZTestInterbaseStoredProcedure.Test_abtest" executed="True" success="True" time="0,170" result="Pass"/>
    <test-case name="ZTestAll.exe.component.TZTestInterbaseStoredProcedure.Test_abtest" executed="True" success="True" time="0,141" result="Pass"/>
    <test-case name="ZTestAll.exe.component.TZTestInterbaseStoredProcedure.Test_abtest" executed="True" success="True" time="0,109" result="Pass"/>
  </results>
</test-suite>
<test-suite name="component.TZTestDbLibStoredProcedure" total="1" not-run="0">
  <results>
  </results>
</test-suite>
<test-suite name="component.TZTestPostgreSQLStoredProcedure" total="7" not-run="0">
  <results>
    <test-case name="ZTestAll.exe.component.TZTestPostgreSQLStoredProcedure.Test_abtest" executed="True" success="True" time="0,168" result="Pass"/>
    <test-case name="ZTestAll.exe.component.TZTestPostgreSQLStoredProcedure.Test_nonames" executed="True" success="True" time="0,114" result="Pass"/>
    <test-case name="ZTestAll.exe.component.TZTestPostgreSQLStoredProcedure.Test_onename" executed="True" success="True" time="0,073" result="Pass"/>
    <test-case name="ZTestAll.exe.component.TZTestPostgreSQLStoredProcedure.Test_noout" executed="True" success="True" time="0,074" result="Pass"/>
    <test-case name="ZTestAll.exe.component.TZTestPostgreSQLStoredProcedure.Test_composite" executed="True" success="True" time="0,085" result="Pass"/>
    <test-case name="ZTestAll.exe.component.TZTestPostgreSQLStoredProcedure.Test_mixedorder" executed="True" success="True" time="0,059" result="Pass"/>
    <test-case name="ZTestAll.exe.component.TZTestPostgreSQLStoredProcedure.Test_set" executed="True" success="True" time="0,077" result="Pass"/>
  </results>
</test-suite>
<test-suite name="component.TZTestMySQLStoredProcedure" total="5" not-run="0">
  <results>
  </results>
</test-suite>
<test-suite name="component.TZTestADOStoredProcedure" total="1" not-run="0">
  <results>
  </results>
</test-suite>
<test-suite name="component.TZTestOracleStoredProcedure" total="9" not-run="0">
  <results>
  </results>
</test-suite>
  </results>
</test-suite>
<test-suite name="bugreport" total="190" not-run="0">
  <results>
<test-suite name="bugreport.ZTestCompADOBugReport" total="2" not-run="0">
  <results>
  </results>
</test-suite>
<test-suite name="bugreport.TZTestDbcASABugReport" total="1" not-run="0">
  <results>
  </results>
</test-suite>
<test-suite name="bugreport.ZTestCompASABugReport" total="1" not-run="0">
  <results>
  </results>
</test-suite>
<test-suite name="bugreport.TZTestDbcMySQLBugReport" total="8" not-run="0">
  <results>
  </results>
</test-suite>
<test-suite name="bugreport.TZTestCompMySQLBugReport" total="41" not-run="0">
  <results>
  </results>
</test-suite>
<test-suite name="bugreport.TZTestDbcOracleBugReport" total="2" not-run="0">
  <results>
  </results>
</test-suite>
<test-suite name="bugreport.ZTestCompOracleBugReport" total="5" not-run="0">
  <results>
  </results>
</test-suite>
<test-suite name="bugreport.TZTestDbcPostgreSQLBugReport" total="16" not-run="0">
  <results>
    <test-case name="ZTestAll.exe.bugreport.TZTestDbcPostgreSQLBugReport.Test702361" executed="True" success="True" time="0,109" result="Pass"/>
    <test-case name="ZTestAll.exe.bugreport.TZTestDbcPostgreSQLBugReport.Test702365" executed="True" success="True" time="0,052" result="Pass"/>
    <test-case name="ZTestAll.exe.bugreport.TZTestDbcPostgreSQLBugReport.Test702368" executed="True" success="True" time="0,000" result="Pass"/>
    <test-case name="ZTestAll.exe.bugreport.TZTestDbcPostgreSQLBugReport.Test727385" executed="True" success="True" time="0,083" result="Pass"/>
    <test-case name="ZTestAll.exe.bugreport.TZTestDbcPostgreSQLBugReport.Test739444" executed="True" success="True" time="0,075" result="Pass"/>
    <test-case name="ZTestAll.exe.bugreport.TZTestDbcPostgreSQLBugReport.Test759184" executed="True" success="True" time="0,068" result="Pass"/>
    <test-case name="ZTestAll.exe.bugreport.TZTestDbcPostgreSQLBugReport.Test798336" executed="True" success="False" time="0,056" result="Error">
      <failure>
        <message><![CDATA[Exception: [EZSQLException] SQL Error: FEHLER:  ungltiger Large-Object-Deskriptor: 0
At: $0062FA8B]]></message>
        <stack-trace><![CDATA[]]></stack-trace>
      </failure>
    </test-case>
    <test-case name="ZTestAll.exe.bugreport.TZTestDbcPostgreSQLBugReport.Test815852" executed="True" success="True" time="0,086" result="Pass"/>
    <test-case name="ZTestAll.exe.bugreport.TZTestDbcPostgreSQLBugReport.Test815854" executed="True" success="True" time="0,092" result="Pass"/>
    <test-case name="ZTestAll.exe.bugreport.TZTestDbcPostgreSQLBugReport.Test824786" executed="True" success="True" time="0,097" result="Pass"/>
    <test-case name="ZTestAll.exe.bugreport.TZTestDbcPostgreSQLBugReport.Test815861" executed="True" success="True" time="0,000" result="Pass"/>
    <test-case name="ZTestAll.exe.bugreport.TZTestDbcPostgreSQLBugReport.Test933623" executed="True" success="True" time="0,070" result="Pass"/>
    <test-case name="ZTestAll.exe.bugreport.TZTestDbcPostgreSQLBugReport.Test1014416" executed="True" success="True" time="0,058" result="Pass"/>
    <test-case name="ZTestAll.exe.bugreport.TZTestDbcPostgreSQLBugReport.Test_Mantis0000148" executed="True" success="True" time="0,046" result="Pass"/>
    <test-case name="ZTestAll.exe.bugreport.TZTestDbcPostgreSQLBugReport.Test_Mantis0000229" executed="True" success="True" time="0,045" result="Pass"/>
    <test-case name="ZTestAll.exe.bugreport.TZTestDbcPostgreSQLBugReport.Test_TrailingSpaces" executed="True" success="True" time="0,044" result="Pass"/>
  </results>
</test-suite>
<test-suite name="bugreport.TZTestDbcPostgreSQLBugReportMBCs" total="1" not-run="0">
  <results>
    <test-case name="ZTestAll.exe.bugreport.TZTestDbcPostgreSQLBugReportMBCs.Test739514" executed="True" success="True" time="0,080" result="Pass"/>
  </results>
</test-suite>
<test-suite name="bugreport.TZTestCompPostgreSQLBugReport" total="26" not-run="0">
  <results>
    <test-case name="ZTestAll.exe.bugreport.TZTestCompPostgreSQLBugReport.Test707339" executed="True" success="True" time="0,000" result="Pass"/>
    <test-case name="ZTestAll.exe.bugreport.TZTestCompPostgreSQLBugReport.Test707337" executed="True" success="True" time="0,085" result="Pass"/>
    <test-case name="ZTestAll.exe.bugreport.TZTestCompPostgreSQLBugReport.Test707338" executed="True" success="True" time="0,178" result="Pass"/>
    <test-case name="ZTestAll.exe.bugreport.TZTestCompPostgreSQLBugReport.Test709879" executed="True" success="True" time="0,101" result="Pass"/>
    <test-case name="ZTestAll.exe.bugreport.TZTestCompPostgreSQLBugReport.Test727373" executed="True" success="True" time="0,094" result="Pass"/>
    <test-case name="ZTestAll.exe.bugreport.TZTestCompPostgreSQLBugReport.Test739519" executed="True" success="True" time="0,073" result="Pass"/>
    <test-case name="ZTestAll.exe.bugreport.TZTestCompPostgreSQLBugReport.Test739444" executed="True" success="True" time="0,096" result="Pass"/>
    <test-case name="ZTestAll.exe.bugreport.TZTestCompPostgreSQLBugReport.Test759184" executed="True" success="True" time="0,078" result="Pass"/>
    <test-case name="ZTestAll.exe.bugreport.TZTestCompPostgreSQLBugReport.Test765111" executed="True" success="True" time="0,050" result="Pass"/>
    <test-case name="ZTestAll.exe.bugreport.TZTestCompPostgreSQLBugReport.Test766053" executed="True" success="True" time="0,058" result="Pass"/>
    <test-case name="ZTestAll.exe.bugreport.TZTestCompPostgreSQLBugReport.Test816846" executed="True" success="True" time="0,064" result="Pass"/>
    <test-case name="ZTestAll.exe.bugreport.TZTestCompPostgreSQLBugReport.Test824780" executed="True" success="True" time="0,000" result="Pass"/>
    <test-case name="ZTestAll.exe.bugreport.TZTestCompPostgreSQLBugReport.Test815854" executed="True" success="True" time="0,000" result="Pass"/>
    <test-case name="ZTestAll.exe.bugreport.TZTestCompPostgreSQLBugReport.Test831559" executed="True" success="True" time="0,073" result="Pass"/>
    <test-case name="ZTestAll.exe.bugreport.TZTestCompPostgreSQLBugReport.Test894367" executed="True" success="True" time="0,100" result="Pass"/>
    <test-case name="ZTestAll.exe.bugreport.TZTestCompPostgreSQLBugReport.Test933623" executed="True" success="True" time="0,096" result="Pass"/>
    <test-case name="ZTestAll.exe.bugreport.TZTestCompPostgreSQLBugReport.Test994562" executed="True" success="True" time="0,071" result="Pass"/>
    <test-case name="ZTestAll.exe.bugreport.TZTestCompPostgreSQLBugReport.Test1043252" executed="True" success="True" time="2,577" result="Pass"/>
    <test-case name="ZTestAll.exe.bugreport.TZTestCompPostgreSQLBugReport.TestMantis240" executed="True" success="True" time="0,066" result="Pass"/>
    <test-case name="ZTestAll.exe.bugreport.TZTestCompPostgreSQLBugReport.TestMantis229" executed="True" success="True" time="0,177" result="Pass"/>
    <test-case name="ZTestAll.exe.bugreport.TZTestCompPostgreSQLBugReport.TestLobTypeCast" executed="True" success="True" time="0,057" result="Pass"/>
    <test-case name="ZTestAll.exe.bugreport.TZTestCompPostgreSQLBugReport.TestUnknowParam" executed="True" success="True" time="0,079" result="Pass"/>
    <test-case name="ZTestAll.exe.bugreport.TZTestCompPostgreSQLBugReport.TestTicket44" executed="True" success="True" time="0,090" result="Pass"/>
    <test-case name="ZTestAll.exe.bugreport.TZTestCompPostgreSQLBugReport.TestUnicodeEscape" executed="True" success="True" time="0,067" result="Pass"/>
    <test-case name="ZTestAll.exe.bugreport.TZTestCompPostgreSQLBugReport.TestTicket51" executed="True" success="True" time="0,076" result="Pass"/>
    <test-case name="ZTestAll.exe.bugreport.TZTestCompPostgreSQLBugReport.TestSF81" executed="True" success="True" time="0,100" result="Pass"/>
  </results>
</test-suite>
<test-suite name="bugreport.TZTestCompPostgreSQLBugReportMBCs" total="2" not-run="0">
  <results>
    <test-case name="ZTestAll.exe.bugreport.TZTestCompPostgreSQLBugReportMBCs.TestStandartConfirmingStringsOn" executed="True" success="True" time="0,070" result="Pass"/>
    <test-case name="ZTestAll.exe.bugreport.TZTestCompPostgreSQLBugReportMBCs.TestStandartConfirmingStringsOff" executed="True" success="True" time="0,065" result="Pass"/>
  </results>
</test-suite>
<test-suite name="bugreport.TZTestDbcInterbaseBugReport" total="9" not-run="0">
  <results>
    <test-case name="ZTestAll.exe.bugreport.TZTestDbcInterbaseBugReport.Test789879D" executed="True" success="True" time="0,095" result="Pass"/>
    <test-case name="ZTestAll.exe.bugreport.TZTestDbcInterbaseBugReport.Test789879D" executed="True" success="True" time="0,060" result="Pass"/>
    <test-case name="ZTestAll.exe.bugreport.TZTestDbcInterbaseBugReport.Test789879D" executed="True" success="True" time="0,036" result="Pass"/>
    <test-case name="ZTestAll.exe.bugreport.TZTestDbcInterbaseBugReport.Test841559" executed="True" success="True" time="0,156" result="Pass"/>
    <test-case name="ZTestAll.exe.bugreport.TZTestDbcInterbaseBugReport.Test841559" executed="True" success="True" time="0,055" result="Pass"/>
    <test-case name="ZTestAll.exe.bugreport.TZTestDbcInterbaseBugReport.Test841559" executed="True" success="True" time="0,030" result="Pass"/>
    <test-case name="ZTestAll.exe.bugreport.TZTestDbcInterbaseBugReport.Test843655" executed="True" success="True" time="0,222" result="Pass"/>
    <test-case name="ZTestAll.exe.bugreport.TZTestDbcInterbaseBugReport.Test843655" executed="True" success="True" time="0,228" result="Pass"/>
    <test-case name="ZTestAll.exe.bugreport.TZTestDbcInterbaseBugReport.Test843655" executed="True" success="True" time="0,066" result="Pass"/>
    <test-case name="ZTestAll.exe.bugreport.TZTestDbcInterbaseBugReport.Test865441" executed="True" success="True" time="0,164" result="Pass"/>
    <test-case name="ZTestAll.exe.bugreport.TZTestDbcInterbaseBugReport.Test865441" executed="True" success="True" time="0,053" result="Pass"/>
    <test-case name="ZTestAll.exe.bugreport.TZTestDbcInterbaseBugReport.Test865441" executed="True" success="True" time="0,035" result="Pass"/>
    <test-case name="ZTestAll.exe.bugreport.TZTestDbcInterbaseBugReport.Test864622" executed="True" success="True" time="0,172" result="Pass"/>
    <test-case name="ZTestAll.exe.bugreport.TZTestDbcInterbaseBugReport.Test864622" executed="True" success="True" time="0,049" result="Pass"/>
    <test-case name="ZTestAll.exe.bugreport.TZTestDbcInterbaseBugReport.Test864622" executed="True" success="True" time="0,035" result="Pass"/>
    <test-case name="ZTestAll.exe.bugreport.TZTestDbcInterbaseBugReport.Test886914" executed="True" success="True" time="0,260" result="Pass"/>
    <test-case name="ZTestAll.exe.bugreport.TZTestDbcInterbaseBugReport.Test886914" executed="True" success="True" time="0,051" result="Pass"/>
    <test-case name="ZTestAll.exe.bugreport.TZTestDbcInterbaseBugReport.Test886914" executed="True" success="True" time="0,035" result="Pass"/>
    <test-case name="ZTestAll.exe.bugreport.TZTestDbcInterbaseBugReport.Test886854" executed="True" success="True" time="0,168" result="Pass"/>
    <test-case name="ZTestAll.exe.bugreport.TZTestDbcInterbaseBugReport.Test886854" executed="True" success="True" time="0,043" result="Pass"/>
    <test-case name="ZTestAll.exe.bugreport.TZTestDbcInterbaseBugReport.Test886854" executed="True" success="True" time="0,032" result="Pass"/>
    <test-case name="ZTestAll.exe.bugreport.TZTestDbcInterbaseBugReport.Test934253" executed="True" success="True" time="0,181" result="Pass"/>
    <test-case name="ZTestAll.exe.bugreport.TZTestDbcInterbaseBugReport.Test934253" executed="True" success="True" time="0,049" result="Pass"/>
    <test-case name="ZTestAll.exe.bugreport.TZTestDbcInterbaseBugReport.Test934253" executed="True" success="True" time="0,029" result="Pass"/>
    <test-case name="ZTestAll.exe.bugreport.TZTestDbcInterbaseBugReport.Test_SourceForge192" executed="True" success="True" time="0,151" result="Pass"/>
    <test-case name="ZTestAll.exe.bugreport.TZTestDbcInterbaseBugReport.Test_SourceForge192" executed="True" success="True" time="0,043" result="Pass"/>
    <test-case name="ZTestAll.exe.bugreport.TZTestDbcInterbaseBugReport.Test_SourceForge192" executed="True" success="True" time="0,030" result="Pass"/>
  </results>
</test-suite>
<test-suite name="bugreport.ZTestCompInterbaseBugReport" total="17" not-run="0">
  <results>
    <test-case name="ZTestAll.exe.bugreport.ZTestCompInterbaseBugReport.Test750912" executed="True" success="True" time="0,220" result="Pass"/>
    <test-case name="ZTestAll.exe.bugreport.ZTestCompInterbaseBugReport.Test750912" executed="True" success="True" time="0,055" result="Pass"/>
    <test-case name="ZTestAll.exe.bugreport.ZTestCompInterbaseBugReport.Test750912" executed="True" success="True" time="0,037" result="Pass"/>
    <test-case name="ZTestAll.exe.bugreport.ZTestCompInterbaseBugReport.Test789879D" executed="True" success="True" time="0,177" result="Pass"/>
    <test-case name="ZTestAll.exe.bugreport.ZTestCompInterbaseBugReport.Test789879D" executed="True" success="True" time="0,051" result="Pass"/>
    <test-case name="ZTestAll.exe.bugreport.ZTestCompInterbaseBugReport.Test789879D" executed="True" success="True" time="0,035" result="Pass"/>
    <test-case name="ZTestAll.exe.bugreport.ZTestCompInterbaseBugReport.Test833489" executed="True" success="True" time="0,155" result="Pass"/>
    <test-case name="ZTestAll.exe.bugreport.ZTestCompInterbaseBugReport.Test833489" executed="True" success="True" time="0,049" result="Pass"/>
    <test-case name="ZTestAll.exe.bugreport.ZTestCompInterbaseBugReport.Test833489" executed="True" success="True" time="0,026" result="Pass"/>
    <test-case name="ZTestAll.exe.bugreport.ZTestCompInterbaseBugReport.Test841559" executed="True" success="True" time="0,187" result="Pass"/>
    <test-case name="ZTestAll.exe.bugreport.ZTestCompInterbaseBugReport.Test841559" executed="True" success="True" time="0,067" result="Pass"/>
    <test-case name="ZTestAll.exe.bugreport.ZTestCompInterbaseBugReport.Test841559" executed="True" success="True" time="0,029" result="Pass"/>
    <test-case name="ZTestAll.exe.bugreport.ZTestCompInterbaseBugReport.Test843655" executed="True" success="True" time="0,174" result="Pass"/>
    <test-case name="ZTestAll.exe.bugreport.ZTestCompInterbaseBugReport.Test843655" executed="True" success="True" time="0,057" result="Pass"/>
    <test-case name="ZTestAll.exe.bugreport.ZTestCompInterbaseBugReport.Test843655" executed="True" success="True" time="0,053" result="Pass"/>
    <test-case name="ZTestAll.exe.bugreport.ZTestCompInterbaseBugReport.Test864622" executed="True" success="True" time="0,191" result="Pass"/>
    <test-case name="ZTestAll.exe.bugreport.ZTestCompInterbaseBugReport.Test864622" executed="True" success="True" time="0,045" result="Pass"/>
    <test-case name="ZTestAll.exe.bugreport.ZTestCompInterbaseBugReport.Test864622" executed="True" success="True" time="0,036" result="Pass"/>
    <test-case name="ZTestAll.exe.bugreport.ZTestCompInterbaseBugReport.Test886194" executed="True" success="True" time="0,175" result="Pass"/>
    <test-case name="ZTestAll.exe.bugreport.ZTestCompInterbaseBugReport.Test886194" executed="True" success="True" time="0,066" result="Pass"/>
    <test-case name="ZTestAll.exe.bugreport.ZTestCompInterbaseBugReport.Test886194" executed="True" success="True" time="0,043" result="Pass"/>
    <test-case name="ZTestAll.exe.bugreport.ZTestCompInterbaseBugReport.Test886854" executed="True" success="True" time="0,190" result="Pass"/>
    <test-case name="ZTestAll.exe.bugreport.ZTestCompInterbaseBugReport.Test886854" executed="True" success="True" time="0,052" result="Pass"/>
    <test-case name="ZTestAll.exe.bugreport.ZTestCompInterbaseBugReport.Test886854" executed="True" success="True" time="0,113" result="Pass"/>
    <test-case name="ZTestAll.exe.bugreport.ZTestCompInterbaseBugReport.Test897631" executed="True" success="True" time="0,152" result="Pass"/>
    <test-case name="ZTestAll.exe.bugreport.ZTestCompInterbaseBugReport.Test897631" executed="True" success="True" time="0,059" result="Pass"/>
    <test-case name="ZTestAll.exe.bugreport.ZTestCompInterbaseBugReport.Test897631" executed="True" success="True" time="0,036" result="Pass"/>
    <test-case name="ZTestAll.exe.bugreport.ZTestCompInterbaseBugReport.Test909181" executed="True" success="True" time="0,188" result="Pass"/>
    <test-case name="ZTestAll.exe.bugreport.ZTestCompInterbaseBugReport.Test909181" executed="True" success="True" time="0,065" result="Pass"/>
    <test-case name="ZTestAll.exe.bugreport.ZTestCompInterbaseBugReport.Test909181" executed="True" success="True" time="0,089" result="Pass"/>
    <test-case name="ZTestAll.exe.bugreport.ZTestCompInterbaseBugReport.Test984305" executed="True" success="True" time="0,187" result="Pass"/>
    <test-case name="ZTestAll.exe.bugreport.ZTestCompInterbaseBugReport.Test984305" executed="True" success="True" time="0,067" result="Pass"/>
    <test-case name="ZTestAll.exe.bugreport.ZTestCompInterbaseBugReport.Test984305" executed="True" success="True" time="0,050" result="Pass"/>
    <test-case name="ZTestAll.exe.bugreport.ZTestCompInterbaseBugReport.Test1004584" executed="True" success="True" time="0,000" result="Pass"/>
    <test-case name="ZTestAll.exe.bugreport.ZTestCompInterbaseBugReport.Test1004584" executed="True" success="True" time="0,000" result="Pass"/>
    <test-case name="ZTestAll.exe.bugreport.ZTestCompInterbaseBugReport.Test1004584" executed="True" success="True" time="0,000" result="Pass"/>
    <test-case name="ZTestAll.exe.bugreport.ZTestCompInterbaseBugReport.Test1021705" executed="True" success="True" time="0,245" result="Pass"/>
    <test-case name="ZTestAll.exe.bugreport.ZTestCompInterbaseBugReport.Test1021705" executed="True" success="True" time="0,060" result="Pass"/>
    <test-case name="ZTestAll.exe.bugreport.ZTestCompInterbaseBugReport.Test1021705" executed="True" success="True" time="0,056" result="Pass"/>
    <test-case name="ZTestAll.exe.bugreport.ZTestCompInterbaseBugReport.Test_Decimal" executed="True" success="True" time="0,184" result="Pass"/>
    <test-case name="ZTestAll.exe.bugreport.ZTestCompInterbaseBugReport.Test_Decimal" executed="True" success="True" time="0,115" result="Pass"/>
    <test-case name="ZTestAll.exe.bugreport.ZTestCompInterbaseBugReport.Test_Decimal" executed="True" success="True" time="0,123" result="Pass"/>
    <test-case name="ZTestAll.exe.bugreport.ZTestCompInterbaseBugReport.Test_Ticket54" executed="True" success="True" time="0,162" result="Pass"/>
    <test-case name="ZTestAll.exe.bugreport.ZTestCompInterbaseBugReport.Test_Ticket54" executed="True" success="True" time="0,050" result="Pass"/>
    <test-case name="ZTestAll.exe.bugreport.ZTestCompInterbaseBugReport.Test_Ticket54" executed="True" success="True" time="0,035" result="Pass"/>
    <test-case name="ZTestAll.exe.bugreport.ZTestCompInterbaseBugReport.Test_Ticket63" executed="True" success="True" time="0,177" result="Pass"/>
    <test-case name="ZTestAll.exe.bugreport.ZTestCompInterbaseBugReport.Test_Ticket63" executed="True" success="True" time="0,108" result="Pass"/>
    <test-case name="ZTestAll.exe.bugreport.ZTestCompInterbaseBugReport.Test_Ticket63" executed="True" success="True" time="0,090" result="Pass"/>
    <test-case name="ZTestAll.exe.bugreport.ZTestCompInterbaseBugReport.Test_Ticket67" executed="True" success="True" time="0,140" result="Pass"/>
    <test-case name="ZTestAll.exe.bugreport.ZTestCompInterbaseBugReport.Test_Ticket67" executed="True" success="True" time="0,053" result="Pass"/>
    <test-case name="ZTestAll.exe.bugreport.ZTestCompInterbaseBugReport.Test_Ticket67" executed="True" success="True" time="0,035" result="Pass"/>
  </results>
</test-suite>
<test-suite name="bugreport.ZTestCompInterbaseBugReportMBCs" total="3" not-run="0">
  <results>
    <test-case name="ZTestAll.exe.bugreport.ZTestCompInterbaseBugReportMBCs.Test_Param_LoadFromStream_StringStream_ftBlob" executed="True" success="True" time="0,196" result="Pass"/>
    <test-case name="ZTestAll.exe.bugreport.ZTestCompInterbaseBugReportMBCs.Test_Param_LoadFromStream_StringStream_ftBlob" executed="True" success="True" time="0,114" result="Pass"/>
    <test-case name="ZTestAll.exe.bugreport.ZTestCompInterbaseBugReportMBCs.Test_Param_LoadFromStream_StringStream_ftBlob" executed="True" success="True" time="0,045" result="Pass"/>
    <test-case name="ZTestAll.exe.bugreport.ZTestCompInterbaseBugReportMBCs.Test_Param_LoadFromStream_StringStream_ftMemo" executed="True" success="True" time="0,106" result="Pass"/>
    <test-case name="ZTestAll.exe.bugreport.ZTestCompInterbaseBugReportMBCs.Test_Param_LoadFromStream_StringStream_ftMemo" executed="True" success="True" time="0,103" result="Pass"/>
    <test-case name="ZTestAll.exe.bugreport.ZTestCompInterbaseBugReportMBCs.Test_Param_LoadFromStream_StringStream_ftMemo" executed="True" success="True" time="0,041" result="Pass"/>
    <test-case name="ZTestAll.exe.bugreport.ZTestCompInterbaseBugReportMBCs.Test_Mantis214" executed="True" success="True" time="0,133" result="Pass"/>
    <test-case name="ZTestAll.exe.bugreport.ZTestCompInterbaseBugReportMBCs.Test_Mantis214" executed="True" success="True" time="0,059" result="Pass"/>
    <test-case name="ZTestAll.exe.bugreport.ZTestCompInterbaseBugReportMBCs.Test_Mantis214" executed="True" success="True" time="0,048" result="Pass"/>
  </results>
</test-suite>
<test-suite name="bugreport.ZTestDbcDbLibBugReport" total="1" not-run="0">
  <results>
    <test-case name="ZTestAll.exe.bugreport.ZTestDbcDbLibBugReport.Mantis54Dbc" executed="True" success="True" time="0,008" result="Pass"/>
  </results>
</test-suite>
<test-suite name="bugreport.ZTestCompDbLibBugReport" total="1" not-run="0">
  <results>
    <test-case name="ZTestAll.exe.bugreport.ZTestCompDbLibBugReport.Test_NChar_Values" executed="True" success="True" time="0,057" result="Pass"/>
  </results>
</test-suite>
<test-suite name="bugreport.TZTestCompMSSqlBugReport" total="6" not-run="0">
  <results>
    <test-case name="ZTestAll.exe.bugreport.TZTestCompMSSqlBugReport.Test728955" executed="True" success="True" time="0,011" result="Pass"/>
    <test-case name="ZTestAll.exe.bugreport.TZTestCompMSSqlBugReport.Test833489" executed="True" success="True" time="0,006" result="Pass"/>
    <test-case name="ZTestAll.exe.bugreport.TZTestCompMSSqlBugReport.Test907497" executed="True" success="False" time="0,093" result="Error">
      <failure>
        <message><![CDATA[Exception: [Exception] DBError : [20019] : Attempt to initiate a new Adaptive Server operation with results pending
At: $005E324D]]></message>
        <stack-trace><![CDATA[]]></stack-trace>
      </failure>
    </test-case>
    <test-case name="ZTestAll.exe.bugreport.TZTestCompMSSqlBugReport.Mantis54" executed="True" success="True" time="0,043" result="Pass"/>
    <test-case name="ZTestAll.exe.bugreport.TZTestCompMSSqlBugReport.Mantis164" executed="True" success="False" time="0,048" result="Error">
      <failure>
        <message><![CDATA[Exception: [EZDatabaseError] DBError : [20018] : General SQL Server error: Check messages from the SQL Server
Incorrect syntax near '028'.
At: $006E0376]]></message>
        <stack-trace><![CDATA[]]></stack-trace>
      </failure>
    </test-case>
    <test-case name="ZTestAll.exe.bugreport.TZTestCompMSSqlBugReport.Test_SelectInformation_Schema" executed="True" success="True" time="0,058" result="Pass"/>
  </results>
</test-suite>
<test-suite name="bugreport.ZTestCompSQLiteBugReport" total="1" not-run="0">
  <results>
  </results>
</test-suite>
<test-suite name="bugreport.ZTestCompSQLiteBugReportMBCs" total="1" not-run="0">
  <results>
  </results>
</test-suite>
<test-suite name="bugreport.TZTestDbcCoreBugReport" total="1" not-run="0">
  <results>
    <test-case name="ZTestAll.exe.bugreport.TZTestDbcCoreBugReport.EmptyTest" executed="True" success="True" time="0,000" result="Pass"/>
    <test-case name="ZTestAll.exe.bugreport.TZTestDbcCoreBugReport.EmptyTest" executed="True" success="True" time="0,000" result="Pass"/>
    <test-case name="ZTestAll.exe.bugreport.TZTestDbcCoreBugReport.EmptyTest" executed="True" success="True" time="0,002" result="Pass"/>
    <test-case name="ZTestAll.exe.bugreport.TZTestDbcCoreBugReport.EmptyTest" executed="True" success="True" time="0,000" result="Pass"/>
    <test-case name="ZTestAll.exe.bugreport.TZTestDbcCoreBugReport.EmptyTest" executed="True" success="True" time="0,000" result="Pass"/>
  </results>
</test-suite>
<test-suite name="bugreport.ZTestCompCoreBugReport" total="43" not-run="0">
  <results>
    <test-case name="ZTestAll.exe.bugreport.ZTestCompCoreBugReport.Test707309" executed="True" success="True" time="0,030" result="Pass"/>
    <test-case name="ZTestAll.exe.bugreport.ZTestCompCoreBugReport.Test707309" executed="True" success="True" time="0,110" result="Pass"/>
    <test-case name="ZTestAll.exe.bugreport.ZTestCompCoreBugReport.Test707309" executed="True" success="True" time="0,054" result="Pass"/>
    <test-case name="ZTestAll.exe.bugreport.ZTestCompCoreBugReport.Test707309" executed="True" success="True" time="0,052" result="Pass"/>
    <test-case name="ZTestAll.exe.bugreport.ZTestCompCoreBugReport.Test707309" executed="True" success="True" time="0,138" result="Pass"/>
    <test-case name="ZTestAll.exe.bugreport.ZTestCompCoreBugReport.Test707364" executed="True" success="True" time="0,006" result="Pass"/>
    <test-case name="ZTestAll.exe.bugreport.ZTestCompCoreBugReport.Test707364" executed="True" success="True" time="0,116" result="Pass"/>
    <test-case name="ZTestAll.exe.bugreport.ZTestCompCoreBugReport.Test707364" executed="True" success="True" time="0,154" result="Pass"/>
    <test-case name="ZTestAll.exe.bugreport.ZTestCompCoreBugReport.Test707364" executed="True" success="True" time="0,322" result="Pass"/>
    <test-case name="ZTestAll.exe.bugreport.ZTestCompCoreBugReport.Test707364" executed="True" success="True" time="0,097" result="Pass"/>
    <test-case name="ZTestAll.exe.bugreport.ZTestCompCoreBugReport.Test000001" executed="True" success="True" time="0,010" result="Pass"/>
    <test-case name="ZTestAll.exe.bugreport.ZTestCompCoreBugReport.Test000001" executed="True" success="True" time="0,269" result="Pass"/>
    <test-case name="ZTestAll.exe.bugreport.ZTestCompCoreBugReport.Test000001" executed="True" success="True" time="0,470" result="Pass"/>
    <test-case name="ZTestAll.exe.bugreport.ZTestCompCoreBugReport.Test000001" executed="True" success="True" time="0,051" result="Pass"/>
    <test-case name="ZTestAll.exe.bugreport.ZTestCompCoreBugReport.Test000001" executed="True" success="True" time="0,128" result="Pass"/>
    <test-case name="ZTestAll.exe.bugreport.ZTestCompCoreBugReport.Test000002" executed="True" success="True" time="0,010" result="Pass"/>
    <test-case name="ZTestAll.exe.bugreport.ZTestCompCoreBugReport.Test000002" executed="True" success="True" time="0,096" result="Pass"/>
    <test-case name="ZTestAll.exe.bugreport.ZTestCompCoreBugReport.Test000002" executed="True" success="True" time="0,049" result="Pass"/>
    <test-case name="ZTestAll.exe.bugreport.ZTestCompCoreBugReport.Test000002" executed="True" success="True" time="0,034" result="Pass"/>
    <test-case name="ZTestAll.exe.bugreport.ZTestCompCoreBugReport.Test000002" executed="True" success="True" time="0,129" result="Pass"/>
    <test-case name="ZTestAll.exe.bugreport.ZTestCompCoreBugReport.Test000003" executed="True" success="True" time="0,000" result="Pass"/>
    <test-case name="ZTestAll.exe.bugreport.ZTestCompCoreBugReport.Test000003" executed="True" success="True" time="0,000" result="Pass"/>
    <test-case name="ZTestAll.exe.bugreport.ZTestCompCoreBugReport.Test000003" executed="True" success="True" time="0,000" result="Pass"/>
    <test-case name="ZTestAll.exe.bugreport.ZTestCompCoreBugReport.Test000003" executed="True" success="True" time="0,000" result="Pass"/>
    <test-case name="ZTestAll.exe.bugreport.ZTestCompCoreBugReport.Test000003" executed="True" success="True" time="0,000" result="Pass"/>
    <test-case name="ZTestAll.exe.bugreport.ZTestCompCoreBugReport.Test715099" executed="True" success="True" time="0,009" result="Pass"/>
    <test-case name="ZTestAll.exe.bugreport.ZTestCompCoreBugReport.Test715099" executed="True" success="True" time="0,168" result="Pass"/>
    <test-case name="ZTestAll.exe.bugreport.ZTestCompCoreBugReport.Test715099" executed="True" success="True" time="0,336" result="Pass"/>
    <test-case name="ZTestAll.exe.bugreport.ZTestCompCoreBugReport.Test715099" executed="True" success="True" time="0,144" result="Pass"/>
    <test-case name="ZTestAll.exe.bugreport.ZTestCompCoreBugReport.Test715099" executed="True" success="True" time="0,132" result="Pass"/>
    <test-case name="ZTestAll.exe.bugreport.ZTestCompCoreBugReport.Test722651" executed="True" success="True" time="0,016" result="Pass"/>
    <test-case name="ZTestAll.exe.bugreport.ZTestCompCoreBugReport.Test722651" executed="True" success="True" time="0,118" result="Pass"/>
    <test-case name="ZTestAll.exe.bugreport.ZTestCompCoreBugReport.Test722651" executed="True" success="True" time="0,050" result="Pass"/>
    <test-case name="ZTestAll.exe.bugreport.ZTestCompCoreBugReport.Test722651" executed="True" success="True" time="0,039" result="Pass"/>
    <test-case name="ZTestAll.exe.bugreport.ZTestCompCoreBugReport.Test722651" executed="True" success="True" time="0,136" result="Pass"/>
    <test-case name="ZTestAll.exe.bugreport.ZTestCompCoreBugReport.Test773022" executed="True" success="True" time="0,014" result="Pass"/>
    <test-case name="ZTestAll.exe.bugreport.ZTestCompCoreBugReport.Test773022" executed="True" success="True" time="0,289" result="Pass"/>
    <test-case name="ZTestAll.exe.bugreport.ZTestCompCoreBugReport.Test773022" executed="True" success="True" time="0,110" result="Pass"/>
    <test-case name="ZTestAll.exe.bugreport.ZTestCompCoreBugReport.Test773022" executed="True" success="True" time="0,032" result="Pass"/>
    <test-case name="ZTestAll.exe.bugreport.ZTestCompCoreBugReport.Test773022" executed="True" success="True" time="0,136" result="Pass"/>
    <test-case name="ZTestAll.exe.bugreport.ZTestCompCoreBugReport.Test772926" executed="True" success="True" time="0,021" result="Pass"/>
    <test-case name="ZTestAll.exe.bugreport.ZTestCompCoreBugReport.Test772926" executed="True" success="True" time="0,129" result="Pass"/>
    <test-case name="ZTestAll.exe.bugreport.ZTestCompCoreBugReport.Test772926" executed="True" success="True" time="0,057" result="Pass"/>
    <test-case name="ZTestAll.exe.bugreport.ZTestCompCoreBugReport.Test772926" executed="True" success="True" time="0,052" result="Pass"/>
    <test-case name="ZTestAll.exe.bugreport.ZTestCompCoreBugReport.Test772926" executed="True" success="True" time="0,146" result="Pass"/>
    <test-case name="ZTestAll.exe.bugreport.ZTestCompCoreBugReport.Test793351" executed="True" success="True" time="0,015" result="Pass"/>
    <test-case name="ZTestAll.exe.bugreport.ZTestCompCoreBugReport.Test793351" executed="True" success="True" time="0,325" result="Pass"/>
    <test-case name="ZTestAll.exe.bugreport.ZTestCompCoreBugReport.Test793351" executed="True" success="True" time="0,059" result="Pass"/>
    <test-case name="ZTestAll.exe.bugreport.ZTestCompCoreBugReport.Test793351" executed="True" success="True" time="0,036" result="Pass"/>
    <test-case name="ZTestAll.exe.bugreport.ZTestCompCoreBugReport.Test793351" executed="True" success="True" time="0,152" result="Pass"/>
    <test-case name="ZTestAll.exe.bugreport.ZTestCompCoreBugReport.Test804323" executed="True" success="True" time="0,016" result="Pass"/>
    <test-case name="ZTestAll.exe.bugreport.ZTestCompCoreBugReport.Test804323" executed="True" success="True" time="0,103" result="Pass"/>
    <test-case name="ZTestAll.exe.bugreport.ZTestCompCoreBugReport.Test804323" executed="True" success="True" time="0,056" result="Pass"/>
    <test-case name="ZTestAll.exe.bugreport.ZTestCompCoreBugReport.Test804323" executed="True" success="True" time="0,036" result="Pass"/>
    <test-case name="ZTestAll.exe.bugreport.ZTestCompCoreBugReport.Test804323" executed="True" success="True" time="0,108" result="Pass"/>
    <test-case name="ZTestAll.exe.bugreport.ZTestCompCoreBugReport.Test804640" executed="True" success="True" time="0,021" result="Pass"/>
    <test-case name="ZTestAll.exe.bugreport.ZTestCompCoreBugReport.Test804640" executed="True" success="True" time="0,088" result="Pass"/>
    <test-case name="ZTestAll.exe.bugreport.ZTestCompCoreBugReport.Test804640" executed="True" success="True" time="0,050" result="Pass"/>
    <test-case name="ZTestAll.exe.bugreport.ZTestCompCoreBugReport.Test804640" executed="True" success="True" time="0,266" result="Pass"/>
    <test-case name="ZTestAll.exe.bugreport.ZTestCompCoreBugReport.Test804640" executed="True" success="True" time="0,201" result="Pass"/>
    <test-case name="ZTestAll.exe.bugreport.ZTestCompCoreBugReport.Test802548" executed="True" success="True" time="0,046" result="Pass"/>
    <test-case name="ZTestAll.exe.bugreport.ZTestCompCoreBugReport.Test802548" executed="True" success="True" time="0,133" result="Pass"/>
    <test-case name="ZTestAll.exe.bugreport.ZTestCompCoreBugReport.Test802548" executed="True" success="True" time="0,059" result="Pass"/>
    <test-case name="ZTestAll.exe.bugreport.ZTestCompCoreBugReport.Test802548" executed="True" success="True" time="0,113" result="Pass"/>
    <test-case name="ZTestAll.exe.bugreport.ZTestCompCoreBugReport.Test802548" executed="True" success="True" time="0,126" result="Pass"/>
    <test-case name="ZTestAll.exe.bugreport.ZTestCompCoreBugReport.Test795641" executed="True" success="True" time="0,000" result="Pass"/>
    <test-case name="ZTestAll.exe.bugreport.ZTestCompCoreBugReport.Test795641" executed="True" success="True" time="0,000" result="Pass"/>
    <test-case name="ZTestAll.exe.bugreport.ZTestCompCoreBugReport.Test795641" executed="True" success="True" time="0,000" result="Pass"/>
    <test-case name="ZTestAll.exe.bugreport.ZTestCompCoreBugReport.Test795641" executed="True" success="True" time="0,000" result="Pass"/>
    <test-case name="ZTestAll.exe.bugreport.ZTestCompCoreBugReport.Test795641" executed="True" success="True" time="0,000" result="Pass"/>
    <test-case name="ZTestAll.exe.bugreport.ZTestCompCoreBugReport.Test826886" executed="True" success="True" time="0,025" result="Pass"/>
    <test-case name="ZTestAll.exe.bugreport.ZTestCompCoreBugReport.Test826886" executed="True" success="True" time="0,591" result="Pass"/>
    <test-case name="ZTestAll.exe.bugreport.ZTestCompCoreBugReport.Test826886" executed="True" success="True" time="0,102" result="Pass"/>
    <test-case name="ZTestAll.exe.bugreport.ZTestCompCoreBugReport.Test826886" executed="True" success="True" time="0,056" result="Pass"/>
    <test-case name="ZTestAll.exe.bugreport.ZTestCompCoreBugReport.Test826886" executed="True" success="True" time="0,165" result="Pass"/>
    <test-case name="ZTestAll.exe.bugreport.ZTestCompCoreBugReport.Test000004" executed="True" success="True" time="0,007" result="Pass"/>
    <test-case name="ZTestAll.exe.bugreport.ZTestCompCoreBugReport.Test000004" executed="True" success="True" time="0,260" result="Pass"/>
    <test-case name="ZTestAll.exe.bugreport.ZTestCompCoreBugReport.Test000004" executed="True" success="True" time="0,063" result="Pass"/>
    <test-case name="ZTestAll.exe.bugreport.ZTestCompCoreBugReport.Test000004" executed="True" success="True" time="0,029" result="Pass"/>
    <test-case name="ZTestAll.exe.bugreport.ZTestCompCoreBugReport.Test000004" executed="True" success="True" time="0,111" result="Pass"/>
    <test-case name="ZTestAll.exe.bugreport.ZTestCompCoreBugReport.Test832467" executed="True" success="True" time="0,010" result="Pass"/>
    <test-case name="ZTestAll.exe.bugreport.ZTestCompCoreBugReport.Test832467" executed="True" success="True" time="0,125" result="Pass"/>
    <test-case name="ZTestAll.exe.bugreport.ZTestCompCoreBugReport.Test832467" executed="True" success="True" time="0,059" result="Pass"/>
    <test-case name="ZTestAll.exe.bugreport.ZTestCompCoreBugReport.Test832467" executed="True" success="True" time="0,032" result="Pass"/>
    <test-case name="ZTestAll.exe.bugreport.ZTestCompCoreBugReport.Test832467" executed="True" success="True" time="0,143" result="Pass"/>
    <test-case name="ZTestAll.exe.bugreport.ZTestCompCoreBugReport.Test830804" executed="True" success="True" time="0,011" result="Pass"/>
    <test-case name="ZTestAll.exe.bugreport.ZTestCompCoreBugReport.Test830804" executed="True" success="True" time="0,118" result="Pass"/>
    <test-case name="ZTestAll.exe.bugreport.ZTestCompCoreBugReport.Test830804" executed="True" success="True" time="0,113" result="Pass"/>
    <test-case name="ZTestAll.exe.bugreport.ZTestCompCoreBugReport.Test830804" executed="True" success="True" time="0,042" result="Pass"/>
    <test-case name="ZTestAll.exe.bugreport.ZTestCompCoreBugReport.Test830804" executed="True" success="True" time="0,161" result="Pass"/>
    <test-case name="ZTestAll.exe.bugreport.ZTestCompCoreBugReport.Test833197" executed="True" success="True" time="0,011" result="Pass"/>
    <test-case name="ZTestAll.exe.bugreport.ZTestCompCoreBugReport.Test833197" executed="True" success="True" time="0,234" result="Pass"/>
    <test-case name="ZTestAll.exe.bugreport.ZTestCompCoreBugReport.Test833197" executed="True" success="True" time="0,054" result="Pass"/>
    <test-case name="ZTestAll.exe.bugreport.ZTestCompCoreBugReport.Test833197" executed="True" success="True" time="0,038" result="Pass"/>
    <test-case name="ZTestAll.exe.bugreport.ZTestCompCoreBugReport.Test833197" executed="True" success="True" time="0,158" result="Pass"/>
    <test-case name="ZTestAll.exe.bugreport.ZTestCompCoreBugReport.Test834798" executed="True" success="True" time="0,015" result="Pass"/>
    <test-case name="ZTestAll.exe.bugreport.ZTestCompCoreBugReport.Test834798" executed="True" success="True" time="0,122" result="Pass"/>
    <test-case name="ZTestAll.exe.bugreport.ZTestCompCoreBugReport.Test834798" executed="True" success="True" time="0,049" result="Pass"/>
    <test-case name="ZTestAll.exe.bugreport.ZTestCompCoreBugReport.Test834798" executed="True" success="True" time="0,060" result="Pass"/>
    <test-case name="ZTestAll.exe.bugreport.ZTestCompCoreBugReport.Test834798" executed="True" success="True" time="0,152" result="Pass"/>
    <test-case name="ZTestAll.exe.bugreport.ZTestCompCoreBugReport.Test839540" executed="True" success="True" time="0,010" result="Pass"/>
    <test-case name="ZTestAll.exe.bugreport.ZTestCompCoreBugReport.Test839540" executed="True" success="True" time="0,232" result="Pass"/>
    <test-case name="ZTestAll.exe.bugreport.ZTestCompCoreBugReport.Test839540" executed="True" success="True" time="0,053" result="Pass"/>
    <test-case name="ZTestAll.exe.bugreport.ZTestCompCoreBugReport.Test839540" executed="True" success="True" time="0,033" result="Pass"/>
    <test-case name="ZTestAll.exe.bugreport.ZTestCompCoreBugReport.Test839540" executed="True" success="True" time="0,114" result="Pass"/>
    <test-case name="ZTestAll.exe.bugreport.ZTestCompCoreBugReport.Test840218" executed="True" success="True" time="0,010" result="Pass"/>
    <test-case name="ZTestAll.exe.bugreport.ZTestCompCoreBugReport.Test840218" executed="True" success="True" time="0,103" result="Pass"/>
    <test-case name="ZTestAll.exe.bugreport.ZTestCompCoreBugReport.Test840218" executed="True" success="True" time="0,046" result="Pass"/>
    <test-case name="ZTestAll.exe.bugreport.ZTestCompCoreBugReport.Test840218" executed="True" success="True" time="0,033" result="Pass"/>
    <test-case name="ZTestAll.exe.bugreport.ZTestCompCoreBugReport.Test840218" executed="True" success="True" time="0,104" result="Pass"/>
    <test-case name="ZTestAll.exe.bugreport.ZTestCompCoreBugReport.Test842678" executed="True" success="True" time="0,000" result="Pass"/>
    <test-case name="ZTestAll.exe.bugreport.ZTestCompCoreBugReport.Test842678" executed="True" success="True" time="0,000" result="Pass"/>
    <test-case name="ZTestAll.exe.bugreport.ZTestCompCoreBugReport.Test842678" executed="True" success="True" time="0,000" result="Pass"/>
    <test-case name="ZTestAll.exe.bugreport.ZTestCompCoreBugReport.Test842678" executed="True" success="True" time="0,000" result="Pass"/>
    <test-case name="ZTestAll.exe.bugreport.ZTestCompCoreBugReport.Test842678" executed="True" success="True" time="0,000" result="Pass"/>
    <test-case name="ZTestAll.exe.bugreport.ZTestCompCoreBugReport.Test846377" executed="True" success="True" time="0,009" result="Pass"/>
    <test-case name="ZTestAll.exe.bugreport.ZTestCompCoreBugReport.Test846377" executed="True" success="True" time="0,087" result="Pass"/>
    <test-case name="ZTestAll.exe.bugreport.ZTestCompCoreBugReport.Test846377" executed="True" success="True" time="0,052" result="Pass"/>
    <test-case name="ZTestAll.exe.bugreport.ZTestCompCoreBugReport.Test846377" executed="True" success="True" time="0,033" result="Pass"/>
    <test-case name="ZTestAll.exe.bugreport.ZTestCompCoreBugReport.Test846377" executed="True" success="True" time="0,126" result="Pass"/>
    <test-case name="ZTestAll.exe.bugreport.ZTestCompCoreBugReport.Test880459" executed="True" success="True" time="0,000" result="Pass"/>
    <test-case name="ZTestAll.exe.bugreport.ZTestCompCoreBugReport.Test880459" executed="True" success="True" time="0,000" result="Pass"/>
    <test-case name="ZTestAll.exe.bugreport.ZTestCompCoreBugReport.Test880459" executed="True" success="True" time="0,000" result="Pass"/>
    <test-case name="ZTestAll.exe.bugreport.ZTestCompCoreBugReport.Test880459" executed="True" success="True" time="0,000" result="Pass"/>
    <test-case name="ZTestAll.exe.bugreport.ZTestCompCoreBugReport.Test880459" executed="True" success="True" time="0,000" result="Pass"/>
    <test-case name="ZTestAll.exe.bugreport.ZTestCompCoreBugReport.Test000005" executed="True" success="True" time="0,007" result="Pass"/>
    <test-case name="ZTestAll.exe.bugreport.ZTestCompCoreBugReport.Test000005" executed="True" success="True" time="0,352" result="Pass"/>
    <test-case name="ZTestAll.exe.bugreport.ZTestCompCoreBugReport.Test000005" executed="True" success="True" time="0,100" result="Pass"/>
    <test-case name="ZTestAll.exe.bugreport.ZTestCompCoreBugReport.Test000005" executed="True" success="True" time="0,030" result="Pass"/>
    <test-case name="ZTestAll.exe.bugreport.ZTestCompCoreBugReport.Test000005" executed="True" success="True" time="0,123" result="Pass"/>
    <test-case name="ZTestAll.exe.bugreport.ZTestCompCoreBugReport.Test887103" executed="True" success="True" time="0,011" result="Pass"/>
    <test-case name="ZTestAll.exe.bugreport.ZTestCompCoreBugReport.Test887103" executed="True" success="True" time="0,102" result="Pass"/>
    <test-case name="ZTestAll.exe.bugreport.ZTestCompCoreBugReport.Test887103" executed="True" success="True" time="0,047" result="Pass"/>
    <test-case name="ZTestAll.exe.bugreport.ZTestCompCoreBugReport.Test887103" executed="True" success="True" time="0,033" result="Pass"/>
    <test-case name="ZTestAll.exe.bugreport.ZTestCompCoreBugReport.Test887103" executed="True" success="True" time="0,115" result="Pass"/>
    <test-case name="ZTestAll.exe.bugreport.ZTestCompCoreBugReport.Test919401" executed="True" success="True" time="0,010" result="Pass"/>
    <test-case name="ZTestAll.exe.bugreport.ZTestCompCoreBugReport.Test919401" executed="True" success="True" time="0,257" result="Pass"/>
    <test-case name="ZTestAll.exe.bugreport.ZTestCompCoreBugReport.Test919401" executed="True" success="True" time="0,051" result="Pass"/>
    <test-case name="ZTestAll.exe.bugreport.ZTestCompCoreBugReport.Test919401" executed="True" success="True" time="0,033" result="Pass"/>
    <test-case name="ZTestAll.exe.bugreport.ZTestCompCoreBugReport.Test919401" executed="True" success="True" time="0,116" result="Pass"/>
    <test-case name="ZTestAll.exe.bugreport.ZTestCompCoreBugReport.Test926264" executed="True" success="True" time="0,025" result="Pass"/>
    <test-case name="ZTestAll.exe.bugreport.ZTestCompCoreBugReport.Test926264" executed="True" success="True" time="0,087" result="Pass"/>
    <test-case name="ZTestAll.exe.bugreport.ZTestCompCoreBugReport.Test926264" executed="True" success="True" time="0,053" result="Pass"/>
    <test-case name="ZTestAll.exe.bugreport.ZTestCompCoreBugReport.Test926264" executed="True" success="True" time="0,064" result="Pass"/>
    <test-case name="ZTestAll.exe.bugreport.ZTestCompCoreBugReport.Test926264" executed="True" success="True" time="0,091" result="Pass"/>
    <test-case name="ZTestAll.exe.bugreport.ZTestCompCoreBugReport.Test953557" executed="True" success="True" time="0,018" result="Pass"/>
    <test-case name="ZTestAll.exe.bugreport.ZTestCompCoreBugReport.Test953557" executed="True" success="True" time="0,186" result="Pass"/>
    <test-case name="ZTestAll.exe.bugreport.ZTestCompCoreBugReport.Test953557" executed="True" success="True" time="0,393" result="Pass"/>
    <test-case name="ZTestAll.exe.bugreport.ZTestCompCoreBugReport.Test953557" executed="True" success="True" time="0,283" result="Pass"/>
    <test-case name="ZTestAll.exe.bugreport.ZTestCompCoreBugReport.Test953557" executed="True" success="True" time="0,091" result="Pass"/>
    <test-case name="ZTestAll.exe.bugreport.ZTestCompCoreBugReport.Test966267" executed="True" success="True" time="0,027" result="Pass"/>
    <test-case name="ZTestAll.exe.bugreport.ZTestCompCoreBugReport.Test966267" executed="True" success="True" time="0,096" result="Pass"/>
    <test-case name="ZTestAll.exe.bugreport.ZTestCompCoreBugReport.Test966267" executed="True" success="True" time="0,054" result="Pass"/>
    <test-case name="ZTestAll.exe.bugreport.ZTestCompCoreBugReport.Test966267" executed="True" success="True" time="0,116" result="Pass"/>
    <test-case name="ZTestAll.exe.bugreport.ZTestCompCoreBugReport.Test966267" executed="True" success="True" time="0,130" result="Pass"/>
    <test-case name="ZTestAll.exe.bugreport.ZTestCompCoreBugReport.Test985629" executed="True" success="True" time="0,029" result="Pass"/>
    <test-case name="ZTestAll.exe.bugreport.ZTestCompCoreBugReport.Test985629" executed="True" success="True" time="0,156" result="Pass"/>
    <test-case name="ZTestAll.exe.bugreport.ZTestCompCoreBugReport.Test985629" executed="True" success="True" time="0,052" result="Pass"/>
    <test-case name="ZTestAll.exe.bugreport.ZTestCompCoreBugReport.Test985629" executed="True" success="True" time="0,033" result="Pass"/>
    <test-case name="ZTestAll.exe.bugreport.ZTestCompCoreBugReport.Test985629" executed="True" success="True" time="0,140" result="Pass"/>
    <test-case name="ZTestAll.exe.bugreport.ZTestCompCoreBugReport.TestFloatPrecision" executed="True" success="True" time="0,016" result="Pass"/>
    <test-case name="ZTestAll.exe.bugreport.ZTestCompCoreBugReport.TestFloatPrecision" executed="True" success="True" time="0,120" result="Pass"/>
    <test-case name="ZTestAll.exe.bugreport.ZTestCompCoreBugReport.TestFloatPrecision" executed="True" success="True" time="0,049" result="Pass"/>
    <test-case name="ZTestAll.exe.bugreport.ZTestCompCoreBugReport.TestFloatPrecision" executed="True" success="True" time="0,044" result="Pass"/>
    <test-case name="ZTestAll.exe.bugreport.ZTestCompCoreBugReport.TestFloatPrecision" executed="True" success="True" time="0,129" result="Pass"/>
    <test-case name="ZTestAll.exe.bugreport.ZTestCompCoreBugReport.Test995080" executed="True" success="True" time="0,017" result="Pass"/>
    <test-case name="ZTestAll.exe.bugreport.ZTestCompCoreBugReport.Test995080" executed="True" success="True" time="0,492" result="Pass"/>
    <test-case name="ZTestAll.exe.bugreport.ZTestCompCoreBugReport.Test995080" executed="True" success="True" time="0,071" result="Pass"/>
    <test-case name="ZTestAll.exe.bugreport.ZTestCompCoreBugReport.Test995080" executed="True" success="True" time="0,033" result="Pass"/>
    <test-case name="ZTestAll.exe.bugreport.ZTestCompCoreBugReport.Test995080" executed="True" success="True" time="0,130" result="Pass"/>
    <test-case name="ZTestAll.exe.bugreport.ZTestCompCoreBugReport.Test996283" executed="True" success="True" time="0,001" result="Pass"/>
    <test-case name="ZTestAll.exe.bugreport.ZTestCompCoreBugReport.Test996283" executed="True" success="True" time="0,000" result="Pass"/>
    <test-case name="ZTestAll.exe.bugreport.ZTestCompCoreBugReport.Test996283" executed="True" success="True" time="0,000" result="Pass"/>
    <test-case name="ZTestAll.exe.bugreport.ZTestCompCoreBugReport.Test996283" executed="True" success="True" time="0,000" result="Pass"/>
    <test-case name="ZTestAll.exe.bugreport.ZTestCompCoreBugReport.Test996283" executed="True" success="True" time="0,000" result="Pass"/>
    <test-case name="ZTestAll.exe.bugreport.ZTestCompCoreBugReport.Test1004534" executed="True" success="True" time="0,000" result="Pass"/>
    <test-case name="ZTestAll.exe.bugreport.ZTestCompCoreBugReport.Test1004534" executed="True" success="True" time="0,000" result="Pass"/>
    <test-case name="ZTestAll.exe.bugreport.ZTestCompCoreBugReport.Test1004534" executed="True" success="True" time="0,000" result="Pass"/>
    <test-case name="ZTestAll.exe.bugreport.ZTestCompCoreBugReport.Test1004534" executed="True" success="True" time="0,000" result="Pass"/>
    <test-case name="ZTestAll.exe.bugreport.ZTestCompCoreBugReport.Test1004534" executed="True" success="True" time="0,000" result="Pass"/>
    <test-case name="ZTestAll.exe.bugreport.ZTestCompCoreBugReport.Test1012751" executed="True" success="True" time="0,010" result="Pass"/>
    <test-case name="ZTestAll.exe.bugreport.ZTestCompCoreBugReport.Test1012751" executed="True" success="True" time="0,098" result="Pass"/>
    <test-case name="ZTestAll.exe.bugreport.ZTestCompCoreBugReport.Test1012751" executed="True" success="True" time="0,047" result="Pass"/>
    <test-case name="ZTestAll.exe.bugreport.ZTestCompCoreBugReport.Test1012751" executed="True" success="True" time="0,034" result="Pass"/>
    <test-case name="ZTestAll.exe.bugreport.ZTestCompCoreBugReport.Test1012751" executed="True" success="True" time="0,143" result="Pass"/>
    <test-case name="ZTestAll.exe.bugreport.ZTestCompCoreBugReport.Test1022415" executed="True" success="True" time="0,001" result="Pass"/>
    <test-case name="ZTestAll.exe.bugreport.ZTestCompCoreBugReport.Test1022415" executed="True" success="True" time="0,001" result="Pass"/>
    <test-case name="ZTestAll.exe.bugreport.ZTestCompCoreBugReport.Test1022415" executed="True" success="True" time="0,000" result="Pass"/>
    <test-case name="ZTestAll.exe.bugreport.ZTestCompCoreBugReport.Test1022415" executed="True" success="True" time="0,001" result="Pass"/>
    <test-case name="ZTestAll.exe.bugreport.ZTestCompCoreBugReport.Test1022415" executed="True" success="True" time="0,001" result="Pass"/>
    <test-case name="ZTestAll.exe.bugreport.ZTestCompCoreBugReport.Test1049821" executed="True" success="True" time="0,009" result="Pass"/>
    <test-case name="ZTestAll.exe.bugreport.ZTestCompCoreBugReport.Test1049821" executed="True" success="True" time="0,348" result="Pass"/>
    <test-case name="ZTestAll.exe.bugreport.ZTestCompCoreBugReport.Test1049821" executed="True" success="True" time="0,061" result="Pass"/>
    <test-case name="ZTestAll.exe.bugreport.ZTestCompCoreBugReport.Test1049821" executed="True" success="True" time="0,030" result="Pass"/>
    <test-case name="ZTestAll.exe.bugreport.ZTestCompCoreBugReport.Test1049821" executed="True" success="True" time="0,134" result="Pass"/>
    <test-case name="ZTestAll.exe.bugreport.ZTestCompCoreBugReport.Test1045500" executed="True" success="True" time="0,022" result="Pass"/>
    <test-case name="ZTestAll.exe.bugreport.ZTestCompCoreBugReport.Test1045500" executed="True" success="True" time="0,078" result="Pass"/>
    <test-case name="ZTestAll.exe.bugreport.ZTestCompCoreBugReport.Test1045500" executed="True" success="True" time="0,042" result="Pass"/>
    <test-case name="ZTestAll.exe.bugreport.ZTestCompCoreBugReport.Test1045500" executed="True" success="True" time="0,029" result="Pass"/>
    <test-case name="ZTestAll.exe.bugreport.ZTestCompCoreBugReport.Test1045500" executed="True" success="True" time="0,142" result="Pass"/>
    <test-case name="ZTestAll.exe.bugreport.ZTestCompCoreBugReport.Test1036916" executed="True" success="True" time="0,028" result="Pass"/>
    <test-case name="ZTestAll.exe.bugreport.ZTestCompCoreBugReport.Test1036916" executed="True" success="True" time="0,501" result="Pass"/>
    <test-case name="ZTestAll.exe.bugreport.ZTestCompCoreBugReport.Test1036916" executed="True" success="True" time="0,144" result="Pass"/>
    <test-case name="ZTestAll.exe.bugreport.ZTestCompCoreBugReport.Test1036916" executed="True" success="True" time="0,040" result="Pass"/>
    <test-case name="ZTestAll.exe.bugreport.ZTestCompCoreBugReport.Test1036916" executed="True" success="True" time="0,120" result="Pass"/>
    <test-case name="ZTestAll.exe.bugreport.ZTestCompCoreBugReport.Test1004584" executed="True" success="True" time="0,000" result="Pass"/>
    <test-case name="ZTestAll.exe.bugreport.ZTestCompCoreBugReport.Test1004584" executed="True" success="True" time="0,000" result="Pass"/>
    <test-case name="ZTestAll.exe.bugreport.ZTestCompCoreBugReport.Test1004584" executed="True" success="True" time="0,000" result="Pass"/>
    <test-case name="ZTestAll.exe.bugreport.ZTestCompCoreBugReport.Test1004584" executed="True" success="True" time="0,000" result="Pass"/>
    <test-case name="ZTestAll.exe.bugreport.ZTestCompCoreBugReport.Test1004584" executed="True" success="True" time="0,000" result="Pass"/>
    <test-case name="ZTestAll.exe.bugreport.ZTestCompCoreBugReport.TestParamUx" executed="True" success="True" time="0,019" result="Pass"/>
    <test-case name="ZTestAll.exe.bugreport.ZTestCompCoreBugReport.TestParamUx" executed="True" success="True" time="0,144" result="Pass"/>
    <test-case name="ZTestAll.exe.bugreport.ZTestCompCoreBugReport.TestParamUx" executed="True" success="True" time="0,229" result="Pass"/>
    <test-case name="ZTestAll.exe.bugreport.ZTestCompCoreBugReport.TestParamUx" executed="True" success="True" time="0,046" result="Pass"/>
    <test-case name="ZTestAll.exe.bugreport.ZTestCompCoreBugReport.TestParamUx" executed="True" success="True" time="0,126" result="Pass"/>
  </results>
</test-suite>
<test-suite name="bugreport.ZTestCompCoreBugReportMBCs" total="2" not-run="0">
  <results>
    <test-case name="ZTestAll.exe.bugreport.ZTestCompCoreBugReportMBCs.TestUnicodeBehavior" executed="True" success="False" time="0,007" result="Failure">
      <failure>
        <message><![CDATA[Exception: [ETestFailure] freetds-mssql2012/FreeTDS_MsSQL>=2005: Param().LoadFromStream(StringStream, ftMemo): DBError : [2402] : Error converting characters into server's character set. Some character(s) could not be converted
DBError : [2403] : Some character(s) could not be converted into client's character set.  Unconverted bytes were changed to question marks ('?')
DBError : [20018] : General SQL Server error: Check messages from the SQL Server
DBError : [2403] : Some character(s) could not be converted into client's character set.  Unconverted bytes were changed to question marks ('?')
DBError : [20018] : General SQL Server error: Check messages from the SQL Server
Unclosed quotation mark after the character string '? ?'.
Incorrect syntax near '? ?'.
At: n/a]]></message>
        <stack-trace><![CDATA[]]></stack-trace>
      </failure>
    </test-case>
    <test-case name="ZTestAll.exe.bugreport.ZTestCompCoreBugReportMBCs.TestUnicodeBehavior" executed="True" success="True" time="0,157" result="Pass"/>
    <test-case name="ZTestAll.exe.bugreport.ZTestCompCoreBugReportMBCs.TestUnicodeBehavior" executed="True" success="True" time="0,050" result="Pass"/>
    <test-case name="ZTestAll.exe.bugreport.ZTestCompCoreBugReportMBCs.TestUnicodeBehavior" executed="True" success="True" time="0,036" result="Pass"/>
    <test-case name="ZTestAll.exe.bugreport.ZTestCompCoreBugReportMBCs.TestUnicodeBehavior" executed="True" success="True" time="0,139" result="Pass"/>
    <test-case name="ZTestAll.exe.bugreport.ZTestCompCoreBugReportMBCs.TestNonAsciiChars" executed="True" success="True" time="0,071" result="Pass"/>
    <test-case name="ZTestAll.exe.bugreport.ZTestCompCoreBugReportMBCs.TestNonAsciiChars" executed="True" success="True" time="0,145" result="Pass"/>
    <test-case name="ZTestAll.exe.bugreport.ZTestCompCoreBugReportMBCs.TestNonAsciiChars" executed="True" success="True" time="0,363" result="Pass"/>
    <test-case name="ZTestAll.exe.bugreport.ZTestCompCoreBugReportMBCs.TestNonAsciiChars" executed="True" success="True" time="0,081" result="Pass"/>
    <test-case name="ZTestAll.exe.bugreport.ZTestCompCoreBugReportMBCs.TestNonAsciiChars" executed="True" success="True" time="0,147" result="Pass"/>
  </results>
</test-suite>
  </results>
</test-suite>
<test-suite name="performance" total="33" not-run="0">
  <results>
<test-suite name="performance.TZNativeDbcPerformanceTestCase" total="11" not-run="0">
  <results>
    <test-case name="ZTestAll.exe.performance.TZNativeDbcPerformanceTestCase.TestConnect" executed="True" success="True" time="0,056" result="Pass"/>
    <test-case name="ZTestAll.exe.performance.TZNativeDbcPerformanceTestCase.TestConnect" executed="True" success="True" time="0,120" result="Pass"/>
    <test-case name="ZTestAll.exe.performance.TZNativeDbcPerformanceTestCase.TestConnect" executed="True" success="True" time="0,054" result="Pass"/>
    <test-case name="ZTestAll.exe.performance.TZNativeDbcPerformanceTestCase.TestConnect" executed="True" success="True" time="0,069" result="Pass"/>
    <test-case name="ZTestAll.exe.performance.TZNativeDbcPerformanceTestCase.TestConnect" executed="True" success="True" time="0,114" result="Pass"/>
    <test-case name="ZTestAll.exe.performance.TZNativeDbcPerformanceTestCase.TestInsert" executed="True" success="True" time="0,000" result="Pass"/>
    <test-case name="ZTestAll.exe.performance.TZNativeDbcPerformanceTestCase.TestInsert" executed="True" success="True" time="0,000" result="Pass"/>
    <test-case name="ZTestAll.exe.performance.TZNativeDbcPerformanceTestCase.TestInsert" executed="True" success="True" time="0,000" result="Pass"/>
    <test-case name="ZTestAll.exe.performance.TZNativeDbcPerformanceTestCase.TestInsert" executed="True" success="True" time="0,000" result="Pass"/>
    <test-case name="ZTestAll.exe.performance.TZNativeDbcPerformanceTestCase.TestInsert" executed="True" success="True" time="0,000" result="Pass"/>
    <test-case name="ZTestAll.exe.performance.TZNativeDbcPerformanceTestCase.TestUpdate" executed="True" success="True" time="0,000" result="Pass"/>
    <test-case name="ZTestAll.exe.performance.TZNativeDbcPerformanceTestCase.TestUpdate" executed="True" success="True" time="0,000" result="Pass"/>
    <test-case name="ZTestAll.exe.performance.TZNativeDbcPerformanceTestCase.TestUpdate" executed="True" success="True" time="0,000" result="Pass"/>
    <test-case name="ZTestAll.exe.performance.TZNativeDbcPerformanceTestCase.TestUpdate" executed="True" success="True" time="0,000" result="Pass"/>
    <test-case name="ZTestAll.exe.performance.TZNativeDbcPerformanceTestCase.TestUpdate" executed="True" success="True" time="0,000" result="Pass"/>
    <test-case name="ZTestAll.exe.performance.TZNativeDbcPerformanceTestCase.TestFetch" executed="True" success="True" time="0,000" result="Pass"/>
    <test-case name="ZTestAll.exe.performance.TZNativeDbcPerformanceTestCase.TestFetch" executed="True" success="True" time="0,000" result="Pass"/>
    <test-case name="ZTestAll.exe.performance.TZNativeDbcPerformanceTestCase.TestFetch" executed="True" success="True" time="0,000" result="Pass"/>
    <test-case name="ZTestAll.exe.performance.TZNativeDbcPerformanceTestCase.TestFetch" executed="True" success="True" time="0,000" result="Pass"/>
    <test-case name="ZTestAll.exe.performance.TZNativeDbcPerformanceTestCase.TestFetch" executed="True" success="True" time="0,000" result="Pass"/>
    <test-case name="ZTestAll.exe.performance.TZNativeDbcPerformanceTestCase.TestOpen" executed="True" success="True" time="0,000" result="Pass"/>
    <test-case name="ZTestAll.exe.performance.TZNativeDbcPerformanceTestCase.TestOpen" executed="True" success="True" time="0,000" result="Pass"/>
    <test-case name="ZTestAll.exe.performance.TZNativeDbcPerformanceTestCase.TestOpen" executed="True" success="True" time="0,000" result="Pass"/>
    <test-case name="ZTestAll.exe.performance.TZNativeDbcPerformanceTestCase.TestOpen" executed="True" success="True" time="0,000" result="Pass"/>
    <test-case name="ZTestAll.exe.performance.TZNativeDbcPerformanceTestCase.TestOpen" executed="True" success="True" time="0,000" result="Pass"/>
    <test-case name="ZTestAll.exe.performance.TZNativeDbcPerformanceTestCase.TestSort" executed="True" success="True" time="0,000" result="Pass"/>
    <test-case name="ZTestAll.exe.performance.TZNativeDbcPerformanceTestCase.TestSort" executed="True" success="True" time="0,000" result="Pass"/>
    <test-case name="ZTestAll.exe.performance.TZNativeDbcPerformanceTestCase.TestSort" executed="True" success="True" time="0,000" result="Pass"/>
    <test-case name="ZTestAll.exe.performance.TZNativeDbcPerformanceTestCase.TestSort" executed="True" success="True" time="0,000" result="Pass"/>
    <test-case name="ZTestAll.exe.performance.TZNativeDbcPerformanceTestCase.TestSort" executed="True" success="True" time="0,000" result="Pass"/>
    <test-case name="ZTestAll.exe.performance.TZNativeDbcPerformanceTestCase.TestFilter" executed="True" success="True" time="0,000" result="Pass"/>
    <test-case name="ZTestAll.exe.performance.TZNativeDbcPerformanceTestCase.TestFilter" executed="True" success="True" time="0,000" result="Pass"/>
    <test-case name="ZTestAll.exe.performance.TZNativeDbcPerformanceTestCase.TestFilter" executed="True" success="True" time="0,000" result="Pass"/>
    <test-case name="ZTestAll.exe.performance.TZNativeDbcPerformanceTestCase.TestFilter" executed="True" success="True" time="0,000" result="Pass"/>
    <test-case name="ZTestAll.exe.performance.TZNativeDbcPerformanceTestCase.TestFilter" executed="True" success="True" time="0,000" result="Pass"/>
    <test-case name="ZTestAll.exe.performance.TZNativeDbcPerformanceTestCase.TestLocate" executed="True" success="True" time="0,000" result="Pass"/>
    <test-case name="ZTestAll.exe.performance.TZNativeDbcPerformanceTestCase.TestLocate" executed="True" success="True" time="0,000" result="Pass"/>
    <test-case name="ZTestAll.exe.performance.TZNativeDbcPerformanceTestCase.TestLocate" executed="True" success="True" time="0,000" result="Pass"/>
    <test-case name="ZTestAll.exe.performance.TZNativeDbcPerformanceTestCase.TestLocate" executed="True" success="True" time="0,000" result="Pass"/>
    <test-case name="ZTestAll.exe.performance.TZNativeDbcPerformanceTestCase.TestLocate" executed="True" success="True" time="0,000" result="Pass"/>
    <test-case name="ZTestAll.exe.performance.TZNativeDbcPerformanceTestCase.TestLookup" executed="True" success="True" time="0,000" result="Pass"/>
    <test-case name="ZTestAll.exe.performance.TZNativeDbcPerformanceTestCase.TestLookup" executed="True" success="True" time="0,000" result="Pass"/>
    <test-case name="ZTestAll.exe.performance.TZNativeDbcPerformanceTestCase.TestLookup" executed="True" success="True" time="0,000" result="Pass"/>
    <test-case name="ZTestAll.exe.performance.TZNativeDbcPerformanceTestCase.TestLookup" executed="True" success="True" time="0,000" result="Pass"/>
    <test-case name="ZTestAll.exe.performance.TZNativeDbcPerformanceTestCase.TestLookup" executed="True" success="True" time="0,000" result="Pass"/>
    <test-case name="ZTestAll.exe.performance.TZNativeDbcPerformanceTestCase.TestDelete" executed="True" success="True" time="0,000" result="Pass"/>
    <test-case name="ZTestAll.exe.performance.TZNativeDbcPerformanceTestCase.TestDelete" executed="True" success="True" time="0,000" result="Pass"/>
    <test-case name="ZTestAll.exe.performance.TZNativeDbcPerformanceTestCase.TestDelete" executed="True" success="True" time="0,000" result="Pass"/>
    <test-case name="ZTestAll.exe.performance.TZNativeDbcPerformanceTestCase.TestDelete" executed="True" success="True" time="0,000" result="Pass"/>
    <test-case name="ZTestAll.exe.performance.TZNativeDbcPerformanceTestCase.TestDelete" executed="True" success="True" time="0,000" result="Pass"/>
    <test-case name="ZTestAll.exe.performance.TZNativeDbcPerformanceTestCase.TestDirectUpdate" executed="True" success="True" time="0,000" result="Pass"/>
    <test-case name="ZTestAll.exe.performance.TZNativeDbcPerformanceTestCase.TestDirectUpdate" executed="True" success="True" time="0,000" result="Pass"/>
    <test-case name="ZTestAll.exe.performance.TZNativeDbcPerformanceTestCase.TestDirectUpdate" executed="True" success="True" time="0,000" result="Pass"/>
    <test-case name="ZTestAll.exe.performance.TZNativeDbcPerformanceTestCase.TestDirectUpdate" executed="True" success="True" time="0,000" result="Pass"/>
    <test-case name="ZTestAll.exe.performance.TZNativeDbcPerformanceTestCase.TestDirectUpdate" executed="True" success="True" time="0,000" result="Pass"/>
  </results>
</test-suite>
<test-suite name="performance.TZCachedDbcPerformanceTestCase" total="11" not-run="0">
  <results>
    <test-case name="ZTestAll.exe.performance.TZCachedDbcPerformanceTestCase.TestConnect" executed="True" success="True" time="0,000" result="Pass"/>
    <test-case name="ZTestAll.exe.performance.TZCachedDbcPerformanceTestCase.TestConnect" executed="True" success="True" time="0,000" result="Pass"/>
    <test-case name="ZTestAll.exe.performance.TZCachedDbcPerformanceTestCase.TestConnect" executed="True" success="True" time="0,000" result="Pass"/>
    <test-case name="ZTestAll.exe.performance.TZCachedDbcPerformanceTestCase.TestConnect" executed="True" success="True" time="0,000" result="Pass"/>
    <test-case name="ZTestAll.exe.performance.TZCachedDbcPerformanceTestCase.TestConnect" executed="True" success="True" time="0,000" result="Pass"/>
    <test-case name="ZTestAll.exe.performance.TZCachedDbcPerformanceTestCase.TestInsert" executed="True" success="True" time="0,000" result="Pass"/>
    <test-case name="ZTestAll.exe.performance.TZCachedDbcPerformanceTestCase.TestInsert" executed="True" success="True" time="0,000" result="Pass"/>
    <test-case name="ZTestAll.exe.performance.TZCachedDbcPerformanceTestCase.TestInsert" executed="True" success="True" time="0,000" result="Pass"/>
    <test-case name="ZTestAll.exe.performance.TZCachedDbcPerformanceTestCase.TestInsert" executed="True" success="True" time="0,000" result="Pass"/>
    <test-case name="ZTestAll.exe.performance.TZCachedDbcPerformanceTestCase.TestInsert" executed="True" success="True" time="0,000" result="Pass"/>
    <test-case name="ZTestAll.exe.performance.TZCachedDbcPerformanceTestCase.TestUpdate" executed="True" success="True" time="0,000" result="Pass"/>
    <test-case name="ZTestAll.exe.performance.TZCachedDbcPerformanceTestCase.TestUpdate" executed="True" success="True" time="0,000" result="Pass"/>
    <test-case name="ZTestAll.exe.performance.TZCachedDbcPerformanceTestCase.TestUpdate" executed="True" success="True" time="0,000" result="Pass"/>
    <test-case name="ZTestAll.exe.performance.TZCachedDbcPerformanceTestCase.TestUpdate" executed="True" success="True" time="0,000" result="Pass"/>
    <test-case name="ZTestAll.exe.performance.TZCachedDbcPerformanceTestCase.TestUpdate" executed="True" success="True" time="0,000" result="Pass"/>
    <test-case name="ZTestAll.exe.performance.TZCachedDbcPerformanceTestCase.TestFetch" executed="True" success="True" time="0,000" result="Pass"/>
    <test-case name="ZTestAll.exe.performance.TZCachedDbcPerformanceTestCase.TestFetch" executed="True" success="True" time="0,000" result="Pass"/>
    <test-case name="ZTestAll.exe.performance.TZCachedDbcPerformanceTestCase.TestFetch" executed="True" success="True" time="0,000" result="Pass"/>
    <test-case name="ZTestAll.exe.performance.TZCachedDbcPerformanceTestCase.TestFetch" executed="True" success="True" time="0,000" result="Pass"/>
    <test-case name="ZTestAll.exe.performance.TZCachedDbcPerformanceTestCase.TestFetch" executed="True" success="True" time="0,000" result="Pass"/>
    <test-case name="ZTestAll.exe.performance.TZCachedDbcPerformanceTestCase.TestOpen" executed="True" success="True" time="0,000" result="Pass"/>
    <test-case name="ZTestAll.exe.performance.TZCachedDbcPerformanceTestCase.TestOpen" executed="True" success="True" time="0,000" result="Pass"/>
    <test-case name="ZTestAll.exe.performance.TZCachedDbcPerformanceTestCase.TestOpen" executed="True" success="True" time="0,000" result="Pass"/>
    <test-case name="ZTestAll.exe.performance.TZCachedDbcPerformanceTestCase.TestOpen" executed="True" success="True" time="0,000" result="Pass"/>
    <test-case name="ZTestAll.exe.performance.TZCachedDbcPerformanceTestCase.TestOpen" executed="True" success="True" time="0,000" result="Pass"/>
    <test-case name="ZTestAll.exe.performance.TZCachedDbcPerformanceTestCase.TestSort" executed="True" success="True" time="0,000" result="Pass"/>
    <test-case name="ZTestAll.exe.performance.TZCachedDbcPerformanceTestCase.TestSort" executed="True" success="True" time="0,000" result="Pass"/>
    <test-case name="ZTestAll.exe.performance.TZCachedDbcPerformanceTestCase.TestSort" executed="True" success="True" time="0,000" result="Pass"/>
    <test-case name="ZTestAll.exe.performance.TZCachedDbcPerformanceTestCase.TestSort" executed="True" success="True" time="0,000" result="Pass"/>
    <test-case name="ZTestAll.exe.performance.TZCachedDbcPerformanceTestCase.TestSort" executed="True" success="True" time="0,000" result="Pass"/>
    <test-case name="ZTestAll.exe.performance.TZCachedDbcPerformanceTestCase.TestFilter" executed="True" success="True" time="0,000" result="Pass"/>
    <test-case name="ZTestAll.exe.performance.TZCachedDbcPerformanceTestCase.TestFilter" executed="True" success="True" time="0,000" result="Pass"/>
    <test-case name="ZTestAll.exe.performance.TZCachedDbcPerformanceTestCase.TestFilter" executed="True" success="True" time="0,000" result="Pass"/>
    <test-case name="ZTestAll.exe.performance.TZCachedDbcPerformanceTestCase.TestFilter" executed="True" success="True" time="0,000" result="Pass"/>
    <test-case name="ZTestAll.exe.performance.TZCachedDbcPerformanceTestCase.TestFilter" executed="True" success="True" time="0,000" result="Pass"/>
    <test-case name="ZTestAll.exe.performance.TZCachedDbcPerformanceTestCase.TestLocate" executed="True" success="True" time="0,000" result="Pass"/>
    <test-case name="ZTestAll.exe.performance.TZCachedDbcPerformanceTestCase.TestLocate" executed="True" success="True" time="0,000" result="Pass"/>
    <test-case name="ZTestAll.exe.performance.TZCachedDbcPerformanceTestCase.TestLocate" executed="True" success="True" time="0,000" result="Pass"/>
    <test-case name="ZTestAll.exe.performance.TZCachedDbcPerformanceTestCase.TestLocate" executed="True" success="True" time="0,000" result="Pass"/>
    <test-case name="ZTestAll.exe.performance.TZCachedDbcPerformanceTestCase.TestLocate" executed="True" success="True" time="0,000" result="Pass"/>
    <test-case name="ZTestAll.exe.performance.TZCachedDbcPerformanceTestCase.TestLookup" executed="True" success="True" time="0,000" result="Pass"/>
    <test-case name="ZTestAll.exe.performance.TZCachedDbcPerformanceTestCase.TestLookup" executed="True" success="True" time="0,000" result="Pass"/>
    <test-case name="ZTestAll.exe.performance.TZCachedDbcPerformanceTestCase.TestLookup" executed="True" success="True" time="0,000" result="Pass"/>
    <test-case name="ZTestAll.exe.performance.TZCachedDbcPerformanceTestCase.TestLookup" executed="True" success="True" time="0,000" result="Pass"/>
    <test-case name="ZTestAll.exe.performance.TZCachedDbcPerformanceTestCase.TestLookup" executed="True" success="True" time="0,000" result="Pass"/>
    <test-case name="ZTestAll.exe.performance.TZCachedDbcPerformanceTestCase.TestDelete" executed="True" success="True" time="0,000" result="Pass"/>
    <test-case name="ZTestAll.exe.performance.TZCachedDbcPerformanceTestCase.TestDelete" executed="True" success="True" time="0,000" result="Pass"/>
    <test-case name="ZTestAll.exe.performance.TZCachedDbcPerformanceTestCase.TestDelete" executed="True" success="True" time="0,000" result="Pass"/>
    <test-case name="ZTestAll.exe.performance.TZCachedDbcPerformanceTestCase.TestDelete" executed="True" success="True" time="0,000" result="Pass"/>
    <test-case name="ZTestAll.exe.performance.TZCachedDbcPerformanceTestCase.TestDelete" executed="True" success="True" time="0,000" result="Pass"/>
    <test-case name="ZTestAll.exe.performance.TZCachedDbcPerformanceTestCase.TestDirectUpdate" executed="True" success="True" time="0,000" result="Pass"/>
    <test-case name="ZTestAll.exe.performance.TZCachedDbcPerformanceTestCase.TestDirectUpdate" executed="True" success="True" time="0,000" result="Pass"/>
    <test-case name="ZTestAll.exe.performance.TZCachedDbcPerformanceTestCase.TestDirectUpdate" executed="True" success="True" time="0,000" result="Pass"/>
    <test-case name="ZTestAll.exe.performance.TZCachedDbcPerformanceTestCase.TestDirectUpdate" executed="True" success="True" time="0,000" result="Pass"/>
    <test-case name="ZTestAll.exe.performance.TZCachedDbcPerformanceTestCase.TestDirectUpdate" executed="True" success="True" time="0,000" result="Pass"/>
  </results>
</test-suite>
<test-suite name="performance.TZDatasetPerformanceTestCase" total="11" not-run="0">
  <results>
    <test-case name="ZTestAll.exe.performance.TZDatasetPerformanceTestCase.TestConnect" executed="True" success="True" time="0,000" result="Pass"/>
    <test-case name="ZTestAll.exe.performance.TZDatasetPerformanceTestCase.TestConnect" executed="True" success="True" time="0,000" result="Pass"/>
    <test-case name="ZTestAll.exe.performance.TZDatasetPerformanceTestCase.TestConnect" executed="True" success="True" time="0,000" result="Pass"/>
    <test-case name="ZTestAll.exe.performance.TZDatasetPerformanceTestCase.TestConnect" executed="True" success="True" time="0,000" result="Pass"/>
    <test-case name="ZTestAll.exe.performance.TZDatasetPerformanceTestCase.TestConnect" executed="True" success="True" time="0,000" result="Pass"/>
    <test-case name="ZTestAll.exe.performance.TZDatasetPerformanceTestCase.TestInsert" executed="True" success="True" time="0,000" result="Pass"/>
    <test-case name="ZTestAll.exe.performance.TZDatasetPerformanceTestCase.TestInsert" executed="True" success="True" time="0,000" result="Pass"/>
    <test-case name="ZTestAll.exe.performance.TZDatasetPerformanceTestCase.TestInsert" executed="True" success="True" time="0,000" result="Pass"/>
    <test-case name="ZTestAll.exe.performance.TZDatasetPerformanceTestCase.TestInsert" executed="True" success="True" time="0,000" result="Pass"/>
    <test-case name="ZTestAll.exe.performance.TZDatasetPerformanceTestCase.TestInsert" executed="True" success="True" time="0,000" result="Pass"/>
    <test-case name="ZTestAll.exe.performance.TZDatasetPerformanceTestCase.TestUpdate" executed="True" success="True" time="0,000" result="Pass"/>
    <test-case name="ZTestAll.exe.performance.TZDatasetPerformanceTestCase.TestUpdate" executed="True" success="True" time="0,000" result="Pass"/>
    <test-case name="ZTestAll.exe.performance.TZDatasetPerformanceTestCase.TestUpdate" executed="True" success="True" time="0,000" result="Pass"/>
    <test-case name="ZTestAll.exe.performance.TZDatasetPerformanceTestCase.TestUpdate" executed="True" success="True" time="0,000" result="Pass"/>
    <test-case name="ZTestAll.exe.performance.TZDatasetPerformanceTestCase.TestUpdate" executed="True" success="True" time="0,000" result="Pass"/>
    <test-case name="ZTestAll.exe.performance.TZDatasetPerformanceTestCase.TestFetch" executed="True" success="True" time="0,000" result="Pass"/>
    <test-case name="ZTestAll.exe.performance.TZDatasetPerformanceTestCase.TestFetch" executed="True" success="True" time="0,000" result="Pass"/>
    <test-case name="ZTestAll.exe.performance.TZDatasetPerformanceTestCase.TestFetch" executed="True" success="True" time="0,000" result="Pass"/>
    <test-case name="ZTestAll.exe.performance.TZDatasetPerformanceTestCase.TestFetch" executed="True" success="True" time="0,000" result="Pass"/>
    <test-case name="ZTestAll.exe.performance.TZDatasetPerformanceTestCase.TestFetch" executed="True" success="True" time="0,000" result="Pass"/>
    <test-case name="ZTestAll.exe.performance.TZDatasetPerformanceTestCase.TestOpen" executed="True" success="True" time="0,000" result="Pass"/>
    <test-case name="ZTestAll.exe.performance.TZDatasetPerformanceTestCase.TestOpen" executed="True" success="True" time="0,000" result="Pass"/>
    <test-case name="ZTestAll.exe.performance.TZDatasetPerformanceTestCase.TestOpen" executed="True" success="True" time="0,000" result="Pass"/>
    <test-case name="ZTestAll.exe.performance.TZDatasetPerformanceTestCase.TestOpen" executed="True" success="True" time="0,000" result="Pass"/>
    <test-case name="ZTestAll.exe.performance.TZDatasetPerformanceTestCase.TestOpen" executed="True" success="True" time="0,000" result="Pass"/>
    <test-case name="ZTestAll.exe.performance.TZDatasetPerformanceTestCase.TestSort" executed="True" success="True" time="0,000" result="Pass"/>
    <test-case name="ZTestAll.exe.performance.TZDatasetPerformanceTestCase.TestSort" executed="True" success="True" time="0,000" result="Pass"/>
    <test-case name="ZTestAll.exe.performance.TZDatasetPerformanceTestCase.TestSort" executed="True" success="True" time="0,000" result="Pass"/>
    <test-case name="ZTestAll.exe.performance.TZDatasetPerformanceTestCase.TestSort" executed="True" success="True" time="0,000" result="Pass"/>
    <test-case name="ZTestAll.exe.performance.TZDatasetPerformanceTestCase.TestSort" executed="True" success="True" time="0,000" result="Pass"/>
    <test-case name="ZTestAll.exe.performance.TZDatasetPerformanceTestCase.TestFilter" executed="True" success="True" time="0,000" result="Pass"/>
    <test-case name="ZTestAll.exe.performance.TZDatasetPerformanceTestCase.TestFilter" executed="True" success="True" time="0,000" result="Pass"/>
    <test-case name="ZTestAll.exe.performance.TZDatasetPerformanceTestCase.TestFilter" executed="True" success="True" time="0,000" result="Pass"/>
    <test-case name="ZTestAll.exe.performance.TZDatasetPerformanceTestCase.TestFilter" executed="True" success="True" time="0,000" result="Pass"/>
    <test-case name="ZTestAll.exe.performance.TZDatasetPerformanceTestCase.TestFilter" executed="True" success="True" time="0,000" result="Pass"/>
    <test-case name="ZTestAll.exe.performance.TZDatasetPerformanceTestCase.TestLocate" executed="True" success="True" time="0,000" result="Pass"/>
    <test-case name="ZTestAll.exe.performance.TZDatasetPerformanceTestCase.TestLocate" executed="True" success="True" time="0,000" result="Pass"/>
    <test-case name="ZTestAll.exe.performance.TZDatasetPerformanceTestCase.TestLocate" executed="True" success="True" time="0,000" result="Pass"/>
    <test-case name="ZTestAll.exe.performance.TZDatasetPerformanceTestCase.TestLocate" executed="True" success="True" time="0,000" result="Pass"/>
    <test-case name="ZTestAll.exe.performance.TZDatasetPerformanceTestCase.TestLocate" executed="True" success="True" time="0,000" result="Pass"/>
    <test-case name="ZTestAll.exe.performance.TZDatasetPerformanceTestCase.TestLookup" executed="True" success="True" time="0,000" result="Pass"/>
    <test-case name="ZTestAll.exe.performance.TZDatasetPerformanceTestCase.TestLookup" executed="True" success="True" time="0,000" result="Pass"/>
    <test-case name="ZTestAll.exe.performance.TZDatasetPerformanceTestCase.TestLookup" executed="True" success="True" time="0,000" result="Pass"/>
    <test-case name="ZTestAll.exe.performance.TZDatasetPerformanceTestCase.TestLookup" executed="True" success="True" time="0,000" result="Pass"/>
    <test-case name="ZTestAll.exe.performance.TZDatasetPerformanceTestCase.TestLookup" executed="True" success="True" time="0,000" result="Pass"/>
    <test-case name="ZTestAll.exe.performance.TZDatasetPerformanceTestCase.TestDelete" executed="True" success="True" time="0,000" result="Pass"/>
    <test-case name="ZTestAll.exe.performance.TZDatasetPerformanceTestCase.TestDelete" executed="True" success="True" time="0,000" result="Pass"/>
    <test-case name="ZTestAll.exe.performance.TZDatasetPerformanceTestCase.TestDelete" executed="True" success="True" time="0,000" result="Pass"/>
    <test-case name="ZTestAll.exe.performance.TZDatasetPerformanceTestCase.TestDelete" executed="True" success="True" time="0,000" result="Pass"/>
    <test-case name="ZTestAll.exe.performance.TZDatasetPerformanceTestCase.TestDelete" executed="True" success="True" time="0,000" result="Pass"/>
    <test-case name="ZTestAll.exe.performance.TZDatasetPerformanceTestCase.TestDirectUpdate" executed="True" success="True" time="0,000" result="Pass"/>
    <test-case name="ZTestAll.exe.performance.TZDatasetPerformanceTestCase.TestDirectUpdate" executed="True" success="True" time="0,000" result="Pass"/>
    <test-case name="ZTestAll.exe.performance.TZDatasetPerformanceTestCase.TestDirectUpdate" executed="True" success="True" time="0,000" result="Pass"/>
    <test-case name="ZTestAll.exe.performance.TZDatasetPerformanceTestCase.TestDirectUpdate" executed="True" success="True" time="0,000" result="Pass"/>
    <test-case name="ZTestAll.exe.performance.TZDatasetPerformanceTestCase.TestDirectUpdate" executed="True" success="True" time="0,000" result="Pass"/>
  </results>
</test-suite>
  </results>
</test-suite>
<statistics>
<stat name="tests" value="1275" />
<stat name="failures" value="8" />
<stat name="errors" value="11" />
<stat name="success-rate" value="98%" />
<stat name="started-at" value="21.01.2018 16:30:27" />
<stat name="finished-at" value="21.01.2018 16:32:18" />
<stat name="runtime" value="110,153"/>
</statistics>
</test-results>
